Log file open, 09/21/18 11:20:24
LogWindows: Failed to load 'aqProf.dll' (GetLastError=126)
LogWindows: File 'aqProf.dll' does not exist
LogWindows: Failed to load 'VtuneApi.dll' (GetLastError=126)
LogWindows: File 'VtuneApi.dll' does not exist
LogWindows: Failed to load 'VtuneApi32e.dll' (GetLastError=126)
LogWindows: File 'VtuneApi32e.dll' does not exist
LogInit: Display: Running engine for game: WrittenInStone
LogPlatformFile: Not using cached read wrapper
LogInit: Display: RandInit(1474895479) SRandInit(1474895479).
LogInit: Read version file with build ID '3944462'
LogInit: Overriding engine version to CL 4033788, compatible CL 3944462
LogInit: Registered custom module enumerator with build ID '3944462'
LogTaskGraph: Started task graph with 5 named threads and 23 total threads with 3 sets of task threads.
LogStats: Stats thread started at 0.289694
LogD3D11RHI: Aftermath initialized
LogICUInternationalization: Display: ICU TimeZone Detection - Raw Offset: -8:00, Platform Override: ''
LogModuleManager: Display: Found up-to-date module file ../../../Engine/Plugins/2D/Paper2D/Binaries/Win64/UE4Editor-Paper2D.dll (API version 3944462).
LogModuleManager: Display: Found up-to-date module file ../../../Engine/Plugins/2D/Paper2D/Binaries/Win64/UE4Editor-Paper2DEditor.dll (API version 3944462).
LogModuleManager: Display: Found up-to-date module file ../../../Engine/Plugins/2D/Paper2D/Binaries/Win64/UE4Editor-PaperSpriteSheetImporter.dll (API version 3944462).
LogModuleManager: Display: Found up-to-date module file ../../../Engine/Plugins/2D/Paper2D/Binaries/Win64/UE4Editor-PaperTiledImporter.dll (API version 3944462).
LogModuleManager: Display: Found up-to-date module file ../../../Engine/Plugins/2D/Paper2D/Binaries/Win64/UE4Editor-SmartSnapping.dll (API version 3944462).
LogModuleManager: Display: Found up-to-date module file ../../../Engine/Plugins/Blendables/LightPropagationVolume/Binaries/Win64/UE4Editor-LightPropagationVolumeRuntime.dll (API version 3944462).
LogModuleManager: Display: Found up-to-date module file ../../../Engine/Plugins/Blendables/LightPropagationVolume/Binaries/Win64/UE4Editor-LightPropagationVolumeEditor.dll (API version 3944462).
LogModuleManager: Display: Found up-to-date module file ../../../Engine/Plugins/Developer/CLionSourceCodeAccess/Binaries/Win64/UE4Editor-CLionSourceCodeAccess.dll (API version 3944462).
LogModuleManager: Display: Found up-to-date module file ../../../Engine/Plugins/Developer/GitSourceControl/Binaries/Win64/UE4Editor-GitSourceControl.dll (API version 3944462).
LogModuleManager: Display: Found up-to-date module file ../../../Engine/Plugins/Developer/PerforceSourceControl/Binaries/Win64/UE4Editor-PerforceSourceControl.dll (API version 3944462).
LogModuleManager: Display: Found up-to-date module file ../../../Engine/Plugins/Developer/SubversionSourceControl/Binaries/Win64/UE4Editor-SubversionSourceControl.dll (API version 3944462).
LogModuleManager: Display: Found up-to-date module file ../../../Engine/Plugins/Developer/UObjectPlugin/Binaries/Win64/UE4Editor-UObjectPlugin.dll (API version 3944462).
LogModuleManager: Display: Found up-to-date module file ../../../Engine/Plugins/Developer/VisualStudioCodeSourceCodeAccess/Binaries/Win64/UE4Editor-VisualStudioCodeSourceCodeAccess.dll (API version 3944462).
LogModuleManager: Display: Found up-to-date module file ../../../Engine/Plugins/Developer/VisualStudioSourceCodeAccess/Binaries/Win64/UE4Editor-VisualStudioSourceCodeAccess.dll (API version 3944462).
LogModuleManager: Display: Found up-to-date module file ../../../Engine/Plugins/Editor/AssetManagerEditor/Binaries/Win64/UE4Editor-AssetManagerEditor.dll (API version 3944462).
LogModuleManager: Display: Found up-to-date module file ../../../Engine/Plugins/Editor/CryptoKeys/Binaries/Win64/UE4Editor-CryptoKeys.dll (API version 3944462).
LogModuleManager: Display: Found up-to-date module file ../../../Engine/Plugins/Editor/CryptoKeys/Binaries/Win64/UE4Editor-CryptoKeysOpenSSL.dll (API version 3944462).
LogModuleManager: Display: Found up-to-date module file ../../../Engine/Plugins/Editor/DataValidation/Binaries/Win64/UE4Editor-DataValidation.dll (API version 3944462).
LogModuleManager: Display: Found up-to-date module file ../../../Engine/Plugins/Editor/FacialAnimation/Binaries/Win64/UE4Editor-FacialAnimation.dll (API version 3944462).
LogModuleManager: Display: Found up-to-date module file ../../../Engine/Plugins/Editor/FacialAnimation/Binaries/Win64/UE4Editor-FacialAnimationEditor.dll (API version 3944462).
LogModuleManager: Display: Found up-to-date module file ../../../Engine/Plugins/Editor/GameplayTagsEditor/Binaries/Win64/UE4Editor-GameplayTagsEditor.dll (API version 3944462).
LogModuleManager: Display: Found up-to-date module file ../../../Engine/Plugins/Editor/MobileLauncherProfileWizard/Binaries/Win64/UE4Editor-MobileLauncherProfileWizard.dll (API version 3944462).
LogModuleManager: Display: Found up-to-date module file ../../../Engine/Plugins/Editor/PluginBrowser/Binaries/Win64/UE4Editor-PluginBrowser.dll (API version 3944462).
LogModuleManager: Display: Found up-to-date module file ../../../Engine/Plugins/Editor/SpeedTreeImporter/Binaries/Win64/UE4Editor-SpeedTreeImporter.dll (API version 3944462).
LogModuleManager: Display: Found up-to-date module file ../../../Engine/Plugins/Enterprise/DatasmithContent/Binaries/Win64/UE4Editor-DatasmithContent.dll (API version 3944462).
LogModuleManager: Display: Found up-to-date module file ../../../Engine/Plugins/Experimental/AlembicImporter/Binaries/Win64/UE4Editor-AlembicImporter.dll (API version 3944462).
LogModuleManager: Display: Found up-to-date module file ../../../Engine/Plugins/Experimental/AlembicImporter/Binaries/Win64/UE4Editor-AlembicLibrary.dll (API version 3944462).
LogModuleManager: Display: Found up-to-date module file ../../../Engine/Plugins/Experimental/CharacterAI/Binaries/Win64/UE4Editor-CharacterAI.dll (API version 3944462).
LogModuleManager: Display: Found up-to-date module file ../../../Engine/Plugins/Experimental/HTML5Networking/Binaries/Win64/UE4Editor-HTML5Networking.dll (API version 3944462).
LogModuleManager: Display: Found up-to-date module file ../../../Engine/Plugins/Media/AndroidMedia/Binaries/Win64/UE4Editor-AndroidMediaEditor.dll (API version 3944462).
LogModuleManager: Display: Found up-to-date module file ../../../Engine/Plugins/Media/AndroidMedia/Binaries/Win64/UE4Editor-AndroidMediaFactory.dll (API version 3944462).
LogModuleManager: Display: Found up-to-date module file ../../../Engine/Plugins/Media/AvfMedia/Binaries/Win64/UE4Editor-AvfMediaEditor.dll (API version 3944462).
LogModuleManager: Display: Found up-to-date module file ../../../Engine/Plugins/Media/AvfMedia/Binaries/Win64/UE4Editor-AvfMediaFactory.dll (API version 3944462).
LogModuleManager: Display: Found up-to-date module file ../../../Engine/Plugins/Media/AvfMedia/Binaries/Win64/UE4Editor-AvfMediaFactory.dll (API version 3944462).
LogModuleManager: Display: Found up-to-date module file ../../../Engine/Plugins/Media/ImgMedia/Binaries/Win64/UE4Editor-ImgMedia.dll (API version 3944462).
LogModuleManager: Display: Found up-to-date module file ../../../Engine/Plugins/Media/ImgMedia/Binaries/Win64/UE4Editor-ImgMediaEditor.dll (API version 3944462).
LogModuleManager: Display: Found up-to-date module file ../../../Engine/Plugins/Media/ImgMedia/Binaries/Win64/UE4Editor-ImgMediaFactory.dll (API version 3944462).
LogModuleManager: Display: Found up-to-date module file ../../../Engine/Plugins/Media/ImgMedia/Binaries/Win64/UE4Editor-ImgMediaFactory.dll (API version 3944462).
LogModuleManager: Display: Found up-to-date module file ../../../Engine/Plugins/Media/ImgMedia/Binaries/Win64/UE4Editor-OpenExrWrapper.dll (API version 3944462).
LogModuleManager: Display: Found up-to-date module file ../../../Engine/Plugins/Media/LinearTimecode/Binaries/Win64/UE4Editor-LinearTimecode.dll (API version 3944462).
LogModuleManager: Display: Found up-to-date module file ../../../Engine/Plugins/Media/MediaCompositing/Binaries/Win64/UE4Editor-MediaCompositing.dll (API version 3944462).
LogModuleManager: Display: Found up-to-date module file ../../../Engine/Plugins/Media/MediaCompositing/Binaries/Win64/UE4Editor-MediaCompositingEditor.dll (API version 3944462).
LogModuleManager: Display: Found up-to-date module file ../../../Engine/Plugins/Media/MediaPlayerEditor/Binaries/Win64/UE4Editor-MediaPlayerEditor.dll (API version 3944462).
LogModuleManager: Display: Found up-to-date module file ../../../Engine/Plugins/Media/WmfMedia/Binaries/Win64/UE4Editor-WmfMedia.dll (API version 3944462).
LogModuleManager: Display: Found up-to-date module file ../../../Engine/Plugins/Media/WmfMedia/Binaries/Win64/UE4Editor-WmfMediaEditor.dll (API version 3944462).
LogModuleManager: Display: Found up-to-date module file ../../../Engine/Plugins/Media/WmfMedia/Binaries/Win64/UE4Editor-WmfMediaFactory.dll (API version 3944462).
LogModuleManager: Display: Found up-to-date module file ../../../Engine/Plugins/Media/WmfMedia/Binaries/Win64/UE4Editor-WmfMediaFactory.dll (API version 3944462).
LogModuleManager: Display: Found up-to-date module file ../../../Engine/Plugins/Messaging/TcpMessaging/Binaries/Win64/UE4Editor-TcpMessaging.dll (API version 3944462).
LogModuleManager: Display: Found up-to-date module file ../../../Engine/Plugins/Messaging/UdpMessaging/Binaries/Win64/UE4Editor-UdpMessaging.dll (API version 3944462).
LogModuleManager: Display: Found up-to-date module file ../../../Engine/Plugins/MovieScene/ActorSequence/Binaries/Win64/UE4Editor-ActorSequence.dll (API version 3944462).
LogModuleManager: Display: Found up-to-date module file ../../../Engine/Plugins/MovieScene/LevelSequenceEditor/Binaries/Win64/UE4Editor-LevelSequenceEditor.dll (API version 3944462).
LogModuleManager: Display: Found up-to-date module file ../../../Engine/Plugins/MovieScene/MatineeToLevelSequence/Binaries/Win64/UE4Editor-MatineeToLevelSequence.dll (API version 3944462).
LogModuleManager: Display: Found up-to-date module file ../../../Engine/Plugins/NetcodeUnitTest/NetcodeUnitTest/Binaries/Win64/UE4Editor-NetcodeUnitTest.dll (API version 3944462).
LogModuleManager: Display: Found up-to-date module file ../../../Engine/Plugins/NetcodeUnitTest/NUTUnrealEngine4/Binaries/Win64/UE4Editor-NUTUnrealEngine4.dll (API version 3944462).
LogModuleManager: Display: Found up-to-date module file ../../../Engine/Plugins/Online/OnlineSubsystem/Binaries/Win64/UE4Editor-OnlineSubsystem.dll (API version 3944462).
LogModuleManager: Display: Found up-to-date module file ../../../Engine/Plugins/Runtime/AndroidPermission/Binaries/Win64/UE4Editor-AndroidPermission.dll (API version 3944462).
LogModuleManager: Display: Found up-to-date module file ../../../Engine/Plugins/Online/OnlineSubsystemNull/Binaries/Win64/UE4Editor-OnlineSubsystemNull.dll (API version 3944462).
LogModuleManager: Display: Found up-to-date module file ../../../Engine/Plugins/Online/OnlineSubsystemUtils/Binaries/Win64/UE4Editor-OnlineSubsystemUtils.dll (API version 3944462).
LogModuleManager: Display: Found up-to-date module file ../../../Engine/Plugins/Online/OnlineSubsystemUtils/Binaries/Win64/UE4Editor-OnlineBlueprintSupport.dll (API version 3944462).
LogModuleManager: Display: Found up-to-date module file ../../../Engine/Plugins/Runtime/AndroidDeviceProfileSelector/Binaries/Win64/UE4Editor-AndroidDeviceProfileSelector.dll (API version 3944462).
LogModuleManager: Display: Found up-to-date module file ../../../Engine/Plugins/Runtime/AppleARKit/Binaries/Win64/UE4Editor-AppleARKit.dll (API version 3944462).
LogModuleManager: Display: Found up-to-date module file ../../../Engine/Plugins/Runtime/ProceduralMeshComponent/Binaries/Win64/UE4Editor-ProceduralMeshComponent.dll (API version 3944462).
LogModuleManager: Display: Found up-to-date module file ../../../Engine/Plugins/Runtime/ProceduralMeshComponent/Binaries/Win64/UE4Editor-ProceduralMeshComponentEditor.dll (API version 3944462).
LogModuleManager: Display: Found up-to-date module file ../../../Engine/Plugins/Animation/LiveLink/Binaries/Win64/UE4Editor-LiveLink.dll (API version 3944462).
LogModuleManager: Display: Found up-to-date module file ../../../Engine/Plugins/Animation/LiveLink/Binaries/Win64/UE4Editor-LiveLinkEditor.dll (API version 3944462).
LogModuleManager: Display: Found up-to-date module file ../../../Engine/Plugins/Runtime/ArchVisCharacter/Binaries/Win64/UE4Editor-ArchVisCharacter.dll (API version 3944462).
LogModuleManager: Display: Found up-to-date module file ../../../Engine/Plugins/Runtime/AudioCapture/Binaries/Win64/UE4Editor-AudioCapture.dll (API version 3944462).
LogModuleManager: Display: Found up-to-date module file ../../../Engine/Plugins/Runtime/AudioCapture/Binaries/Win64/UE4Editor-AudioCaptureEditor.dll (API version 3944462).
LogModuleManager: Display: Found up-to-date module file ../../../Engine/Plugins/Runtime/CableComponent/Binaries/Win64/UE4Editor-CableComponent.dll (API version 3944462).
LogModuleManager: Display: Found up-to-date module file ../../../Engine/Plugins/Runtime/CustomMeshComponent/Binaries/Win64/UE4Editor-CustomMeshComponent.dll (API version 3944462).
LogModuleManager: Display: Found up-to-date module file ../../../Engine/Plugins/Runtime/ExampleDeviceProfileSelector/Binaries/Win64/UE4Editor-ExampleDeviceProfileSelector.dll (API version 3944462).
LogModuleManager: Display: Found up-to-date module file ../../../Engine/Plugins/Runtime/ImmediatePhysics/Binaries/Win64/UE4Editor-ImmediatePhysics.dll (API version 3944462).
LogModuleManager: Display: Found up-to-date module file ../../../Engine/Plugins/Runtime/ImmediatePhysics/Binaries/Win64/UE4Editor-ImmediatePhysicsEditor.dll (API version 3944462).
LogModuleManager: Display: Found up-to-date module file ../../../Engine/Plugins/Runtime/LocationServicesBPLibrary/Binaries/Win64/UE4Editor-LocationServicesBPLibrary.dll (API version 3944462).
LogModuleManager: Display: Found up-to-date module file ../../../Engine/Plugins/Runtime/MobilePatchingUtils/Binaries/Win64/UE4Editor-MobilePatchingUtils.dll (API version 3944462).
LogModuleManager: Display: Found up-to-date module file ../../../Engine/Plugins/Runtime/Oculus/OculusVR/Binaries/Win64/UE4Editor-OculusHMD.dll (API version 3944462).
LogModuleManager: Display: Found up-to-date module file ../../../Engine/Plugins/Runtime/Oculus/OculusVR/Binaries/Win64/UE4Editor-OculusInput.dll (API version 3944462).
LogModuleManager: Display: Found up-to-date module file ../../../Engine/Plugins/Runtime/Oculus/OculusVR/Binaries/Win64/UE4Editor-OculusEditor.dll (API version 3944462).
LogModuleManager: Display: Found up-to-date module file ../../../Engine/Plugins/Runtime/PhysXVehicles/Binaries/Win64/UE4Editor-PhysXVehicles.dll (API version 3944462).
LogModuleManager: Display: Found up-to-date module file ../../../Engine/Plugins/Runtime/PhysXVehicles/Binaries/Win64/UE4Editor-PhysXVehiclesEditor.dll (API version 3944462).
LogModuleManager: Display: Found up-to-date module file ../../../Engine/Plugins/Runtime/RuntimePhysXCooking/Binaries/Win64/UE4Editor-RuntimePhysXCooking.dll (API version 3944462).
LogModuleManager: Display: Found up-to-date module file ../../../Engine/Plugins/Runtime/Steam/SteamVR/Binaries/Win64/UE4Editor-SteamVR.dll (API version 3944462).
LogModuleManager: Display: Found up-to-date module file ../../../Engine/Plugins/Runtime/Steam/SteamVR/Binaries/Win64/UE4Editor-SteamVRController.dll (API version 3944462).
LogModuleManager: Display: Found up-to-date module file ../../../Engine/Plugins/Runtime/WindowsMoviePlayer/Binaries/Win64/UE4Editor-WindowsMoviePlayer.dll (API version 3944462).
LogPluginManager: Mounting plugin Paper2D
LogPluginManager: Mounting plugin LiveLink
LogPluginManager: Mounting plugin LightPropagationVolume
LogPluginManager: Mounting plugin CLionSourceCodeAccess
LogPluginManager: Mounting plugin CodeLiteSourceCodeAccess
LogPluginManager: Mounting plugin GitSourceControl
LogPluginManager: Mounting plugin KDevelopSourceCodeAccess
LogPluginManager: Mounting plugin NullSourceCodeAccess
LogPluginManager: Mounting plugin PerforceSourceControl
LogPluginManager: Mounting plugin SubversionSourceControl
LogPluginManager: Mounting plugin UObjectPlugin
LogPluginManager: Mounting plugin VisualStudioCodeSourceCodeAccess
LogPluginManager: Mounting plugin VisualStudioSourceCodeAccess
LogPluginManager: Mounting plugin XCodeSourceCodeAccess
LogPluginManager: Mounting plugin AssetManagerEditor
LogPluginManager: Mounting plugin CryptoKeys
LogPluginManager: Mounting plugin DataValidation
LogPluginManager: Mounting plugin FacialAnimation
LogPluginManager: Mounting plugin GameplayTagsEditor
LogPluginManager: Mounting plugin MobileLauncherProfileWizard
LogPluginManager: Mounting plugin PluginBrowser
LogPluginManager: Mounting plugin SpeedTreeImporter
LogPluginManager: Mounting plugin DatasmithContent
LogPluginManager: Mounting plugin AlembicImporter
LogPluginManager: Mounting plugin CharacterAI
LogPluginManager: Mounting plugin HTML5Networking
LogPluginManager: Mounting plugin AndroidMedia
LogPluginManager: Mounting plugin AvfMedia
LogPluginManager: Mounting plugin ImgMedia
LogPluginManager: Mounting plugin LinearTimecode
LogPluginManager: Mounting plugin MediaCompositing
LogPluginManager: Mounting plugin MediaPlayerEditor
LogPluginManager: Mounting plugin WmfMedia
LogPluginManager: Mounting plugin TcpMessaging
LogPluginManager: Mounting plugin UdpMessaging
LogPluginManager: Mounting plugin ActorSequence
LogPluginManager: Mounting plugin LevelSequenceEditor
LogPluginManager: Mounting plugin MatineeToLevelSequence
LogPluginManager: Mounting plugin NetcodeUnitTest
LogPluginManager: Mounting plugin NUTUnrealEngine4
LogPluginManager: Mounting plugin OnlineSubsystemGooglePlay
LogPluginManager: Mounting plugin OnlineSubsystemIOS
LogPluginManager: Mounting plugin OnlineSubsystem
LogPluginManager: Mounting plugin OnlineSubsystemNull
LogPluginManager: Mounting plugin OnlineSubsystemUtils
LogPluginManager: Mounting plugin AndroidDeviceProfileSelector
LogPluginManager: Mounting plugin AndroidMoviePlayer
LogPluginManager: Mounting plugin AndroidPermission
LogPluginManager: Mounting plugin AppleARKit
LogPluginManager: Mounting plugin AppleMoviePlayer
LogPluginManager: Mounting plugin ArchVisCharacter
LogPluginManager: Mounting plugin AudioCapture
LogPluginManager: Mounting plugin CableComponent
LogPluginManager: Mounting plugin CustomMeshComponent
LogPluginManager: Mounting plugin ExampleDeviceProfileSelector
LogPluginManager: Mounting plugin GoogleCloudMessaging
LogPluginManager: Mounting plugin ImmediatePhysics
LogPluginManager: Mounting plugin IOSDeviceProfileSelector
LogPluginManager: Mounting plugin LinuxDeviceProfileSelector
LogPluginManager: Mounting plugin LocationServicesBPLibrary
LogPluginManager: Mounting plugin MobilePatchingUtils
LogPluginManager: Mounting plugin OculusVR
LogPluginManager: Plugin shader directory ../../../Engine/Plugins/Runtime/Oculus/OculusVR/Shaders found
LogPluginManager: Mapping shader source directory ../../../Engine/Plugins/Runtime/Oculus/OculusVR/Shaders to virtual directory /Plugin/OculusVR
LogPluginManager: Mounting plugin PhysXVehicles
LogPluginManager: Mounting plugin ProceduralMeshComponent
LogPluginManager: Mounting plugin RuntimePhysXCooking
LogPluginManager: Mounting plugin SteamVR
LogPluginManager: Mounting plugin WindowsMoviePlayer
LogStreaming: Display: Took  2.870s to configure plugins.
LogInit: Using libcurl 7.47.1
LogInit:  - built for x86_64-pc-win32
LogInit:  - supports SSL with OpenSSL/1.0.2g
LogInit:  - supports HTTP deflate (compression) using libz 1.2.8
LogInit:  - other features:
LogInit:      CURL_VERSION_SSL
LogInit:      CURL_VERSION_LIBZ
LogInit:      CURL_VERSION_IPV6
LogInit:      CURL_VERSION_ASYNCHDNS
LogInit:      CURL_VERSION_LARGEFILE
LogInit:      CURL_VERSION_IDN
LogInit:  CurlRequestOptions (configurable via config and command line):
LogInit:  - bVerifyPeer = false  - Libcurl will NOT verify peer certificate
LogInit:  - bUseHttpProxy = false  - Libcurl will NOT use HTTP proxy
LogInit:  - bDontReuseConnections = false  - Libcurl will reuse connections
LogInit:  - CertBundlePath = nullptr  - Libcurl will use whatever was configured at build time.
LogInit:  - MaxHostConnections = 16  - Libcurl will limit the number of connections to a host
LogInit:  - LocalHostAddr = Default
LogInit: WinSock: version 1.1 (2.2), MaxSocks=32767, MaxUdp=65467
LogInit: WinSock: I am LAPTOP-QPTR8KIA (192.168.0.15:0)
LogInit: Build: ++UE4+Release-4.19-CL-4033788
LogInit: Engine Version: 4.19.2-4033788+++UE4+Release-4.19
LogInit: Compatible Engine Version: 4.19.0-3944462+++UE4+Release-4.19
LogInit: Net CL: 3944462
LogDevObjectVersion: Number of dev versions registered: 18
LogDevObjectVersion:   Dev-Blueprints (B0D832E4-1F89-4F0D-ACCF-7EB736FD4AA2): 10
LogDevObjectVersion:   Dev-Build (E1C64328-A22C-4D53-A36C-8E866417BD8C): 0
LogDevObjectVersion:   Dev-Core (375EC13C-06E4-48FB-B500-84F0262A717E): 2
LogDevObjectVersion:   Dev-Editor (E4B068ED-F494-42E9-A231-DA0B2E46BB41): 23
LogDevObjectVersion:   Dev-Framework (CFFC743F-43B0-4480-9391-14DF171D2073): 33
LogDevObjectVersion:   Dev-Mobile (B02B49B5-BB20-44E9-A304-32B752E40360): 2
LogDevObjectVersion:   Dev-Networking (A4E4105C-59A1-49B5-A7C5-40C4547EDFEE): 0
LogDevObjectVersion:   Dev-Online (39C831C9-5AE6-47DC-9A44-9C173E1C8E7C): 0
LogDevObjectVersion:   Dev-Physics (78F01B33-EBEA-4F98-B9B4-84EACCB95AA2): 0
LogDevObjectVersion:   Dev-Platform (6631380F-2D4D-43E0-8009-CF276956A95A): 0
LogDevObjectVersion:   Dev-Rendering (12F88B9F-8875-4AFC-A67C-D90C383ABD29): 25
LogDevObjectVersion:   Dev-Sequencer (7B5AE74C-D270-4C10-A958-57980B212A5A): 6
LogDevObjectVersion:   Dev-VR (D7296918-1DD6-4BDD-9DE2-64A83CC13884): 1
LogDevObjectVersion:   Dev-LoadTimes (C2A15278-BFE7-4AFE-6C17-90FF531DF755): 1
LogDevObjectVersion:   Private-Geometry (6EACA3D4-40EC-4CC1-B786-8BED09428FC5): 2
LogDevObjectVersion:   Dev-AnimPhys (29E575DD-E0A3-4627-9D10-D276232CDCEA): 16
LogDevObjectVersion:   Dev-ReflectionCapture (6B266CEC-1EC7-4B8F-A30B-E4D90942FC07): 1
LogDevObjectVersion:   Dev-Automation (0DF73D61-A23F-47EA-B727-89E90C41499A): 1
LogInit: Compiled (64-bit): Apr 27 2018 02:06:57
LogInit: Compiled with Visual C++: 19.00.24215.01
LogInit: Build Configuration: Development
LogInit: Branch Name: ++UE4+Release-4.19
LogInit: Command Line: 
LogInit: Base Directory: C:/Users/Max/Documents/UE_4.19/Engine/Binaries/Win64/
LogInit: Installed Engine Build: 1
LogStreaming: Display: Took  0.003s to delete old logs.
LogInit: Presizing for max 8388607 objects, including 0 objects not considered by GC, pre-allocating 0 bytes for permanent pool.
LogInit: Object subsystem initialized
[2018.09.21-18.20.27:495][  0]LogInit: Selected Device Profile: [Windows]
[2018.09.21-18.20.27:495][  0]LogInit: Applying CVar settings loaded from the selected device profile: [Windows]
[2018.09.21-18.20.27:527][  0]LogInit: Computer: LAPTOP-QPTR8KIA
[2018.09.21-18.20.27:527][  0]LogInit: User: MaxMosawi
[2018.09.21-18.20.27:527][  0]LogInit: CPU Page size=4096, Cores=4
[2018.09.21-18.20.27:527][  0]LogInit: High frequency timer resolution =2.250005 MHz
[2018.09.21-18.20.27:527][  0]LogMemory: Memory total: Physical=7.7GB (8GB approx)
[2018.09.21-18.20.27:527][  0]LogMemory: Platform Memory Stats for Windows
[2018.09.21-18.20.27:527][  0]LogMemory: Process Physical Memory: 275.65 MB used, 275.65 MB peak
[2018.09.21-18.20.27:527][  0]LogMemory: Process Virtual Memory: 272.80 MB used, 272.80 MB peak
[2018.09.21-18.20.27:527][  0]LogMemory: Physical Memory: 4918.68 MB used,  3011.14 MB free, 7929.82 MB total
[2018.09.21-18.20.27:527][  0]LogMemory: Virtual Memory: 4803.34 MB used,  3011.14 MB free, 134217728.00 MB total
[2018.09.21-18.20.27:577][  0]LogInit: Using OS detected language (en-US).
[2018.09.21-18.20.27:577][  0]LogInit: Using OS detected locale (en-US).
[2018.09.21-18.20.27:585][  0]LogTextLocalizationManager: No specific localization for 'en-US' exists, so the 'en' localization will be used.
[2018.09.21-18.20.28:042][  0]LogStreaming: Display: Took  0.465s to EndInitTextLocalization.
[2018.09.21-18.20.28:108][  0]LogInit: Setting process to per monitor DPI aware
[2018.09.21-18.20.28:161][  0]LogSlate: New Slate User Created.  User Index 0, Is Virtual User: 0
[2018.09.21-18.20.28:161][  0]LogSlate: Slate User Registered.  User Index 0, Is Virtual User: 0
[2018.09.21-18.20.28:655][  0]LogD3D11RHI: D3D11 adapters:
[2018.09.21-18.20.28:761][  0]LogD3D11RHI:    0. 'NVIDIA GeForce GTX 1050' (Feature Level 11_0)
[2018.09.21-18.20.28:761][  0]LogD3D11RHI:       4031/0/3964 MB DedicatedVideo/DedicatedSystem/SharedSystem, Outputs:1, VendorId:0x10de
[2018.09.21-18.20.28:832][  0]LogD3D11RHI:    1. 'Intel(R) UHD Graphics 630' (Feature Level 11_0)
[2018.09.21-18.20.28:833][  0]LogD3D11RHI:       128/0/3964 MB DedicatedVideo/DedicatedSystem/SharedSystem, Outputs:0, VendorId:0x8086
[2018.09.21-18.20.28:840][  0]LogD3D11RHI:    2. 'Microsoft Basic Render Driver' (Feature Level 11_0)
[2018.09.21-18.20.28:840][  0]LogD3D11RHI:       0/0/3964 MB DedicatedVideo/DedicatedSystem/SharedSystem, Outputs:0, VendorId:0x1414
[2018.09.21-18.20.28:840][  0]LogD3D11RHI: Chosen D3D11 Adapter: 0
[2018.09.21-18.20.28:875][  0]LogD3D11RHI: Creating new Direct3DDevice
[2018.09.21-18.20.28:875][  0]LogD3D11RHI:     GPU DeviceId: 0x1c8d (for the marketing name, search the web for "GPU Device Id")
[2018.09.21-18.20.28:875][  0]LogWindows: EnumDisplayDevices:
[2018.09.21-18.20.28:876][  0]LogWindows:    0. 'Intel(R) UHD Graphics 630' (P:1 D:1)
[2018.09.21-18.20.28:877][  0]LogWindows:    1. 'Intel(R) UHD Graphics 630' (P:0 D:0)
[2018.09.21-18.20.28:878][  0]LogWindows:    2. 'Intel(R) UHD Graphics 630' (P:0 D:0)
[2018.09.21-18.20.28:878][  0]LogWindows: DebugString: GetVideoDriverDetailsInvalid PrimaryIsNotTheChoosenAdapter GetVideoDriverDetailsInvalid PrimaryIsNotTheChoosenAdapter GetVideoDriverDetailsInvalid PrimaryIsNotTheChoosenAdapter FoundDriverCount:0 
[2018.09.21-18.20.28:878][  0]LogD3D11RHI:     Adapter Name: NVIDIA GeForce GTX 1050
[2018.09.21-18.20.28:878][  0]LogD3D11RHI:   Driver Version: Unknown (internal:Unknown, unified:Unknown)
[2018.09.21-18.20.28:878][  0]LogD3D11RHI:      Driver Date: Unknown
[2018.09.21-18.20.28:878][  0]LogRHI: Texture pool is 2821 MB (70% of 4031 MB)
[2018.09.21-18.20.28:937][  0]LogD3D11RHI: [Aftermath] Aftermath enabled and primed
[2018.09.21-18.20.28:937][  0]LogD3D11RHI: [Aftermath] Aftermath enabled and primed
[2018.09.21-18.20.28:937][  0]LogD3D11RHI: Async texture creation enabled
[2018.09.21-18.20.28:958][  0]LogD3D11RHI: GPU Timing Frequency: 1000.000000 (Debug: 2 1)
[2018.09.21-18.20.28:961][  0]LogShaderCompilers: Guid format shader working directory is 2 characters bigger than the processId version (../../../../GitHub/New3/WrittenInStone123/Intermediate/Shaders/WorkingDirectory/11236/).
[2018.09.21-18.20.28:961][  0]LogShaderCompilers: Cleaned the shader compiler working directory 'C:/Users/Max/AppData/Local/Temp/UnrealShaderWorkingDir/DC6A42CB47D5A7A1015767800A41D9A7/'.
[2018.09.21-18.20.29:326][  0]LogTemp: Display: Loaded TP AllDesktopTargetPlatform
[2018.09.21-18.20.29:344][  0]LogTemp: Display: Loaded TP MacClientTargetPlatform
[2018.09.21-18.20.29:365][  0]LogTemp: Display: Loaded TP MacNoEditorTargetPlatform
[2018.09.21-18.20.29:387][  0]LogTemp: Display: Loaded TP MacServerTargetPlatform
[2018.09.21-18.20.29:406][  0]LogTemp: Display: Loaded TP MacTargetPlatform
[2018.09.21-18.20.29:421][  0]LogTemp: Display: Loaded TP WindowsClientTargetPlatform
[2018.09.21-18.20.29:435][  0]LogTemp: Display: Loaded TP WindowsNoEditorTargetPlatform
[2018.09.21-18.20.29:449][  0]LogTemp: Display: Loaded TP WindowsServerTargetPlatform
[2018.09.21-18.20.29:462][  0]LogTemp: Display: Loaded TP WindowsTargetPlatform
[2018.09.21-18.20.29:508][  0]LogTemp: Display: Loaded TP Android_ASTCTargetPlatform
[2018.09.21-18.20.29:548][  0]LogTemp: Display: Loaded TP Android_ATCTargetPlatform
[2018.09.21-18.20.29:587][  0]LogTemp: Display: Loaded TP Android_DXTTargetPlatform
[2018.09.21-18.20.29:627][  0]LogTemp: Display: Loaded TP Android_ETC1aTargetPlatform
[2018.09.21-18.20.29:677][  0]LogTemp: Display: Loaded TP Android_ETC1TargetPlatform
[2018.09.21-18.20.29:737][  0]LogTemp: Display: Loaded TP Android_ETC2TargetPlatform
[2018.09.21-18.20.29:811][  0]LogTemp: Display: Loaded TP Android_MultiTargetPlatform
[2018.09.21-18.20.29:811][  0]LogTemp: Display: Loaded TP Android_PVRTCTargetPlatform
[2018.09.21-18.20.29:845][  0]LogTemp: Display: Loaded TP AndroidTargetPlatform
[2018.09.21-18.20.29:849][  0]LogTemp: Display: Loaded TP HTML5TargetPlatform
[2018.09.21-18.20.29:916][  0]LogTemp: Display: Loaded TP IOSTargetPlatform
[2018.09.21-18.20.29:955][  0]LogTemp: Display: Loaded TP TVOSTargetPlatform
[2018.09.21-18.20.29:993][  0]LogTemp: Display: Loaded TP LinuxClientTargetPlatform
[2018.09.21-18.20.30:028][  0]LogTemp: Display: Loaded TP LinuxNoEditorTargetPlatform
[2018.09.21-18.20.30:074][  0]LogTemp: Display: Loaded TP LinuxServerTargetPlatform
[2018.09.21-18.20.30:105][  0]LogTemp: Display: Loaded TP LinuxTargetPlatform
[2018.09.21-18.20.30:106][  0]LogTargetPlatformManager: Display: Building Assets For Windows
[2018.09.21-18.20.30:666][  0]LogXGEController: Cannot use XGE Controller as Incredibuild is not installed on this machine.
[2018.09.21-18.20.30:666][  0]LogShaderCompilers: Cannot use XGE Shader Compiler as Incredibuild is not installed on this machine.
[2018.09.21-18.20.30:666][  0]LogShaderCompilers: Display: Using Local Shader Compiler.
[2018.09.21-18.20.32:943][  0]LogDerivedDataCache: Display: Max Cache Size: 512 MB
[2018.09.21-18.20.33:060][  0]LogDerivedDataCache: Loaded boot cache 0.12s 74MB C:/Users/Max/AppData/Local/UnrealEngine/4.19/DerivedDataCache/Boot.ddc.
[2018.09.21-18.20.33:060][  0]LogDerivedDataCache: Display: Loaded Boot cache: C:/Users/Max/AppData/Local/UnrealEngine/4.19/DerivedDataCache/Boot.ddc
[2018.09.21-18.20.33:061][  0]LogDerivedDataCache: FDerivedDataBackendGraph:  Pak pak cache file ../../../../GitHub/New3/WrittenInStone123/DerivedDataCache/DDC.ddp not found, will not use a pak cache.
[2018.09.21-18.20.33:061][  0]LogDerivedDataCache: Unable to find inner node Pak for hierarchical cache Hierarchy.
[2018.09.21-18.20.33:061][  0]LogDerivedDataCache: FDerivedDataBackendGraph:  CompressedPak pak cache file ../../../../GitHub/New3/WrittenInStone123/DerivedDataCache/Compressed.ddp not found, will not use a pak cache.
[2018.09.21-18.20.33:061][  0]LogDerivedDataCache: Unable to find inner node CompressedPak for hierarchical cache Hierarchy.
[2018.09.21-18.20.33:081][  0]LogDerivedDataCache: Display: Pak cache opened for reading ../../../Engine/DerivedDataCache/Compressed.ddp.
[2018.09.21-18.20.33:095][  0]LogDerivedDataCache: Using Local data cache path C:/Users/Max/AppData/Local/UnrealEngine/Common/DerivedDataCache: Writable
[2018.09.21-18.20.33:095][  0]LogDerivedDataCache: Shared data cache path not found in *engine.ini, will not use an Shared cache.
[2018.09.21-18.20.33:095][  0]LogDerivedDataCache: Unable to find inner node Shared for hierarchical cache Hierarchy.
[2018.09.21-18.20.33:121][  0]LogMaterial: Verifying Global Shaders for PCD3D_SM5
[2018.09.21-18.20.33:123][  0]LogSlate: Using Freetype 2.6.0
[2018.09.21-18.20.33:125][  0]LogSlate: SlateFontCache - WITH_FREETYPE: 1, WITH_HARFBUZZ: 1
[2018.09.21-18.20.33:125][  0]LogSlate: SlateFontCache - WITH_FREETYPE: 1, WITH_HARFBUZZ: 1
[2018.09.21-18.20.33:389][  0]LogAssetRegistry: FAssetRegistry took 0.0283 seconds to start up
[2018.09.21-18.20.34:071][  0]LogInit: Selected Device Profile: [Windows]
[2018.09.21-18.20.34:317][  0]LogSimplygon: Simplygon DLL not present - disabling.
[2018.09.21-18.20.34:322][  0]LogMeshReduction: Using SimplygonSwarm for distributed automatic mesh merging
[2018.09.21-18.20.34:322][  0]LogMeshReduction: Using QuadricMeshReduction for automatic static mesh reduction
[2018.09.21-18.20.34:322][  0]LogMeshReduction: No automatic skeletal mesh reduction module available
[2018.09.21-18.20.34:322][  0]LogMeshReduction: No automatic mesh merging module available
[2018.09.21-18.20.34:322][  0]LogMeshMerging: No automatic mesh merging module available
[2018.09.21-18.20.34:402][  0]LogNetVersion: WrittenInStone , NetCL: 3944462, EngineNetVer: 2, GameNetVer: 0 (Checksum: 3522758015)
[2018.09.21-18.20.35:520][  0]LogPackageLocalizationCache: Processed 9 localized package path(s) for 2 prioritized culture(s) in 0.288448 seconds
[2018.09.21-18.20.35:534][  0]LogUObjectArray: 36728 objects as part of root set at end of initial load.
[2018.09.21-18.20.35:534][  0]LogUObjectAllocator: 7314304 out of 0 bytes used by permanent object pool.
[2018.09.21-18.20.35:534][  0]LogUObjectArray: CloseDisregardForGC: 0/0 objects in disregard for GC pool
[2018.09.21-18.20.39:478][  0]LogTcpMessaging: Initializing TcpMessaging bridge
[2018.09.21-18.20.39:542][  0]LogUdpMessaging: Initializing bridge on interface 0.0.0.0:0 to multicast group 230.0.0.1:6666.
[2018.09.21-18.20.40:491][  0]SourceControl: Source control is disabled
[2018.09.21-18.20.42:953][  0]LogAndroidPermission: UAndroidPermissionCallbackProxy::GetInstance
[2018.09.21-18.20.43:411][  0]LogOcInput: OculusInput pre-init called
[2018.09.21-18.20.43:662][  0]LogEngine: Initializing Engine...
[2018.09.21-18.20.43:667][  0]LogHMD: Failed to initialize OpenVR with code 110
[2018.09.21-18.20.43:670][  0]LogStats: UGameplayTagsManager::ConstructGameplayTagTree: Construct from data asset -  0.000 s
[2018.09.21-18.20.43:670][  0]LogStats: UGameplayTagsManager::ConstructGameplayTagTree: GameplayTagTreeChangedEvent.Broadcast -  0.000 s
[2018.09.21-18.20.44:140][  0]LogAIModule: Creating AISystem for world Untitled
[2018.09.21-18.20.44:244][  0]LogInit: XAudio2 using 'Speakers/Headphones (Realtek Audio)' : 2 channels at 48 kHz using 32 bits per sample (channel mask 0x3)
[2018.09.21-18.20.44:264][  0]LogInit: FAudioDevice initialized.
[2018.09.21-18.20.44:406][  0]LogDerivedDataCache: Saved boot cache 0.14s 74MB C:/Users/Max/AppData/Local/UnrealEngine/4.19/DerivedDataCache/Boot.ddc.
[2018.09.21-18.20.44:438][  0]LogInit: Texture streaming: Enabled
[2018.09.21-18.20.44:474][  0]LogEngineSessionManager: EngineSessionManager initialized
[2018.09.21-18.20.44:505][  0]LogInit: Transaction tracking system initialized
[2018.09.21-18.20.44:550][  0]BlueprintLog: New page: Editor Load
[2018.09.21-18.20.44:713][  0]LocalizationService: Localization service is disabled
[2018.09.21-18.20.44:950][  0]LogConsoleResponse: Display: 
[2018.09.21-18.20.45:268][  0]LogCook: Display: Max memory allowance for cook 16384mb min free memory 0mb
[2018.09.21-18.20.45:268][  0]LogCook: Display: Mobile HDR setting 1
[2018.09.21-18.20.45:268][  0]LogGameplayTags: Display: UGameplayTagsManager::DoneAddingNativeTags. DelegateIsBound: 0
[2018.09.21-18.20.45:268][  0]LogStats: UGameplayTagsManager::ConstructGameplayTagTree: Construct from data asset -  0.000 s
[2018.09.21-18.20.45:268][  0]LogStats: UGameplayTagsManager::ConstructGameplayTagTree: GameplayTagTreeChangedEvent.Broadcast -  0.000 s
[2018.09.21-18.20.46:015][  0]LogFileCache: Scanning file cache for directory 'C:/Users/Max/Documents/GitHub/New3/WrittenInStone123/Content/' took 0.07s
[2018.09.21-18.20.46:223][  0]Cmd: MAP LOAD FILE="../../../../GitHub/New3/WrittenInStone123/Content/ThirdPersonBP/Maps/ThirdPersonExampleMap.umap" TEMPLATE=0 SHOWPROGRESS=1 FEATURELEVEL=3
[2018.09.21-18.20.46:223][  0]LightingResults: New page: Lighting Build
[2018.09.21-18.20.46:229][  0]MapCheck: New page: Map Check
[2018.09.21-18.20.46:230][  0]LightingResults: New page: Lighting Build
[2018.09.21-18.20.46:372][  0]LogUObjectGlobals: Created PersistentFrame Addr=0x000001c1b16cf718, Size=40, Default__Bike_ABP_C Function /Game/Mounts/GoguliBike/Bike_ABP.Bike_ABP_C:ExecuteUbergraph_Bike_ABP
[2018.09.21-18.20.46:378][  0]LogUObjectGlobals: Destroyed PersistentFrame Addr=0x000001c1b16cf718, Size=40
[2018.09.21-18.20.46:378][  0]LogUObjectGlobals: Created PersistentFrame Addr=0x000001c1b16cf718, Size=40, Default__Bike_ABP_C Function /Engine/Transient.REINST_Bike_ABP_C_0:ExecuteUbergraph_Bike_ABP
[2018.09.21-18.20.46:384][  0]LogUObjectGlobals: Created PersistentFrame Addr=0x000001c1b16cf308, Size=40, Default__Bike_ABP_C Function /Game/Mounts/GoguliBike/Bike_ABP.Bike_ABP_C:ExecuteUbergraph_Bike_ABP
[2018.09.21-18.20.46:528][  0]LogUObjectGlobals: Created PersistentFrame Addr=0x000001c196f9d600, Size=2160, Default__FemaleCharacter_C Function /Game/ThirdPersonBP/Blueprints/FemaleCharacter.FemaleCharacter_C:ExecuteUbergraph_FemaleCharacter
[2018.09.21-18.20.46:635][  0]LogUObjectGlobals: Created PersistentFrame Addr=0x000001c19627e860, Size=112, Default__ThirdPerson_AnimBP_C Function /Game/Mannequin/Animations/ThirdPerson_AnimBP.ThirdPerson_AnimBP_C:ExecuteUbergraph_ThirdPerson_AnimBP
[2018.09.21-18.20.46:839][  0]LogUObjectGlobals: Created PersistentFrame Addr=0x000001c196bb29e0, Size=88, Default__GenericABP_C Function /Game/characters/GenFemale/animations/GenericABP.GenericABP_C:ExecuteUbergraph_GenericABP
[2018.09.21-18.20.47:461][  0]LogUObjectGlobals: Created PersistentFrame Addr=0x000001c19a533ce0, Size=136, Default__GenericMaleABP_C Function /Game/characters/GenMale/Animations/GenericMaleABP.GenericMaleABP_C:ExecuteUbergraph_GenericMaleABP
[2018.09.21-18.20.47:911][  0]LogUObjectGlobals: Created PersistentFrame Addr=0x000001c19a4f09c0, Size=392, Default__sword_C Function /Game/ItemPickups/sword.sword_C:ExecuteUbergraph_sword
[2018.09.21-18.20.47:916][  0]LogUObjectGlobals: Created PersistentFrame Addr=0x000001c1a2b93280, Size=192, Default__EnemyAI_C Function /Game/ThirdPersonBP/Blueprints/EnemyAI/EnemyAI.EnemyAI_C:ExecuteUbergraph_EnemyAI
[2018.09.21-18.20.48:170][  0]LogUObjectGlobals: Created PersistentFrame Addr=0x000001c19a528f80, Size=64, Default__AirShip_C Function /Game/ThirdPerson/AI/AirShip.AirShip_C:ExecuteUbergraph_AirShip
[2018.09.21-18.20.48:174][  0]LogUObjectGlobals: Created PersistentFrame Addr=0x000001c19ad10900, Size=536, Default__Bike_C Function /Game/ThirdPersonBP/Blueprints/Bike.Bike_C:ExecuteUbergraph_Bike
[2018.09.21-18.20.48:424][  0]LogUObjectGlobals: Created PersistentFrame Addr=0x000001c1b13f8e08, Size=4, Default__Sedan_AnimBP_C Function /Game/Vehicle/Sedan/Sedan_AnimBP.Sedan_AnimBP_C:ExecuteUbergraph_Sedan_AnimBP
[2018.09.21-18.20.48:438][  0]LogUObjectGlobals: Created PersistentFrame Addr=0x000001c19a90e200, Size=720, Default__Sedan_C Function /Game/VehicleBP/Sedan/Sedan.Sedan_C:ExecuteUbergraph_Sedan
[2018.09.21-18.20.48:442][  0]LogUObjectGlobals: Created PersistentFrame Addr=0x000001c19a8f25c0, Size=160, Default__VehicleHUD_C Function /Game/VehicleBP/Blueprints/VehicleHUD.VehicleHUD_C:ExecuteUbergraph_VehicleHUD
[2018.09.21-18.20.48:596][  0]LogUObjectGlobals: Created PersistentFrame Addr=0x000001c19b145f30, Size=40, Default__Compass_C Function /Game/HUDS/CompassUI/Compass.Compass_C:ExecuteUbergraph_Compass
[2018.09.21-18.20.48:628][  0]LogUObjectGlobals: Created PersistentFrame Addr=0x000001c19b4d5900, Size=384, Default__PreferencesHUD_C Function /Game/HUDS/PreferencesHUD.PreferencesHUD_C:ExecuteUbergraph_PreferencesHUD
[2018.09.21-18.20.48:664][  0]LogUObjectGlobals: Created PersistentFrame Addr=0x000001c196274cb8, Size=24, Default__MyPLayer_C Function /Game/HUDS/InvetorySystem/MyPLayer.MyPLayer_C:ExecuteUbergraph_MyPLayer
[2018.09.21-18.20.48:698][  0]LogUObjectGlobals: Created PersistentFrame Addr=0x000001c19b50b180, Size=4, Default__Item_C Function /Game/HUDS/InvetorySystem/Items/Item.Item_C:ExecuteUbergraph_Item
[2018.09.21-18.20.48:701][  0]LogUObjectGlobals: Created PersistentFrame Addr=0x000001c19a928a80, Size=128, Default__Inventory_Window_C Function /Game/HUDS/InvetorySystem/Huds/Inventory_Window.Inventory_Window_C:ExecuteUbergraph_Inventory_Window
[2018.09.21-18.20.48:780][  0]LogUObjectGlobals: Created PersistentFrame Addr=0x000001c19b4b8ac0, Size=64, Default__STATSMenu_C Function /Game/HUDS/STATSMenu.STATSMenu_C:ExecuteUbergraph_STATSMenu
[2018.09.21-18.20.49:281][  0]LogUObjectGlobals: Destroyed PersistentFrame Addr=0x000001c196bb29e0, Size=88
[2018.09.21-18.20.49:281][  0]LogUObjectGlobals: Created PersistentFrame Addr=0x000001c1a2bfd600, Size=88, Default__GenericABP_C Function /Engine/Transient.REINST_GenericABP_C_1:ExecuteUbergraph_GenericABP
[2018.09.21-18.20.49:281][  0]LogUObjectGlobals: Destroyed PersistentFrame Addr=0x000001c19a533ce0, Size=136
[2018.09.21-18.20.49:281][  0]LogUObjectGlobals: Created PersistentFrame Addr=0x000001c1b51c8ea0, Size=136, Default__GenericMaleABP_C Function /Engine/Transient.REINST_GenericMaleABP_C_2:ExecuteUbergraph_GenericMaleABP
[2018.09.21-18.20.49:282][  0]LogUObjectGlobals: Destroyed PersistentFrame Addr=0x000001c19b50b180, Size=4
[2018.09.21-18.20.49:282][  0]LogUObjectGlobals: Created PersistentFrame Addr=0x000001c197fc1168, Size=4, Default__Item_C Function /Engine/Transient.REINST_Item_C_7:ExecuteUbergraph_Item
[2018.09.21-18.20.49:282][  0]LogUObjectGlobals: Destroyed PersistentFrame Addr=0x000001c19a4f09c0, Size=392
[2018.09.21-18.20.49:282][  0]LogUObjectGlobals: Created PersistentFrame Addr=0x000001c19bce0f00, Size=392, Default__sword_C Function /Engine/Transient.REINST_sword_C_9:ExecuteUbergraph_sword
[2018.09.21-18.20.49:282][  0]LogUObjectGlobals: Destroyed PersistentFrame Addr=0x000001c19627e860, Size=112
[2018.09.21-18.20.49:282][  0]LogUObjectGlobals: Created PersistentFrame Addr=0x000001c1b51c7f90, Size=112, Default__ThirdPerson_AnimBP_C Function /Engine/Transient.REINST_ThirdPerson_AnimBP_C_3:ExecuteUbergraph_ThirdPerson_AnimBP
[2018.09.21-18.20.49:283][  0]LogUObjectGlobals: Destroyed PersistentFrame Addr=0x000001c1b13f8e08, Size=4
[2018.09.21-18.20.49:283][  0]LogUObjectGlobals: Created PersistentFrame Addr=0x000001c197fc1110, Size=4, Default__Sedan_AnimBP_C Function /Engine/Transient.REINST_Sedan_AnimBP_C_4:ExecuteUbergraph_Sedan_AnimBP
[2018.09.21-18.20.49:283][  0]LogUObjectGlobals: Destroyed PersistentFrame Addr=0x000001c19a8f25c0, Size=160
[2018.09.21-18.20.49:283][  0]LogUObjectGlobals: Created PersistentFrame Addr=0x000001c1b51a6520, Size=160, Default__VehicleHUD_C Function /Engine/Transient.REINST_VehicleHUD_C_10:ExecuteUbergraph_VehicleHUD
[2018.09.21-18.20.49:283][  0]LogUObjectGlobals: Destroyed PersistentFrame Addr=0x000001c19a528f80, Size=64
[2018.09.21-18.20.49:283][  0]LogUObjectGlobals: Created PersistentFrame Addr=0x000001c1a290c9c0, Size=64, Default__AirShip_C Function /Engine/Transient.REINST_AirShip_C_11:ExecuteUbergraph_AirShip
[2018.09.21-18.20.49:284][  0]LogUObjectGlobals: Destroyed PersistentFrame Addr=0x000001c19ad10900, Size=536
[2018.09.21-18.20.49:284][  0]LogUObjectGlobals: Created PersistentFrame Addr=0x000001c1a291a700, Size=536, Default__Bike_C Function /Engine/Transient.REINST_Bike_C_12:ExecuteUbergraph_Bike
[2018.09.21-18.20.49:284][  0]LogUObjectGlobals: Destroyed PersistentFrame Addr=0x000001c19b145f30, Size=40
[2018.09.21-18.20.49:284][  0]LogUObjectGlobals: Created PersistentFrame Addr=0x000001c197fe2fe8, Size=40, Default__Compass_C Function /Engine/Transient.REINST_Compass_C_0:ExecuteUbergraph_Compass
[2018.09.21-18.20.49:284][  0]LogUObjectGlobals: Destroyed PersistentFrame Addr=0x000001c1a2b93280, Size=192
[2018.09.21-18.20.49:284][  0]LogUObjectGlobals: Created PersistentFrame Addr=0x000001c197fd96c0, Size=192, Default__EnemyAI_C Function /Engine/Transient.REINST_EnemyAI_C_13:ExecuteUbergraph_EnemyAI
[2018.09.21-18.20.49:286][  0]LogUObjectGlobals: Destroyed PersistentFrame Addr=0x000001c196f9d600, Size=2160
[2018.09.21-18.20.49:286][  0]LogUObjectGlobals: Created PersistentFrame Addr=0x000001c1b5176080, Size=2160, Default__FemaleCharacter_C Function /Engine/Transient.REINST_FemaleCharacter_C_14:ExecuteUbergraph_FemaleCharacter
[2018.09.21-18.20.49:287][  0]LogUObjectGlobals: Destroyed PersistentFrame Addr=0x000001c19a928a80, Size=128
[2018.09.21-18.20.49:287][  0]LogUObjectGlobals: Created PersistentFrame Addr=0x000001c1b5359680, Size=128, Default__Inventory_Window_C Function /Engine/Transient.REINST_Inventory_Window_C_4:ExecuteUbergraph_Inventory_Window
[2018.09.21-18.20.49:287][  0]LogUObjectGlobals: Destroyed PersistentFrame Addr=0x000001c196274cb8, Size=24
[2018.09.21-18.20.49:287][  0]LogUObjectGlobals: Created PersistentFrame Addr=0x000001c1b5345150, Size=24, Default__MyPLayer_C Function /Engine/Transient.REINST_MyPLayer_C_15:ExecuteUbergraph_MyPLayer
[2018.09.21-18.20.49:287][  0]LogUObjectGlobals: Destroyed PersistentFrame Addr=0x000001c19b4d5900, Size=384
[2018.09.21-18.20.49:287][  0]LogUObjectGlobals: Created PersistentFrame Addr=0x000001c1b5171a80, Size=384, Default__PreferencesHUD_C Function /Engine/Transient.REINST_PreferencesHUD_C_5:ExecuteUbergraph_PreferencesHUD
[2018.09.21-18.20.49:288][  0]LogUObjectGlobals: Destroyed PersistentFrame Addr=0x000001c19a90e200, Size=720
[2018.09.21-18.20.49:288][  0]LogUObjectGlobals: Created PersistentFrame Addr=0x000001c1b5165900, Size=720, Default__Sedan_C Function /Engine/Transient.REINST_Sedan_C_16:ExecuteUbergraph_Sedan
[2018.09.21-18.20.49:289][  0]LogUObjectGlobals: Destroyed PersistentFrame Addr=0x000001c19b4b8ac0, Size=64
[2018.09.21-18.20.49:289][  0]LogUObjectGlobals: Created PersistentFrame Addr=0x000001c1b51843c0, Size=64, Default__STATSMenu_C Function /Engine/Transient.REINST_STATSMenu_C_6:ExecuteUbergraph_STATSMenu
[2018.09.21-18.20.49:377][  0]LogUObjectGlobals: Created PersistentFrame Addr=0x000001c1b5c393c0, Size=88, Default__GenericABP_C Function /Game/characters/GenFemale/animations/GenericABP.GenericABP_C:ExecuteUbergraph_GenericABP
[2018.09.21-18.20.49:378][  0]LogUObjectGlobals: Created PersistentFrame Addr=0x000001c1b5a91a80, Size=136, Default__GenericMaleABP_C Function /Game/characters/GenMale/Animations/GenericMaleABP.GenericMaleABP_C:ExecuteUbergraph_GenericMaleABP
[2018.09.21-18.20.49:379][  0]LogUObjectGlobals: Created PersistentFrame Addr=0x000001c1b5f3c948, Size=4, Default__Item_C Function /Game/HUDS/InvetorySystem/Items/Item.Item_C:ExecuteUbergraph_Item
[2018.09.21-18.20.49:380][  0]LogUObjectGlobals: Created PersistentFrame Addr=0x000001c1b5a6b200, Size=392, Default__sword_C Function /Game/ItemPickups/sword.sword_C:ExecuteUbergraph_sword
[2018.09.21-18.20.49:381][  0]LogUObjectGlobals: Created PersistentFrame Addr=0x000001c1b5a172e0, Size=112, Default__ThirdPerson_AnimBP_C Function /Game/Mannequin/Animations/ThirdPerson_AnimBP.ThirdPerson_AnimBP_C:ExecuteUbergraph_ThirdPerson_AnimBP
[2018.09.21-18.20.49:381][  0]LogUObjectGlobals: Created PersistentFrame Addr=0x000001c1b5f3c810, Size=4, Default__Sedan_AnimBP_C Function /Game/Vehicle/Sedan/Sedan_AnimBP.Sedan_AnimBP_C:ExecuteUbergraph_Sedan_AnimBP
[2018.09.21-18.20.49:382][  0]LogUObjectGlobals: Created PersistentFrame Addr=0x000001c1b59ffec0, Size=160, Default__VehicleHUD_C Function /Game/VehicleBP/Blueprints/VehicleHUD.VehicleHUD_C:ExecuteUbergraph_VehicleHUD
[2018.09.21-18.20.49:383][  0]LogUObjectGlobals: Created PersistentFrame Addr=0x000001c1b5a45a00, Size=64, Default__AirShip_C Function /Game/ThirdPerson/AI/AirShip.AirShip_C:ExecuteUbergraph_AirShip
[2018.09.21-18.20.49:385][  0]LogUObjectGlobals: Created PersistentFrame Addr=0x000001c1b5a96200, Size=536, Default__Bike_C Function /Game/ThirdPersonBP/Blueprints/Bike.Bike_C:ExecuteUbergraph_Bike
[2018.09.21-18.20.49:386][  0]LogUObjectGlobals: Created PersistentFrame Addr=0x000001c1b5db6638, Size=40, Default__Compass_C Function /Game/HUDS/CompassUI/Compass.Compass_C:ExecuteUbergraph_Compass
[2018.09.21-18.20.49:387][  0]LogUObjectGlobals: Created PersistentFrame Addr=0x000001c1b59c87c0, Size=192, Default__EnemyAI_C Function /Game/ThirdPersonBP/Blueprints/EnemyAI/EnemyAI.EnemyAI_C:ExecuteUbergraph_EnemyAI
[2018.09.21-18.20.49:397][  0]LogUObjectGlobals: Created PersistentFrame Addr=0x000001c1b591c100, Size=2160, Default__FemaleCharacter_C Function /Game/ThirdPersonBP/Blueprints/FemaleCharacter.FemaleCharacter_C:ExecuteUbergraph_FemaleCharacter
[2018.09.21-18.20.49:401][  0]LogUObjectGlobals: Created PersistentFrame Addr=0x000001c1b58b2d80, Size=128, Default__Inventory_Window_C Function /Game/HUDS/InvetorySystem/Huds/Inventory_Window.Inventory_Window_C:ExecuteUbergraph_Inventory_Window
[2018.09.21-18.20.49:402][  0]LogUObjectGlobals: Created PersistentFrame Addr=0x000001c1b5af08c8, Size=24, Default__MyPLayer_C Function /Game/HUDS/InvetorySystem/MyPLayer.MyPLayer_C:ExecuteUbergraph_MyPLayer
[2018.09.21-18.20.49:406][  0]LogUObjectGlobals: Created PersistentFrame Addr=0x000001c1b5891180, Size=384, Default__PreferencesHUD_C Function /Game/HUDS/PreferencesHUD.PreferencesHUD_C:ExecuteUbergraph_PreferencesHUD
[2018.09.21-18.20.49:409][  0]LogUObjectGlobals: Created PersistentFrame Addr=0x000001c1b580d000, Size=720, Default__Sedan_C Function /Game/VehicleBP/Sedan/Sedan.Sedan_C:ExecuteUbergraph_Sedan
[2018.09.21-18.20.49:413][  0]LogUObjectGlobals: Created PersistentFrame Addr=0x000001c1b57e0a80, Size=64, Default__STATSMenu_C Function /Game/HUDS/STATSMenu.STATSMenu_C:ExecuteUbergraph_STATSMenu
[2018.09.21-18.20.49:571][  0]LogUObjectGlobals: Created PersistentFrame Addr=0x000001c19b50a760, Size=4, Default__Item-Bush_C Function /Game/HUDS/InvetorySystem/Items/Item-Bush.Item-Bush_C:ExecuteUbergraph_Item-Bush
[2018.09.21-18.20.49:571][  0]LogUObjectGlobals: Created PersistentFrame Addr=0x000001c19b509ea8, Size=4, Default__Item-Bush_C Function /Game/HUDS/InvetorySystem/Items/Item.Item_C:ExecuteUbergraph_Item
[2018.09.21-18.20.49:572][  0]LogUObjectGlobals: Destroyed PersistentFrame Addr=0x000001c19b50a760, Size=4
[2018.09.21-18.20.49:572][  0]LogUObjectGlobals: Destroyed PersistentFrame Addr=0x000001c19b509ea8, Size=4
[2018.09.21-18.20.49:572][  0]LogUObjectGlobals: Created PersistentFrame Addr=0x000001c19b509ea8, Size=4, Default__Item-Bush_C Function /Engine/Transient.REINST_Item-Bush_C_43:ExecuteUbergraph_Item-Bush
[2018.09.21-18.20.49:572][  0]LogUObjectGlobals: Created PersistentFrame Addr=0x000001c19b50a760, Size=4, Default__Item-Bush_C Function /Game/HUDS/InvetorySystem/Items/Item.Item_C:ExecuteUbergraph_Item
[2018.09.21-18.20.49:573][  0]LogUObjectGlobals: Created PersistentFrame Addr=0x000001c19b50a618, Size=4, Default__Item-Bush_C Function /Game/HUDS/InvetorySystem/Items/Item-Bush.Item-Bush_C:ExecuteUbergraph_Item-Bush
[2018.09.21-18.20.49:573][  0]LogUObjectGlobals: Created PersistentFrame Addr=0x000001c19b50a620, Size=4, Default__Item-Bush_C Function /Game/HUDS/InvetorySystem/Items/Item.Item_C:ExecuteUbergraph_Item
[2018.09.21-18.20.49:583][  0]LogUObjectGlobals: Created PersistentFrame Addr=0x000001c1b5db62a0, Size=40, Default__ThirdPersonGameMode_C Function /Game/ThirdPersonBP/Blueprints/ThirdPersonGameMode.ThirdPersonGameMode_C:ExecuteUbergraph_ThirdPersonGameMode
[2018.09.21-18.20.49:585][  0]LogUObjectGlobals: Destroyed PersistentFrame Addr=0x000001c1b5db62a0, Size=40
[2018.09.21-18.20.49:585][  0]LogUObjectGlobals: Created PersistentFrame Addr=0x000001c1b5db62a0, Size=40, Default__ThirdPersonGameMode_C Function /Engine/Transient.REINST_ThirdPersonGameMode_C_45:ExecuteUbergraph_ThirdPersonGameMode
[2018.09.21-18.20.49:586][  0]LogUObjectGlobals: Created PersistentFrame Addr=0x000001c1b5db4fe0, Size=40, Default__ThirdPersonGameMode_C Function /Game/ThirdPersonBP/Blueprints/ThirdPersonGameMode.ThirdPersonGameMode_C:ExecuteUbergraph_ThirdPersonGameMode
[2018.09.21-18.20.49:679][  0]LogUObjectGlobals: Created PersistentFrame Addr=0x000001c1b58ed9c0, Size=32, Default__Start_Menu_C Function /Game/HUDS/Start_Menu.Start_Menu_C:ExecuteUbergraph_Start_Menu
[2018.09.21-18.20.49:683][  0]LogUObjectGlobals: Destroyed PersistentFrame Addr=0x000001c1b58ed9c0, Size=32
[2018.09.21-18.20.49:683][  0]LogUObjectGlobals: Created PersistentFrame Addr=0x000001c1b58ed9c0, Size=32, Default__Start_Menu_C Function /Engine/Transient.REINST_Start_Menu_C_8:ExecuteUbergraph_Start_Menu
[2018.09.21-18.20.49:684][  0]LogUObjectGlobals: Created PersistentFrame Addr=0x000001c1b58efce0, Size=32, Default__Start_Menu_C Function /Game/HUDS/Start_Menu.Start_Menu_C:ExecuteUbergraph_Start_Menu
[2018.09.21-18.20.49:801][  0]LogUObjectGlobals: Created PersistentFrame Addr=0x000001c1b882e520, Size=136, Default__ThirdPersonExampleMap_C Function /Game/ThirdPersonBP/Maps/ThirdPersonExampleMap.ThirdPersonExampleMap_C:ExecuteUbergraph_ThirdPersonExampleMap
[2018.09.21-18.20.49:804][  0]LogUObjectGlobals: Destroyed PersistentFrame Addr=0x000001c1b882e520, Size=136
[2018.09.21-18.20.49:804][  0]LogUObjectGlobals: Created PersistentFrame Addr=0x000001c1b882c5e0, Size=136, Default__ThirdPersonExampleMap_C Function /Engine/Transient.REINST_ThirdPersonExampleMap_C_49:ExecuteUbergraph_ThirdPersonExampleMap
[2018.09.21-18.20.49:805][  0]LogBlueprint: Warning: [Compiler PersistentLevel.ThirdPersonExampleMap] OnActorBeginOverlap (None)  is referencing an Actor that no longer exists. Attached logic will never execute.
[2018.09.21-18.20.49:806][  0]LogBlueprint: Warning: [Compiler PersistentLevel.ThirdPersonExampleMap] Node  Unknown  is not referencing a valid level actor
[2018.09.21-18.20.49:806][  0]LogBlueprint: Warning: [Compiler PersistentLevel.ThirdPersonExampleMap] Node  Unknown  is not referencing a valid level actor
[2018.09.21-18.20.49:807][  0]LogBlueprint: Error: [Compiler PersistentLevel.ThirdPersonExampleMap] Couldn't find object for bound event node  OnActorBeginOverlap (None)
[2018.09.21-18.20.49:807][  0]LogUObjectGlobals: Created PersistentFrame Addr=0x000001c1b87d6160, Size=136, Default__ThirdPersonExampleMap_C Function /Game/ThirdPersonBP/Maps/ThirdPersonExampleMap.ThirdPersonExampleMap_C:ExecuteUbergraph_ThirdPersonExampleMap
[2018.09.21-18.20.49:807][  0]LogBlueprint: Warning: [Compiler PersistentLevel.ThirdPersonExampleMap] [0027.56] Compile of PersistentLevel.ThirdPersonExampleMap failed. 1 Fatal Issue(s) 3 Warning(s) [in 4 ms] (/Game/ThirdPersonBP/Maps/ThirdPersonExampleMap.ThirdPersonExampleMap:PersistentLevel.ThirdPersonExampleMap)
[2018.09.21-18.20.50:258][  0]LogSkeletalMesh: Skeletal Mesh found in DDC [8.948424ms] /Game/characters/GenFemale/mainmesh/WiSMain.WiSMain
[2018.09.21-18.20.50:351][  0]LogSkeletalMesh: Skeletal Mesh found in DDC [4.436435ms] /Game/Weapons/InfinityBladeWeapons/Weapons/Blade/Swords/Blade_SwordA/SK_Blade_SwordA.SK_Blade_SwordA
[2018.09.21-18.20.50:434][  0]LogSkeletalMesh: Skeletal Mesh found in DDC [9.736423ms] /Game/characters/GenMale/Mesh/WiSGenericMale.WiSGenericMale
[2018.09.21-18.20.50:477][  0]LogSkeletalMesh: Skeletal Mesh found in DDC [9.035091ms] /Game/Vehicle/Sedan/Sedan_SkelMesh.Sedan_SkelMesh
[2018.09.21-18.20.50:627][  0]LogSkeletalMesh: Skeletal Mesh found in DDC [4.689767ms] /Game/Mounts/GoguliBike/JetBike.JetBike
[2018.09.21-18.20.50:745][  0]LogSkeletalMesh: Skeletal Mesh found in DDC [4.625768ms] /Game/Weapons/InfinityBladeWeapons/Weapons/Blade/Swords/Blade_HeroSword22/SK_Blade_HeroSword22.SK_Blade_HeroSword22
[2018.09.21-18.20.50:914][  0]LogSkeletalMesh: Skeletal Mesh found in DDC [15.566188ms] /Game/Mannequin/Character/Mesh/SK_Mannequin.SK_Mannequin
[2018.09.21-18.20.51:125][  0]LogAIModule: Creating AISystem for world ThirdPersonExampleMap
[2018.09.21-18.20.51:141][  0]LogMaterial: Warning: Material /Game/StarterContent/Materials/M_Wood_Floor_Walnut_Polished.M_Wood_Floor_Walnut_Polished needed to have new flag set bUsedWithSkeletalMesh !
[2018.09.21-18.20.51:144][  0]LogMaterial: Missing cached shader map for material M_Wood_Floor_Walnut_Polished, compiling. 
[2018.09.21-18.20.51:192][  0]MapCheck: Warning: M_Wood_Floor_Walnut_Polished Material /Game/StarterContent/Materials/M_Wood_Floor_Walnut_Polished.M_Wood_Floor_Walnut_Polished was missing the usage flag bUsedWithSkeletalMesh. If the material asset is not re-saved, it may not render correctly when run outside the editor. Fix
[2018.09.21-18.20.51:192][  0]LogMaterial: Warning: Material /Game/StarterContent/Materials/M_Wood_Walnut.M_Wood_Walnut needed to have new flag set bUsedWithSkeletalMesh !
[2018.09.21-18.20.51:195][  0]LogMaterial: Missing cached shader map for material M_Wood_Walnut, compiling. 
[2018.09.21-18.20.51:213][  0]LogShaderCompilers: Display: Shaders left to compile 69
[2018.09.21-18.20.51:213][  0]LogShaderCompilers: Display: Shaders left to compile 59
[2018.09.21-18.20.51:213][  0]LogShaderCompilers: Display: Shaders left to compile 49
[2018.09.21-18.20.51:213][  0]LogShaderCompilers: Display: Shaders left to compile 39
[2018.09.21-18.20.51:213][  0]LogShaderCompilers: Display: Shaders left to compile 29
[2018.09.21-18.20.51:213][  0]MapCheck: Warning: M_Wood_Walnut Material /Game/StarterContent/Materials/M_Wood_Walnut.M_Wood_Walnut was missing the usage flag bUsedWithSkeletalMesh. If the material asset is not re-saved, it may not render correctly when run outside the editor. Fix
[2018.09.21-18.20.51:227][  0]LogEditorServer: Finished looking for orphan Actors (0.000 secs)
[2018.09.21-18.20.51:242][  0]LogUObjectGlobals: Destroyed PersistentFrame Addr=0x000001c1b16cf718, Size=40
[2018.09.21-18.20.51:243][  0]LogUObjectGlobals: Destroyed PersistentFrame Addr=0x000001c1b5176080, Size=2160
[2018.09.21-18.20.51:243][  0]LogUObjectGlobals: Destroyed PersistentFrame Addr=0x000001c1b51c7f90, Size=112
[2018.09.21-18.20.51:243][  0]LogUObjectGlobals: Destroyed PersistentFrame Addr=0x000001c1a2bfd600, Size=88
[2018.09.21-18.20.51:243][  0]LogUObjectGlobals: Destroyed PersistentFrame Addr=0x000001c1b51c8ea0, Size=136
[2018.09.21-18.20.51:243][  0]LogUObjectGlobals: Destroyed PersistentFrame Addr=0x000001c19bce0f00, Size=392
[2018.09.21-18.20.51:243][  0]LogUObjectGlobals: Destroyed PersistentFrame Addr=0x000001c197fd96c0, Size=192
[2018.09.21-18.20.51:243][  0]LogUObjectGlobals: Destroyed PersistentFrame Addr=0x000001c1a290c9c0, Size=64
[2018.09.21-18.20.51:243][  0]LogUObjectGlobals: Destroyed PersistentFrame Addr=0x000001c1a291a700, Size=536
[2018.09.21-18.20.51:243][  0]LogUObjectGlobals: Destroyed PersistentFrame Addr=0x000001c197fc1110, Size=4
[2018.09.21-18.20.51:243][  0]LogUObjectGlobals: Destroyed PersistentFrame Addr=0x000001c1b5165900, Size=720
[2018.09.21-18.20.51:243][  0]LogUObjectGlobals: Destroyed PersistentFrame Addr=0x000001c1b51a6520, Size=160
[2018.09.21-18.20.51:243][  0]LogUObjectGlobals: Destroyed PersistentFrame Addr=0x000001c197fe2fe8, Size=40
[2018.09.21-18.20.51:243][  0]LogUObjectGlobals: Destroyed PersistentFrame Addr=0x000001c1b5171a80, Size=384
[2018.09.21-18.20.51:243][  0]LogUObjectGlobals: Destroyed PersistentFrame Addr=0x000001c1b5345150, Size=24
[2018.09.21-18.20.51:243][  0]LogUObjectGlobals: Destroyed PersistentFrame Addr=0x000001c197fc1168, Size=4
[2018.09.21-18.20.51:243][  0]LogUObjectGlobals: Destroyed PersistentFrame Addr=0x000001c1b5359680, Size=128
[2018.09.21-18.20.51:243][  0]LogUObjectGlobals: Destroyed PersistentFrame Addr=0x000001c1b51843c0, Size=64
[2018.09.21-18.20.51:243][  0]LogUObjectGlobals: Destroyed PersistentFrame Addr=0x000001c19b509ea8, Size=4
[2018.09.21-18.20.51:243][  0]LogUObjectGlobals: Destroyed PersistentFrame Addr=0x000001c19b50a760, Size=4
[2018.09.21-18.20.51:243][  0]LogUObjectGlobals: Destroyed PersistentFrame Addr=0x000001c1b5db62a0, Size=40
[2018.09.21-18.20.51:243][  0]LogUObjectGlobals: Destroyed PersistentFrame Addr=0x000001c1b58ed9c0, Size=32
[2018.09.21-18.20.51:244][  0]LogUObjectGlobals: Destroyed PersistentFrame Addr=0x000001c1b882c5e0, Size=136
[2018.09.21-18.20.51:246][  0]Cmd: MAP CHECKDEP NOCLEARLOG
[2018.09.21-18.20.51:525][  0]MapCheck: Map check complete: 0 Error(s), 2 Warning(s), took 277.922ms to complete.
[2018.09.21-18.20.51:538][  0]LogFileHelpers: Loading map 'ThirdPersonExampleMap' took 5.315
[2018.09.21-18.20.51:623][  0]LogCollectionManager: Loaded 0 collections in 0.003717 seconds
[2018.09.21-18.20.51:673][  0]LogFileCache: Scanning file cache for directory 'C:/Users/Max/Documents/GitHub/New3/WrittenInStone123/Saved/Collections/' took 0.01s
[2018.09.21-18.20.51:673][  0]LogFileCache: Scanning file cache for directory 'C:/Users/Max/Documents/GitHub/New3/WrittenInStone123/Content/Developers/MaxMosawi/Collections/' took 0.01s
[2018.09.21-18.20.51:673][  0]LogFileCache: Scanning file cache for directory 'C:/Users/Max/Documents/GitHub/New3/WrittenInStone123/Content/Collections/' took 0.01s
[2018.09.21-18.20.51:673][  0]LogCollectionManager: Rebuilt the GUID cache for 0 collections in 0.000000 seconds
[2018.09.21-18.20.51:686][  0]LogContentBrowser: Native class hierarchy populated in 0.0124 seconds. Added 2452 classes and 558 folders.
[2018.09.21-18.20.51:695][  0]LogContentBrowser: Native class hierarchy updated for 'WidgetCarousel' in 0.0002 seconds. Added 0 classes and 0 folders.
[2018.09.21-18.20.51:800][  0]LogContentBrowser: Native class hierarchy updated for 'AddContentDialog' in 0.0004 seconds. Added 0 classes and 0 folders.
[2018.09.21-18.20.51:886][  0]LogContentBrowser: Native class hierarchy updated for 'SceneOutliner' in 0.0004 seconds. Added 1 classes and 2 folders.
[2018.09.21-18.20.52:075][  0]LogSlate: Took 0.000424 seconds to synchronously load lazily loaded font '../../../Engine/Content/Slate/Fonts/Roboto-Regular.ttf' (155K)
[2018.09.21-18.20.52:078][  0]LogSlate: Took 0.000405 seconds to synchronously load lazily loaded font '../../../Engine/Content/Editor/Slate/Fonts/FontAwesome.ttf' (139K)
[2018.09.21-18.20.52:078][  0]LogSlate: Took 0.000336 seconds to synchronously load lazily loaded font '../../../Engine/Content/Slate/Fonts/Roboto-Bold.ttf' (160K)
[2018.09.21-18.20.52:261][  0]LogRenderer: Reallocating scene render targets to support 256x256 Format 10 NumSamples 1 (Frame:1).
[2018.09.21-18.20.52:289][  0]LogRenderer: Reallocating scene render targets to support 988x708 Format 9 NumSamples 1 (Frame:1).
[2018.09.21-18.20.52:975][  0]LogContentBrowser: Native class hierarchy updated for 'HierarchicalLODOutliner' in 0.0004 seconds. Added 0 classes and 0 folders.
[2018.09.21-18.20.52:975][  0]LogLoad: (Engine Initialization) Total time: 30.73 seconds
[2018.09.21-18.20.52:975][  0]LogLoad: (Engine Initialization) Total Blueprint compile time: 0.00 seconds
[2018.09.21-18.20.53:351][  0]LogContentStreaming: Texture pool size now 800 MB
[2018.09.21-18.20.53:377][  0]LogSlate: Took 0.000362 seconds to synchronously load lazily loaded font '../../../Engine/Content/Slate/Fonts/Roboto-Light.ttf' (167K)
[2018.09.21-18.20.54:007][  2]LogAssetRegistry: Asset discovery search completed in 20.6405 seconds
[2018.09.21-18.20.54:012][  2]LogCollectionManager: Rebuilt the object cache for 0 collections in 0.000001 seconds (found 0 objects)
[2018.09.21-18.20.54:012][  2]LogCollectionManager: Fixed up redirectors for 0 collections in 0.000110 seconds (updated 0 objects)
[2018.09.21-18.20.54:344][  3]LogShaderCompilers: Display: Shaders left to compile 88
[2018.09.21-18.20.54:344][  3]LogSlate: Took 0.000335 seconds to synchronously load lazily loaded font '../../../Engine/Content/Slate/Fonts/Roboto-Light.ttf' (167K)
[2018.09.21-18.20.54:990][  5]LogShaderCompilers: Display: Shaders left to compile 78
[2018.09.21-18.20.55:392][  6]LogShaderCompilers: Display: Shaders left to compile 68
[2018.09.21-18.20.55:484][  6]LogShaderCompilers: Display: Shaders left to compile 58
[2018.09.21-18.20.57:603][  6]LogShaderCompilers: Display: Shaders left to compile 48
[2018.09.21-18.20.57:603][  6]LogShaderCompilers: Display: Shaders left to compile 38
[2018.09.21-18.20.57:604][  6]LogShaderCompilers: Display: Shaders left to compile 28
[2018.09.21-18.20.59:448][  6]LogShaderCompilers: Display: Shaders left to compile 18
[2018.09.21-18.20.59:955][  8]LogShaderCompilers: Display: Shaders left to compile 8
[2018.09.21-18.21.06:205][262]LogSlate: FSceneViewport::OnFocusLost() reason 2
[2018.09.21-18.21.08:900][418]LogSlate: Window 'WrittenInStone - Unreal Editor' being destroyed
[2018.09.21-18.21.08:902][418]LogWindowsTextInputMethodSystem: Display: IME system now deactivated.
[2018.09.21-18.21.09:137][419]Cmd: QUIT_EDITOR
[2018.09.21-18.21.09:160][419]LogSlate: Slate User Destroyed.  User Index 0, Is Virtual User: 0
[2018.09.21-18.21.09:160][419]LogExit: Preparing to exit.
[2018.09.21-18.21.09:617][419]LogDirectoryWatcher: A directory notification for 'C:/Users/Max/Documents/GitHub/New3/WrittenInStone123/Content/' was aborted.
[2018.09.21-18.21.09:676][419]LogExit: Editor shut down
[2018.09.21-18.21.09:679][419]LogExit: Transaction tracking system shut down
[2018.09.21-18.21.09:680][419]LogUObjectGlobals: Destroyed PersistentFrame Addr=0x000001c1b16cf308, Size=40
[2018.09.21-18.21.09:683][419]LogUObjectGlobals: Destroyed PersistentFrame Addr=0x000001c1b5c393c0, Size=88
[2018.09.21-18.21.09:683][419]LogUObjectGlobals: Destroyed PersistentFrame Addr=0x000001c1b5a91a80, Size=136
[2018.09.21-18.21.09:683][419]LogUObjectGlobals: Destroyed PersistentFrame Addr=0x000001c1b5f3c948, Size=4
[2018.09.21-18.21.09:683][419]LogUObjectGlobals: Destroyed PersistentFrame Addr=0x000001c1b5a6b200, Size=392
[2018.09.21-18.21.09:683][419]LogUObjectGlobals: Destroyed PersistentFrame Addr=0x000001c1b5a172e0, Size=112
[2018.09.21-18.21.09:683][419]LogUObjectGlobals: Destroyed PersistentFrame Addr=0x000001c1b5f3c810, Size=4
[2018.09.21-18.21.09:683][419]LogUObjectGlobals: Destroyed PersistentFrame Addr=0x000001c1b59ffec0, Size=160
[2018.09.21-18.21.09:683][419]LogUObjectGlobals: Destroyed PersistentFrame Addr=0x000001c1b5a45a00, Size=64
[2018.09.21-18.21.09:683][419]LogUObjectGlobals: Destroyed PersistentFrame Addr=0x000001c1b5a96200, Size=536
[2018.09.21-18.21.09:683][419]LogUObjectGlobals: Destroyed PersistentFrame Addr=0x000001c1b5db6638, Size=40
[2018.09.21-18.21.09:683][419]LogUObjectGlobals: Destroyed PersistentFrame Addr=0x000001c1b59c87c0, Size=192
[2018.09.21-18.21.09:683][419]LogUObjectGlobals: Destroyed PersistentFrame Addr=0x000001c1b591c100, Size=2160
[2018.09.21-18.21.09:683][419]LogUObjectGlobals: Destroyed PersistentFrame Addr=0x000001c1b58b2d80, Size=128
[2018.09.21-18.21.09:684][419]LogUObjectGlobals: Destroyed PersistentFrame Addr=0x000001c1b5af08c8, Size=24
[2018.09.21-18.21.09:684][419]LogUObjectGlobals: Destroyed PersistentFrame Addr=0x000001c1b5891180, Size=384
[2018.09.21-18.21.09:684][419]LogUObjectGlobals: Destroyed PersistentFrame Addr=0x000001c1b580d000, Size=720
[2018.09.21-18.21.09:684][419]LogUObjectGlobals: Destroyed PersistentFrame Addr=0x000001c1b57e0a80, Size=64
[2018.09.21-18.21.09:684][419]LogUObjectGlobals: Destroyed PersistentFrame Addr=0x000001c19b50a618, Size=4
[2018.09.21-18.21.09:684][419]LogUObjectGlobals: Destroyed PersistentFrame Addr=0x000001c19b50a620, Size=4
[2018.09.21-18.21.09:684][419]LogUObjectGlobals: Destroyed PersistentFrame Addr=0x000001c1b5db4fe0, Size=40
[2018.09.21-18.21.09:684][419]LogUObjectGlobals: Destroyed PersistentFrame Addr=0x000001c1b58efce0, Size=32
[2018.09.21-18.21.09:685][419]LogUObjectGlobals: Destroyed PersistentFrame Addr=0x000001c1b87d6160, Size=136
[2018.09.21-18.21.09:909][419]LogDirectoryWatcher: A directory notification for '../../../Engine/Content/' was aborted.
[2018.09.21-18.21.09:909][419]LogDirectoryWatcher: A directory notification for '../../../../GitHub/New3/WrittenInStone123/Content/' was aborted.
[2018.09.21-18.21.09:909][419]LogDirectoryWatcher: A directory notification for '../../Plugins/2D/Paper2D/Content/' was aborted.
[2018.09.21-18.21.09:909][419]LogDirectoryWatcher: A directory notification for '../../Plugins/Enterprise/DatasmithContent/Content/' was aborted.
[2018.09.21-18.21.09:909][419]LogDirectoryWatcher: A directory notification for '../../Plugins/Media/MediaCompositing/Content/' was aborted.
[2018.09.21-18.21.09:909][419]LogDirectoryWatcher: A directory notification for '../../Plugins/Runtime/AppleARKit/Content/' was aborted.
[2018.09.21-18.21.09:909][419]LogDirectoryWatcher: A directory notification for '../../Plugins/Runtime/Oculus/OculusVR/Content/' was aborted.
[2018.09.21-18.21.09:910][419]LogDirectoryWatcher: A directory notification for '../../Plugins/Runtime/Steam/SteamVR/Content/' was aborted.
[2018.09.21-18.21.09:971][419]LogExit: Object subsystem successfully closed.
[2018.09.21-18.21.10:055][419]LogShaderCompilers: Display: Shaders left to compile 0
[2018.09.21-18.21.10:062][419]LogD3D11RHI: Shutdown
[2018.09.21-18.21.10:062][419]LogD3D11RHI: CleanupD3DDevice
[2018.09.21-18.21.10:084][419]LogD3D11RHI: ~FD3D11DynamicRHI
[2018.09.21-18.21.10:163][419]LogModuleManager: Shutting down and abandoning module HierarchicalLODOutliner (574)
[2018.09.21-18.21.10:163][419]LogModuleManager: Shutting down and abandoning module SceneOutliner (572)
[2018.09.21-18.21.10:163][419]LogModuleManager: Shutting down and abandoning module AddContentDialog (570)
[2018.09.21-18.21.10:164][419]LogDirectoryWatcher: A directory notification for 'C:/Users/Max/Documents/UE_4.19/FeaturePacks/' was aborted.
[2018.09.21-18.21.10:165][419]LogModuleManager: Shutting down and abandoning module WidgetCarousel (569)
[2018.09.21-18.21.10:165][419]LogModuleManager: Shutting down and abandoning module EditorWidgets (566)
[2018.09.21-18.21.10:165][419]LogModuleManager: Shutting down and abandoning module CollectionManager (564)
[2018.09.21-18.21.10:165][419]LogDirectoryWatcher: A directory notification for 'C:/Users/Max/Documents/GitHub/New3/WrittenInStone123/Content/Collections/' was aborted.
[2018.09.21-18.21.10:165][419]LogDirectoryWatcher: A directory notification for 'C:/Users/Max/Documents/GitHub/New3/WrittenInStone123/Content/Developers/MaxMosawi/Collections/' was aborted.
[2018.09.21-18.21.10:165][419]LogDirectoryWatcher: A directory notification for 'C:/Users/Max/Documents/GitHub/New3/WrittenInStone123/Saved/Collections/' was aborted.
[2018.09.21-18.21.10:165][419]LogModuleManager: Shutting down and abandoning module StatsViewer (562)
[2018.09.21-18.21.10:165][419]LogModuleManager: Shutting down and abandoning module FoliageEdit (560)
[2018.09.21-18.21.10:165][419]LogModuleManager: Shutting down and abandoning module LandscapeEditor (558)
[2018.09.21-18.21.10:166][419]LogModuleManager: Shutting down and abandoning module MeshPaintMode (556)
[2018.09.21-18.21.10:166][419]LogModuleManager: Shutting down and abandoning module SceneDepthPickerMode (554)
[2018.09.21-18.21.10:166][419]LogModuleManager: Shutting down and abandoning module ActorPickerMode (552)
[2018.09.21-18.21.10:166][419]LogModuleManager: Shutting down and abandoning module GeometryMode (550)
[2018.09.21-18.21.10:166][419]LogModuleManager: Shutting down and abandoning module TextureAlignMode (548)
[2018.09.21-18.21.10:166][419]LogModuleManager: Shutting down and abandoning module BspMode (546)
[2018.09.21-18.21.10:166][419]LogModuleManager: Shutting down and abandoning module PIEPreviewDeviceProfileSelector (544)
[2018.09.21-18.21.10:166][419]LogModuleManager: Shutting down and abandoning module HardwareSurvey (542)
[2018.09.21-18.21.10:166][419]LogModuleManager: Shutting down and abandoning module SequenceRecorderSections (540)
[2018.09.21-18.21.10:166][419]LogModuleManager: Shutting down and abandoning module AutomationWorker (538)
[2018.09.21-18.21.10:166][419]LogModuleManager: Shutting down and abandoning module AudioCaptureEditor (536)
[2018.09.21-18.21.10:166][419]LogModuleManager: Shutting down and abandoning module SequenceRecorder (535)
[2018.09.21-18.21.10:166][419]LogModuleManager: Shutting down and abandoning module MatineeToLevelSequence (532)
[2018.09.21-18.21.10:166][419]LogModuleManager: Shutting down and abandoning module LevelSequenceEditor (530)
[2018.09.21-18.21.10:166][419]LogModuleManager: Shutting down and abandoning module PlacementMode (529)
[2018.09.21-18.21.10:166][419]LogModuleManager: Shutting down and abandoning module MaterialEditor (528)
[2018.09.21-18.21.10:166][419]LogModuleManager: Shutting down and abandoning module WmfMediaFactory (524)
[2018.09.21-18.21.10:166][419]LogModuleManager: Shutting down and abandoning module WmfMediaEditor (522)
[2018.09.21-18.21.10:166][419]LogModuleManager: Shutting down and abandoning module MediaPlayerEditor (520)
[2018.09.21-18.21.10:166][419]LogModuleManager: Shutting down and abandoning module OpenExrWrapper (518)
[2018.09.21-18.21.10:166][419]LogModuleManager: Shutting down and abandoning module ImgMediaFactory (516)
[2018.09.21-18.21.10:166][419]LogModuleManager: Shutting down and abandoning module ImgMediaEditor (514)
[2018.09.21-18.21.10:166][419]LogModuleManager: Shutting down and abandoning module AvfMediaFactory (512)
[2018.09.21-18.21.10:167][419]LogModuleManager: Shutting down and abandoning module AvfMediaEditor (510)
[2018.09.21-18.21.10:167][419]LogModuleManager: Shutting down and abandoning module AndroidMediaFactory (508)
[2018.09.21-18.21.10:167][419]LogModuleManager: Shutting down and abandoning module AndroidMediaEditor (506)
[2018.09.21-18.21.10:167][419]LogModuleManager: Shutting down and abandoning module CharacterAI (504)
[2018.09.21-18.21.10:167][419]LogModuleManager: Shutting down and abandoning module SmartSnapping (502)
[2018.09.21-18.21.10:167][419]LogModuleManager: Shutting down and abandoning module SessionServices (500)
[2018.09.21-18.21.10:167][419]LogModuleManager: Shutting down and abandoning module ViewportSnapping (498)
[2018.09.21-18.21.10:167][419]LogModuleManager: Shutting down and abandoning module ViewportInteraction (496)
[2018.09.21-18.21.10:167][419]LogModuleManager: Shutting down and abandoning module ClothPainter (494)
[2018.09.21-18.21.10:167][419]LogModuleManager: Shutting down and abandoning module SkeletalMeshEditor (493)
[2018.09.21-18.21.10:167][419]LogModuleManager: Shutting down and abandoning module LogVisualizer (490)
[2018.09.21-18.21.10:167][419]LogModuleManager: Shutting down and abandoning module IntroTutorials (488)
[2018.09.21-18.21.10:167][419]LogModuleManager: Shutting down and abandoning module GameProjectGeneration (487)
[2018.09.21-18.21.10:167][419]LogModuleManager: Shutting down and abandoning module IOSPlatformEditor (484)
[2018.09.21-18.21.10:167][419]LogModuleManager: Shutting down and abandoning module HTML5PlatformEditor (482)
[2018.09.21-18.21.10:167][419]LogModuleManager: Shutting down and abandoning module AndroidPlatformEditor (480)
[2018.09.21-18.21.10:167][419]LogModuleManager: Shutting down and abandoning module AndroidDeviceDetection (479)
[2018.09.21-18.21.10:891][419]LogModuleManager: Shutting down and abandoning module WindowsPlatformEditor (476)
[2018.09.21-18.21.10:891][419]LogModuleManager: Shutting down and abandoning module IOSRuntimeSettings (474)
[2018.09.21-18.21.10:891][419]LogModuleManager: Shutting down and abandoning module AndroidRuntimeSettings (472)
[2018.09.21-18.21.10:891][419]LogModuleManager: Shutting down and abandoning module InputBindingEditor (470)
[2018.09.21-18.21.10:891][419]LogModuleManager: Shutting down and abandoning module MergeActors (468)
[2018.09.21-18.21.10:892][419]LogModuleManager: Shutting down and abandoning module LocalizationDashboard (466)
[2018.09.21-18.21.10:892][419]LogModuleManager: Shutting down and abandoning module LocalizationService (465)
[2018.09.21-18.21.10:892][419]LogModuleManager: Shutting down and abandoning module HardwareTargeting (462)
[2018.09.21-18.21.10:892][419]LogModuleManager: Shutting down and abandoning module DeviceProfileEditor (460)
[2018.09.21-18.21.10:892][419]LogModuleManager: Shutting down and abandoning module UndoHistory (458)
[2018.09.21-18.21.10:892][419]LogModuleManager: Shutting down and abandoning module XmlParser (456)
[2018.09.21-18.21.10:892][419]LogModuleManager: Shutting down and abandoning module Blutility (454)
[2018.09.21-18.21.10:892][419]LogModuleManager: Shutting down and abandoning module ProjectSettingsViewer (452)
[2018.09.21-18.21.10:892][419]LogModuleManager: Shutting down and abandoning module ProjectTargetPlatformEditor (451)
[2018.09.21-18.21.10:892][419]LogModuleManager: Shutting down and abandoning module EditorSettingsViewer (448)
[2018.09.21-18.21.10:892][419]LogModuleManager: Shutting down and abandoning module SettingsEditor (446)
[2018.09.21-18.21.10:892][419]LogModuleManager: Shutting down and abandoning module ProjectLauncher (444)
[2018.09.21-18.21.10:892][419]LogModuleManager: Shutting down and abandoning module SessionFrontend (442)
[2018.09.21-18.21.10:892][419]LogModuleManager: Shutting down and abandoning module ProfilerClient (440)
[2018.09.21-18.21.10:892][419]LogModuleManager: Shutting down and abandoning module DeviceManager (438)
[2018.09.21-18.21.10:892][419]LogModuleManager: Shutting down and abandoning module TargetDeviceServices (437)
[2018.09.21-18.21.10:946][419]LogModuleManager: Shutting down and abandoning module AutomationController (434)
[2018.09.21-18.21.10:946][419]LogModuleManager: Shutting down and abandoning module AutomationWindow (432)
[2018.09.21-18.21.10:946][419]LogModuleManager: Shutting down and abandoning module Layers (430)
[2018.09.21-18.21.10:946][419]LogModuleManager: Shutting down and abandoning module ComponentVisualizers (428)
[2018.09.21-18.21.10:946][419]LogModuleManager: Shutting down and abandoning module DetailCustomizations (426)
[2018.09.21-18.21.10:946][419]LogModuleManager: Shutting down and abandoning module PackagesDialog (424)
[2018.09.21-18.21.10:946][419]LogModuleManager: Shutting down and abandoning module Persona (422)
[2018.09.21-18.21.10:946][419]LogModuleManager: Shutting down and abandoning module AdvancedPreviewScene (421)
[2018.09.21-18.21.10:946][419]LogModuleManager: Shutting down and abandoning module AnimGraph (419)
[2018.09.21-18.21.10:946][419]LogModuleManager: Shutting down and abandoning module Kismet (416)
[2018.09.21-18.21.10:947][419]LogModuleManager: Shutting down and abandoning module GraphEditor (414)
[2018.09.21-18.21.10:947][419]LogModuleManager: Shutting down and abandoning module ClassViewer (412)
[2018.09.21-18.21.10:947][419]LogModuleManager: Shutting down and abandoning module Toolbox (410)
[2018.09.21-18.21.10:947][419]LogModuleManager: Shutting down and abandoning module ModuleUI (408)
[2018.09.21-18.21.10:947][419]LogModuleManager: Shutting down and abandoning module MovieSceneTools (406)
[2018.09.21-18.21.10:947][419]LogModuleManager: Shutting down and abandoning module OutputLog (404)
[2018.09.21-18.21.10:947][419]LogModuleManager: Shutting down and abandoning module GammaUI (402)
[2018.09.21-18.21.10:947][419]LogModuleManager: Shutting down and abandoning module Documentation (400)
[2018.09.21-18.21.10:947][419]LogModuleManager: Shutting down and abandoning module MovieSceneTracks (398)
[2018.09.21-18.21.10:947][419]LogModuleManager: Shutting down and abandoning module MovieScene (396)
[2018.09.21-18.21.10:947][419]LogModuleManager: Shutting down and abandoning module StreamingPauseRendering (394)
[2018.09.21-18.21.10:947][419]LogModuleManager: Shutting down and abandoning module LauncherPlatform (392)
[2018.09.21-18.21.10:947][419]LogModuleManager: Shutting down and abandoning module AnalyticsET (390)
[2018.09.21-18.21.10:947][419]LogModuleManager: Shutting down and abandoning module PortalServices (388)
[2018.09.21-18.21.10:947][419]LogModuleManager: Shutting down and abandoning module PortalRpc (386)
[2018.09.21-18.21.10:947][419]LogModuleManager: Shutting down and abandoning module MessagingRpc (384)
[2018.09.21-18.21.10:947][419]LogModuleManager: Shutting down and abandoning module AIModule (382)
[2018.09.21-18.21.10:947][419]LogModuleManager: Shutting down and abandoning module GameplayDebugger (381)
[2018.09.21-18.21.10:947][419]LogModuleManager: Shutting down and abandoning module AITestSuite (379)
[2018.09.21-18.21.10:947][419]LogModuleManager: Shutting down and abandoning module DesktopPlatform (376)
[2018.09.21-18.21.10:948][419]LogModuleManager: Shutting down and abandoning module ProfilerService (374)
[2018.09.21-18.21.11:195][419]LogModuleManager: Shutting down and abandoning module TaskGraph (372)
[2018.09.21-18.21.11:195][419]LogModuleManager: Shutting down and abandoning module SteamVRController (370)
[2018.09.21-18.21.11:195][419]LogModuleManager: Shutting down and abandoning module ProceduralMeshComponentEditor (368)
[2018.09.21-18.21.11:195][419]LogModuleManager: Shutting down and abandoning module ProceduralMeshComponent (366)
[2018.09.21-18.21.11:195][419]LogModuleManager: Shutting down and abandoning module OculusInput (364)
[2018.09.21-18.21.11:195][419]LogModuleManager: Shutting down and abandoning module MobilePatchingUtils (362)
[2018.09.21-18.21.11:195][419]LogModuleManager: Shutting down and abandoning module CustomMeshComponent (360)
[2018.09.21-18.21.11:195][419]LogModuleManager: Shutting down and abandoning module CableComponent (358)
[2018.09.21-18.21.11:195][419]LogModuleManager: Shutting down and abandoning module AudioCapture (356)
[2018.09.21-18.21.11:195][419]LogModuleManager: Shutting down and abandoning module ArchVisCharacter (354)
[2018.09.21-18.21.11:195][419]LogModuleManager: Shutting down and abandoning module AndroidPermission (352)
[2018.09.21-18.21.11:195][419]LogModuleManager: Shutting down and abandoning module NUTUnrealEngine4 (348)
[2018.09.21-18.21.11:195][419]LogModuleManager: Shutting down and abandoning module NetcodeUnitTest (346)
[2018.09.21-18.21.11:195][419]LogModuleManager: Shutting down and abandoning module MediaCompositingEditor (344)
[2018.09.21-18.21.11:196][419]LogModuleManager: Shutting down and abandoning module MediaCompositing (342)
[2018.09.21-18.21.11:196][419]LogModuleManager: Shutting down and abandoning module LinearTimecode (340)
[2018.09.21-18.21.11:196][419]LogModuleManager: Shutting down and abandoning module ImgMedia (338)
[2018.09.21-18.21.11:199][419]LogModuleManager: Shutting down and abandoning module HTML5Networking (336)
[2018.09.21-18.21.11:199][419]LogModuleManager: Shutting down and abandoning module AlembicImporter (334)
[2018.09.21-18.21.11:199][419]LogModuleManager: Shutting down and abandoning module AlembicLibrary (333)
[2018.09.21-18.21.11:199][419]LogModuleManager: Shutting down and abandoning module GeometryCache (332)
[2018.09.21-18.21.11:199][419]LogModuleManager: Shutting down and abandoning module GeometryCacheEd (331)
[2018.09.21-18.21.11:199][419]LogModuleManager: Shutting down and abandoning module DatasmithContent (326)
[2018.09.21-18.21.11:199][419]LogModuleManager: Shutting down and abandoning module SpeedTreeImporter (324)
[2018.09.21-18.21.11:199][419]LogModuleManager: Shutting down and abandoning module PluginBrowser (322)
[2018.09.21-18.21.11:199][419]LogModuleManager: Shutting down and abandoning module MobileLauncherProfileWizard (320)
[2018.09.21-18.21.11:199][419]LogModuleManager: Shutting down and abandoning module CryptoKeysOpenSSL (318)
[2018.09.21-18.21.11:199][419]LogModuleManager: Shutting down and abandoning module CryptoKeys (316)
[2018.09.21-18.21.11:199][419]LogModuleManager: Shutting down and abandoning module VisualStudioSourceCodeAccess (314)
[2018.09.21-18.21.11:199][419]LogModuleManager: Shutting down and abandoning module VisualStudioCodeSourceCodeAccess (312)
[2018.09.21-18.21.11:199][419]LogModuleManager: Shutting down and abandoning module UObjectPlugin (310)
[2018.09.21-18.21.11:199][419]LogModuleManager: Shutting down and abandoning module SubversionSourceControl (308)
[2018.09.21-18.21.11:199][419]LogModuleManager: Shutting down and abandoning module PerforceSourceControl (306)
[2018.09.21-18.21.11:199][419]LogModuleManager: Shutting down and abandoning module GitSourceControl (304)
[2018.09.21-18.21.11:199][419]LogModuleManager: Shutting down and abandoning module SourceControl (303)
[2018.09.21-18.21.11:200][419]LogModuleManager: Shutting down and abandoning module CLionSourceCodeAccess (300)
[2018.09.21-18.21.11:200][419]LogModuleManager: Shutting down and abandoning module LightPropagationVolumeEditor (298)
[2018.09.21-18.21.11:200][419]LogModuleManager: Shutting down and abandoning module PaperTiledImporter (296)
[2018.09.21-18.21.11:200][419]LogModuleManager: Shutting down and abandoning module PaperSpriteSheetImporter (294)
[2018.09.21-18.21.11:200][419]LogModuleManager: Shutting down and abandoning module Paper2DEditor (292)
[2018.09.21-18.21.11:200][419]LogModuleManager: Shutting down and abandoning module MeshPaint (291)
[2018.09.21-18.21.11:200][419]LogModuleManager: Shutting down and abandoning module RuntimePhysXCooking (288)
[2018.09.21-18.21.11:200][419]LogModuleManager: Shutting down and abandoning module PhysXVehiclesEditor (286)
[2018.09.21-18.21.11:200][419]LogModuleManager: Shutting down and abandoning module PhysXVehicles (284)
[2018.09.21-18.21.11:200][419]LogModuleManager: Shutting down and abandoning module OculusEditor (282)
[2018.09.21-18.21.11:200][419]LogModuleManager: Shutting down and abandoning module LocationServicesBPLibrary (280)
[2018.09.21-18.21.11:200][419]LogModuleManager: Shutting down and abandoning module ImmediatePhysicsEditor (278)
[2018.09.21-18.21.11:200][419]LogModuleManager: Shutting down and abandoning module ImmediatePhysics (276)
[2018.09.21-18.21.11:200][419]LogModuleManager: Shutting down and abandoning module ActorSequence (274)
[2018.09.21-18.21.11:200][419]LogModuleManager: Shutting down and abandoning module UdpMessaging (272)
[2018.09.21-18.21.11:301][419]LogModuleManager: Shutting down and abandoning module TcpMessaging (270)
[2018.09.21-18.21.11:402][419]LogModuleManager: Shutting down and abandoning module GameplayTagsEditor (268)
[2018.09.21-18.21.11:402][419]LogModuleManager: Shutting down and abandoning module FacialAnimationEditor (266)
[2018.09.21-18.21.11:402][419]LogModuleManager: Shutting down and abandoning module FacialAnimation (264)
[2018.09.21-18.21.11:402][419]LogModuleManager: Shutting down and abandoning module DataValidation (262)
[2018.09.21-18.21.11:402][419]LogModuleManager: Shutting down and abandoning module AssetManagerEditor (260)
[2018.09.21-18.21.11:402][419]LogModuleManager: Shutting down and abandoning module LevelEditor (259)
[2018.09.21-18.21.11:402][419]LogModuleManager: Shutting down and abandoning module PixelInspectorModule (258)
[2018.09.21-18.21.11:402][419]LogModuleManager: Shutting down and abandoning module CommonMenuExtensions (256)
[2018.09.21-18.21.11:403][419]LogModuleManager: Shutting down and abandoning module MainFrame (254)
[2018.09.21-18.21.11:403][419]LogModuleManager: Shutting down and abandoning module HotReload (253)
[2018.09.21-18.21.11:403][419]LogModuleManager: Shutting down and abandoning module ContentBrowser (249)
[2018.09.21-18.21.11:404][419]LogModuleManager: Shutting down and abandoning module TreeMap (247)
[2018.09.21-18.21.11:404][419]LogModuleManager: Shutting down and abandoning module LightPropagationVolumeRuntime (244)
[2018.09.21-18.21.11:404][419]LogModuleManager: Shutting down and abandoning module LiveLinkEditor (242)
[2018.09.21-18.21.11:404][419]LogModuleManager: Shutting down and abandoning module LiveLink (240)
[2018.09.21-18.21.11:768][419]LogModuleManager: Shutting down and abandoning module Paper2D (238)
[2018.09.21-18.21.11:768][419]LogModuleManager: Shutting down and abandoning module WindowsMoviePlayer (236)
[2018.09.21-18.21.11:768][419]LogModuleManager: Shutting down and abandoning module WmfMedia (234)
[2018.09.21-18.21.11:769][419]LogModuleManager: Shutting down and abandoning module Media (233)
[2018.09.21-18.21.11:775][419]LogModuleManager: Shutting down and abandoning module PacketHandler (230)
[2018.09.21-18.21.11:775][419]LogModuleManager: Shutting down and abandoning module ClothingSystemEditor (228)
[2018.09.21-18.21.11:775][419]LogModuleManager: Shutting down and abandoning module ClothingSystemRuntime (226)
[2018.09.21-18.21.11:775][419]LogModuleManager: Shutting down and abandoning module MediaAssets (224)
[2018.09.21-18.21.11:775][419]LogModuleManager: Shutting down and abandoning module Overlay (222)
[2018.09.21-18.21.11:775][419]LogModuleManager: Shutting down and abandoning module OverlayEditor (221)
[2018.09.21-18.21.11:775][419]LogModuleManager: Shutting down and abandoning module VREditor (218)
[2018.09.21-18.21.11:775][419]LogModuleManager: Shutting down and abandoning module StringTableEditor (216)
[2018.09.21-18.21.11:775][419]LogModuleManager: Shutting down and abandoning module GameplayTasksEditor (214)
[2018.09.21-18.21.11:775][419]LogModuleManager: Shutting down and abandoning module BehaviorTreeEditor (212)
[2018.09.21-18.21.11:775][419]LogModuleManager: Shutting down and abandoning module FunctionalTesting (210)
[2018.09.21-18.21.11:775][419]LogModuleManager: Shutting down and abandoning module CollisionAnalyzer (208)
[2018.09.21-18.21.11:775][419]LogModuleManager: Shutting down and abandoning module WorkspaceMenuStructure (207)
[2018.09.21-18.21.11:775][419]LogModuleManager: Shutting down and abandoning module UMG (204)
[2018.09.21-18.21.11:775][419]LogModuleManager: Shutting down and abandoning module UMGEditor (203)
[2018.09.21-18.21.11:775][419]LogModuleManager: Shutting down and abandoning module Sequencer (202)
[2018.09.21-18.21.11:775][419]LogModuleManager: Shutting down and abandoning module MessageLog (199)
[2018.09.21-18.21.11:775][419]LogModuleManager: Shutting down and abandoning module SlateReflector (194)
[2018.09.21-18.21.11:776][419]LogModuleManager: Shutting down and abandoning module Slate (192)
[2018.09.21-18.21.11:776][419]LogModuleManager: Shutting down and abandoning module EditorStyle (190)
[2018.09.21-18.21.11:777][419]LogModuleManager: Shutting down and abandoning module MRMesh (188)
[2018.09.21-18.21.11:777][419]LogModuleManager: Shutting down and abandoning module SourceCodeAccess (186)
[2018.09.21-18.21.11:777][419]LogModuleManager: Shutting down and abandoning module HeadMountedDisplay (184)
[2018.09.21-18.21.11:777][419]LogModuleManager: Shutting down and abandoning module XAudio2 (182)
[2018.09.21-18.21.11:777][419]LogModuleManager: Shutting down and abandoning module Networking (180)
[2018.09.21-18.21.11:777][419]LogModuleManager: Shutting down and abandoning module Core (178)
[2018.09.21-18.21.11:777][419]LogModuleManager: Shutting down and abandoning module LevelSequence (176)
[2018.09.21-18.21.11:777][419]LogModuleManager: Shutting down and abandoning module KismetCompiler (174)
[2018.09.21-18.21.11:777][419]LogModuleManager: Shutting down and abandoning module MeshUtilities (172)
[2018.09.21-18.21.11:777][419]LogModuleManager: Shutting down and abandoning module MeshMergeUtilities (171)
[2018.09.21-18.21.11:777][419]LogModuleManager: Shutting down and abandoning module MeshReductionInterface (170)
[2018.09.21-18.21.11:777][419]LogModuleManager: Shutting down and abandoning module SimplygonSwarm (169)
[2018.09.21-18.21.11:777][419]LogModuleManager: Shutting down and abandoning module SimplygonMeshReduction (167)
[2018.09.21-18.21.11:777][419]LogModuleManager: Shutting down and abandoning module QuadricMeshReduction (165)
[2018.09.21-18.21.11:777][419]LogModuleManager: Shutting down and abandoning module MaterialBaking (161)
[2018.09.21-18.21.11:777][419]LogModuleManager: Shutting down and abandoning module DirectoryWatcher (157)
[2018.09.21-18.21.11:777][419]LogModuleManager: Shutting down and abandoning module DerivedDataCache (154)
[2018.09.21-18.21.12:173][419]LogDerivedDataCache: Shutdown
[2018.09.21-18.21.12:173][419]LogModuleManager: Shutting down and abandoning module XGEController (152)
[2018.09.21-18.21.12:173][419]LogModuleManager: Shutting down and abandoning module TargetPlatform (150)
[2018.09.21-18.21.12:173][419]LogModuleManager: Shutting down and abandoning module VulkanShaderFormat (149)
[2018.09.21-18.21.12:173][419]LogModuleManager: Shutting down and abandoning module ShaderFormatVectorVM (147)
[2018.09.21-18.21.12:173][419]LogModuleManager: Shutting down and abandoning module ShaderFormatOpenGL (145)
[2018.09.21-18.21.12:173][419]LogModuleManager: Shutting down and abandoning module ShaderFormatD3D (143)
[2018.09.21-18.21.12:173][419]LogModuleManager: Shutting down and abandoning module MetalShaderFormat (141)
[2018.09.21-18.21.12:173][419]LogModuleManager: Shutting down and abandoning module TextureFormatUncompressed (139)
[2018.09.21-18.21.12:173][419]LogModuleManager: Shutting down and abandoning module TextureFormatPVR (137)
[2018.09.21-18.21.12:173][419]LogModuleManager: Shutting down and abandoning module TextureFormatDXT (135)
[2018.09.21-18.21.12:173][419]LogModuleManager: Shutting down and abandoning module TextureFormatIntelISPCTexComp (133)
[2018.09.21-18.21.12:173][419]LogModuleManager: Shutting down and abandoning module TextureFormatASTC (131)
[2018.09.21-18.21.12:173][419]LogModuleManager: Shutting down and abandoning module ImageWrapper (130)
[2018.09.21-18.21.12:173][419]LogModuleManager: Shutting down and abandoning module TextureFormatAndroid (127)
[2018.09.21-18.21.12:173][419]LogModuleManager: Shutting down and abandoning module AudioFormatOpus (125)
[2018.09.21-18.21.12:173][419]LogModuleManager: Shutting down and abandoning module AudioFormatOgg (123)
[2018.09.21-18.21.12:173][419]LogModuleManager: Shutting down and abandoning module AudioFormatADPCM (121)
[2018.09.21-18.21.12:173][419]LogModuleManager: Shutting down and abandoning module LinuxTargetPlatform (119)
[2018.09.21-18.21.12:173][419]LogModuleManager: Shutting down and abandoning module LinuxServerTargetPlatform (117)
[2018.09.21-18.21.12:173][419]LogModuleManager: Shutting down and abandoning module LinuxNoEditorTargetPlatform (115)
[2018.09.21-18.21.12:173][419]LogModuleManager: Shutting down and abandoning module LinuxClientTargetPlatform (113)
[2018.09.21-18.21.12:173][419]LogModuleManager: Shutting down and abandoning module TVOSTargetPlatform (111)
[2018.09.21-18.21.12:173][419]LogModuleManager: Shutting down and abandoning module Messaging (109)
[2018.09.21-18.21.12:173][419]LogModuleManager: Shutting down and abandoning module IOSTargetPlatform (107)
[2018.09.21-18.21.12:173][419]LogModuleManager: Shutting down and abandoning module HTML5TargetPlatform (105)
[2018.09.21-18.21.12:173][419]LogModuleManager: Shutting down and abandoning module AndroidTargetPlatform (103)
[2018.09.21-18.21.12:173][419]LogModuleManager: Shutting down and abandoning module Android_PVRTCTargetPlatform (101)
[2018.09.21-18.21.12:173][419]LogModuleManager: Shutting down and abandoning module Android_MultiTargetPlatform (99)
[2018.09.21-18.21.12:173][419]LogModuleManager: Shutting down and abandoning module Android_ETC2TargetPlatform (97)
[2018.09.21-18.21.12:173][419]LogModuleManager: Shutting down and abandoning module Android_ETC1TargetPlatform (95)
[2018.09.21-18.21.12:173][419]LogModuleManager: Shutting down and abandoning module Android_ETC1aTargetPlatform (93)
[2018.09.21-18.21.12:173][419]LogModuleManager: Shutting down and abandoning module Android_DXTTargetPlatform (91)
[2018.09.21-18.21.12:173][419]LogModuleManager: Shutting down and abandoning module Android_ATCTargetPlatform (89)
[2018.09.21-18.21.12:173][419]LogModuleManager: Shutting down and abandoning module Android_ASTCTargetPlatform (87)
[2018.09.21-18.21.12:173][419]LogModuleManager: Shutting down and abandoning module WindowsTargetPlatform (85)
[2018.09.21-18.21.12:173][419]LogModuleManager: Shutting down and abandoning module WindowsServerTargetPlatform (83)
[2018.09.21-18.21.12:173][419]LogModuleManager: Shutting down and abandoning module WindowsNoEditorTargetPlatform (81)
[2018.09.21-18.21.12:173][419]LogModuleManager: Shutting down and abandoning module WindowsClientTargetPlatform (79)
[2018.09.21-18.21.12:173][419]LogModuleManager: Shutting down and abandoning module MacTargetPlatform (77)
[2018.09.21-18.21.12:173][419]LogModuleManager: Shutting down and abandoning module MacServerTargetPlatform (75)
[2018.09.21-18.21.12:173][419]LogModuleManager: Shutting down and abandoning module MacNoEditorTargetPlatform (73)
[2018.09.21-18.21.12:173][419]LogModuleManager: Shutting down and abandoning module MacClientTargetPlatform (71)
[2018.09.21-18.21.12:173][419]LogModuleManager: Shutting down and abandoning module AllDesktopTargetPlatform (69)
[2018.09.21-18.21.12:173][419]LogModuleManager: Shutting down and abandoning module InputCore (66)
[2018.09.21-18.21.12:173][419]LogModuleManager: Shutting down and abandoning module Settings (64)
[2018.09.21-18.21.12:173][419]LogModuleManager: Shutting down and abandoning module PhysXCooking (62)
[2018.09.21-18.21.12:173][419]LogModuleManager: Shutting down and abandoning module SteamVR (60)
[2018.09.21-18.21.12:173][419]LogModuleManager: Shutting down and abandoning module OculusHMD (58)
[2018.09.21-18.21.12:173][419]LogModuleManager: Shutting down and abandoning module ExampleDeviceProfileSelector (56)
[2018.09.21-18.21.12:173][419]LogModuleManager: Shutting down and abandoning module AppleARKit (54)
[2018.09.21-18.21.12:173][419]LogModuleManager: Shutting down and abandoning module AugmentedReality (51)
[2018.09.21-18.21.12:173][419]LogModuleManager: Shutting down and abandoning module OnlineBlueprintSupport (48)
[2018.09.21-18.21.12:173][419]LogModuleManager: Shutting down and abandoning module OnlineSubsystem (44)
[2018.09.21-18.21.12:173][419]LogModuleManager: Shutting down and abandoning module XMPP (43)
[2018.09.21-18.21.12:174][419]LogModuleManager: Shutting down and abandoning module HTTP (41)
[2018.09.21-18.21.12:174][419]LogHttp: Display: Http module shutting down, but needs to wait on 1 outstanding Http requests:
[2018.09.21-18.21.12:174][419]LogHttp: Display: 	verb=[POST] url=[https://datarouter.ol.epicgames.com/datarouter/api/v1/public/data?SessionID=%7B14416B0B-43A6-35A9-6283-37BFC1737B9E%7D&AppID=UEEditor.Rocket.Release&AppVersion=4.19.2-4033788%2B%2B%2BUE4%2BRelease-4.19&UserID=62f129734de86d29e6e731acd4abdfcb%7Cd4ddbed623f847809c9d824a325d2b35%7C7e7f7396-a758-4375-9c57-a7fc66951c0f&AppEnvironment=datacollector-binary&UploadType=eteventstream] status=Processing
[2018.09.21-18.21.12:186][419]LogModuleManager: Shutting down and abandoning module SSL (40)
[2018.09.21-18.21.12:187][419]LogModuleManager: Shutting down and abandoning module AnimationModifiers (36)
[2018.09.21-18.21.12:187][419]LogModuleManager: Shutting down and abandoning module PropertyEditor (35)
[2018.09.21-18.21.12:188][419]LogModuleManager: Shutting down and abandoning module AudioEditor (32)
[2018.09.21-18.21.12:188][419]LogModuleManager: Shutting down and abandoning module TextureCompressor (30)
[2018.09.21-18.21.12:188][419]LogModuleManager: Shutting down and abandoning module ShaderCore (28)
[2018.09.21-18.21.12:188][419]LogModuleManager: Shutting down and abandoning module Landscape (26)
[2018.09.21-18.21.12:188][419]LogModuleManager: Shutting down and abandoning module SlateRHIRenderer (24)
[2018.09.21-18.21.12:188][419]LogModuleManager: Shutting down and abandoning module OpenGLDrv (22)
[2018.09.21-18.21.12:188][419]LogModuleManager: Shutting down and abandoning module D3D11RHI (20)
[2018.09.21-18.21.12:188][419]LogModuleManager: Shutting down and abandoning module AnimGraphRuntime (18)
[2018.09.21-18.21.12:188][419]LogModuleManager: Shutting down and abandoning module Renderer (16)
[2018.09.21-18.21.12:188][419]LogModuleManager: Shutting down and abandoning module Engine (14)
[2018.09.21-18.21.12:188][419]LogModuleManager: Shutting down and abandoning module CoreUObject (12)
[2018.09.21-18.21.12:188][419]LogModuleManager: Shutting down and abandoning module NetworkFile (10)
[2018.09.21-18.21.12:188][419]LogModuleManager: Shutting down and abandoning module CookedIterativeFile (8)
[2018.09.21-18.21.12:188][419]LogModuleManager: Shutting down and abandoning module StreamingFile (6)
[2018.09.21-18.21.12:188][419]LogModuleManager: Shutting down and abandoning module SandboxFile (4)
[2018.09.21-18.21.12:188][419]LogModuleManager: Shutting down and abandoning module PakFile (2)
[2018.09.21-18.21.12:194][419]LogExit: Exiting.
[2018.09.21-18.21.12:213][419]Log file closed, 09/21/18 11:21:12
