Log file open, 09/04/18 13:37:25
LogWindows: Failed to load 'aqProf.dll' (GetLastError=126)
LogWindows: File 'aqProf.dll' does not exist
LogWindows: Failed to load 'VtuneApi.dll' (GetLastError=126)
LogWindows: File 'VtuneApi.dll' does not exist
LogWindows: Failed to load 'VtuneApi32e.dll' (GetLastError=126)
LogWindows: File 'VtuneApi32e.dll' does not exist
LogInit: Display: Running engine for game: WrittenInStone
LogPlatformFile: Not using cached read wrapper
LogInit: Display: RandInit(1838269182) SRandInit(1838269182).
LogInit: Read version file with build ID '3944462'
LogInit: Overriding engine version to CL 4033788, compatible CL 3944462
LogInit: Registered custom module enumerator with build ID '3944462'
LogTaskGraph: Started task graph with 5 named threads and 11 total threads with 3 sets of task threads.
LogStats: Stats thread started at 0.180683
LogD3D11RHI: Aftermath initialized
LogICUInternationalization: Display: ICU TimeZone Detection - Raw Offset: -8:00, Platform Override: ''
LogModuleManager: Display: Found up-to-date module file ../../../Engine/Plugins/2D/Paper2D/Binaries/Win64/UE4Editor-Paper2D.dll (API version 3944462).
LogModuleManager: Display: Found up-to-date module file ../../../Engine/Plugins/2D/Paper2D/Binaries/Win64/UE4Editor-Paper2DEditor.dll (API version 3944462).
LogModuleManager: Display: Found up-to-date module file ../../../Engine/Plugins/2D/Paper2D/Binaries/Win64/UE4Editor-PaperSpriteSheetImporter.dll (API version 3944462).
LogModuleManager: Display: Found up-to-date module file ../../../Engine/Plugins/2D/Paper2D/Binaries/Win64/UE4Editor-PaperTiledImporter.dll (API version 3944462).
LogModuleManager: Display: Found up-to-date module file ../../../Engine/Plugins/2D/Paper2D/Binaries/Win64/UE4Editor-SmartSnapping.dll (API version 3944462).
LogModuleManager: Display: Found up-to-date module file ../../../Engine/Plugins/Blendables/LightPropagationVolume/Binaries/Win64/UE4Editor-LightPropagationVolumeRuntime.dll (API version 3944462).
LogModuleManager: Display: Found up-to-date module file ../../../Engine/Plugins/Blendables/LightPropagationVolume/Binaries/Win64/UE4Editor-LightPropagationVolumeEditor.dll (API version 3944462).
LogModuleManager: Display: Found up-to-date module file ../../../Engine/Plugins/Developer/CLionSourceCodeAccess/Binaries/Win64/UE4Editor-CLionSourceCodeAccess.dll (API version 3944462).
LogModuleManager: Display: Found up-to-date module file ../../../Engine/Plugins/Developer/GitSourceControl/Binaries/Win64/UE4Editor-GitSourceControl.dll (API version 3944462).
LogModuleManager: Display: Found up-to-date module file ../../../Engine/Plugins/Developer/PerforceSourceControl/Binaries/Win64/UE4Editor-PerforceSourceControl.dll (API version 3944462).
LogModuleManager: Display: Found up-to-date module file ../../../Engine/Plugins/Developer/SubversionSourceControl/Binaries/Win64/UE4Editor-SubversionSourceControl.dll (API version 3944462).
LogModuleManager: Display: Found up-to-date module file ../../../Engine/Plugins/Developer/UObjectPlugin/Binaries/Win64/UE4Editor-UObjectPlugin.dll (API version 3944462).
LogModuleManager: Display: Found up-to-date module file ../../../Engine/Plugins/Developer/VisualStudioCodeSourceCodeAccess/Binaries/Win64/UE4Editor-VisualStudioCodeSourceCodeAccess.dll (API version 3944462).
LogModuleManager: Display: Found up-to-date module file ../../../Engine/Plugins/Developer/VisualStudioSourceCodeAccess/Binaries/Win64/UE4Editor-VisualStudioSourceCodeAccess.dll (API version 3944462).
LogModuleManager: Display: Found up-to-date module file ../../../Engine/Plugins/Editor/AssetManagerEditor/Binaries/Win64/UE4Editor-AssetManagerEditor.dll (API version 3944462).
LogModuleManager: Display: Found up-to-date module file ../../../Engine/Plugins/Editor/CryptoKeys/Binaries/Win64/UE4Editor-CryptoKeys.dll (API version 3944462).
LogModuleManager: Display: Found up-to-date module file ../../../Engine/Plugins/Editor/CryptoKeys/Binaries/Win64/UE4Editor-CryptoKeysOpenSSL.dll (API version 3944462).
LogModuleManager: Display: Found up-to-date module file ../../../Engine/Plugins/Editor/DataValidation/Binaries/Win64/UE4Editor-DataValidation.dll (API version 3944462).
LogModuleManager: Display: Found up-to-date module file ../../../Engine/Plugins/Editor/FacialAnimation/Binaries/Win64/UE4Editor-FacialAnimation.dll (API version 3944462).
LogModuleManager: Display: Found up-to-date module file ../../../Engine/Plugins/Editor/FacialAnimation/Binaries/Win64/UE4Editor-FacialAnimationEditor.dll (API version 3944462).
LogModuleManager: Display: Found up-to-date module file ../../../Engine/Plugins/Editor/GameplayTagsEditor/Binaries/Win64/UE4Editor-GameplayTagsEditor.dll (API version 3944462).
LogModuleManager: Display: Found up-to-date module file ../../../Engine/Plugins/Editor/MobileLauncherProfileWizard/Binaries/Win64/UE4Editor-MobileLauncherProfileWizard.dll (API version 3944462).
LogModuleManager: Display: Found up-to-date module file ../../../Engine/Plugins/Editor/PluginBrowser/Binaries/Win64/UE4Editor-PluginBrowser.dll (API version 3944462).
LogModuleManager: Display: Found up-to-date module file ../../../Engine/Plugins/Editor/SpeedTreeImporter/Binaries/Win64/UE4Editor-SpeedTreeImporter.dll (API version 3944462).
LogModuleManager: Display: Found up-to-date module file ../../../Engine/Plugins/Enterprise/DatasmithContent/Binaries/Win64/UE4Editor-DatasmithContent.dll (API version 3944462).
LogModuleManager: Display: Found up-to-date module file ../../../Engine/Plugins/Experimental/AlembicImporter/Binaries/Win64/UE4Editor-AlembicImporter.dll (API version 3944462).
LogModuleManager: Display: Found up-to-date module file ../../../Engine/Plugins/Experimental/AlembicImporter/Binaries/Win64/UE4Editor-AlembicLibrary.dll (API version 3944462).
LogModuleManager: Display: Found up-to-date module file ../../../Engine/Plugins/Experimental/CharacterAI/Binaries/Win64/UE4Editor-CharacterAI.dll (API version 3944462).
LogModuleManager: Display: Found up-to-date module file ../../../Engine/Plugins/Experimental/HTML5Networking/Binaries/Win64/UE4Editor-HTML5Networking.dll (API version 3944462).
LogModuleManager: Display: Found up-to-date module file ../../../Engine/Plugins/Media/AndroidMedia/Binaries/Win64/UE4Editor-AndroidMediaEditor.dll (API version 3944462).
LogModuleManager: Display: Found up-to-date module file ../../../Engine/Plugins/Media/AndroidMedia/Binaries/Win64/UE4Editor-AndroidMediaFactory.dll (API version 3944462).
LogModuleManager: Display: Found up-to-date module file ../../../Engine/Plugins/Media/AvfMedia/Binaries/Win64/UE4Editor-AvfMediaEditor.dll (API version 3944462).
LogModuleManager: Display: Found up-to-date module file ../../../Engine/Plugins/Media/AvfMedia/Binaries/Win64/UE4Editor-AvfMediaFactory.dll (API version 3944462).
LogModuleManager: Display: Found up-to-date module file ../../../Engine/Plugins/Media/AvfMedia/Binaries/Win64/UE4Editor-AvfMediaFactory.dll (API version 3944462).
LogModuleManager: Display: Found up-to-date module file ../../../Engine/Plugins/Media/ImgMedia/Binaries/Win64/UE4Editor-ImgMedia.dll (API version 3944462).
LogModuleManager: Display: Found up-to-date module file ../../../Engine/Plugins/Media/ImgMedia/Binaries/Win64/UE4Editor-ImgMediaEditor.dll (API version 3944462).
LogModuleManager: Display: Found up-to-date module file ../../../Engine/Plugins/Media/ImgMedia/Binaries/Win64/UE4Editor-ImgMediaFactory.dll (API version 3944462).
LogModuleManager: Display: Found up-to-date module file ../../../Engine/Plugins/Media/ImgMedia/Binaries/Win64/UE4Editor-ImgMediaFactory.dll (API version 3944462).
LogModuleManager: Display: Found up-to-date module file ../../../Engine/Plugins/Media/ImgMedia/Binaries/Win64/UE4Editor-OpenExrWrapper.dll (API version 3944462).
LogModuleManager: Display: Found up-to-date module file ../../../Engine/Plugins/Media/LinearTimecode/Binaries/Win64/UE4Editor-LinearTimecode.dll (API version 3944462).
LogModuleManager: Display: Found up-to-date module file ../../../Engine/Plugins/Media/MediaCompositing/Binaries/Win64/UE4Editor-MediaCompositing.dll (API version 3944462).
LogModuleManager: Display: Found up-to-date module file ../../../Engine/Plugins/Media/MediaCompositing/Binaries/Win64/UE4Editor-MediaCompositingEditor.dll (API version 3944462).
LogModuleManager: Display: Found up-to-date module file ../../../Engine/Plugins/Media/MediaPlayerEditor/Binaries/Win64/UE4Editor-MediaPlayerEditor.dll (API version 3944462).
LogModuleManager: Display: Found up-to-date module file ../../../Engine/Plugins/Media/WmfMedia/Binaries/Win64/UE4Editor-WmfMedia.dll (API version 3944462).
LogModuleManager: Display: Found up-to-date module file ../../../Engine/Plugins/Media/WmfMedia/Binaries/Win64/UE4Editor-WmfMediaEditor.dll (API version 3944462).
LogModuleManager: Display: Found up-to-date module file ../../../Engine/Plugins/Media/WmfMedia/Binaries/Win64/UE4Editor-WmfMediaFactory.dll (API version 3944462).
LogModuleManager: Display: Found up-to-date module file ../../../Engine/Plugins/Media/WmfMedia/Binaries/Win64/UE4Editor-WmfMediaFactory.dll (API version 3944462).
LogModuleManager: Display: Found up-to-date module file ../../../Engine/Plugins/Messaging/TcpMessaging/Binaries/Win64/UE4Editor-TcpMessaging.dll (API version 3944462).
LogModuleManager: Display: Found up-to-date module file ../../../Engine/Plugins/Messaging/UdpMessaging/Binaries/Win64/UE4Editor-UdpMessaging.dll (API version 3944462).
LogModuleManager: Display: Found up-to-date module file ../../../Engine/Plugins/MovieScene/ActorSequence/Binaries/Win64/UE4Editor-ActorSequence.dll (API version 3944462).
LogModuleManager: Display: Found up-to-date module file ../../../Engine/Plugins/MovieScene/LevelSequenceEditor/Binaries/Win64/UE4Editor-LevelSequenceEditor.dll (API version 3944462).
LogModuleManager: Display: Found up-to-date module file ../../../Engine/Plugins/MovieScene/MatineeToLevelSequence/Binaries/Win64/UE4Editor-MatineeToLevelSequence.dll (API version 3944462).
LogModuleManager: Display: Found up-to-date module file ../../../Engine/Plugins/NetcodeUnitTest/NetcodeUnitTest/Binaries/Win64/UE4Editor-NetcodeUnitTest.dll (API version 3944462).
LogModuleManager: Display: Found up-to-date module file ../../../Engine/Plugins/NetcodeUnitTest/NUTUnrealEngine4/Binaries/Win64/UE4Editor-NUTUnrealEngine4.dll (API version 3944462).
LogModuleManager: Display: Found up-to-date module file ../../../Engine/Plugins/Online/OnlineSubsystem/Binaries/Win64/UE4Editor-OnlineSubsystem.dll (API version 3944462).
LogModuleManager: Display: Found up-to-date module file ../../../Engine/Plugins/Runtime/AndroidPermission/Binaries/Win64/UE4Editor-AndroidPermission.dll (API version 3944462).
LogModuleManager: Display: Found up-to-date module file ../../../Engine/Plugins/Online/OnlineSubsystemNull/Binaries/Win64/UE4Editor-OnlineSubsystemNull.dll (API version 3944462).
LogModuleManager: Display: Found up-to-date module file ../../../Engine/Plugins/Online/OnlineSubsystemUtils/Binaries/Win64/UE4Editor-OnlineSubsystemUtils.dll (API version 3944462).
LogModuleManager: Display: Found up-to-date module file ../../../Engine/Plugins/Online/OnlineSubsystemUtils/Binaries/Win64/UE4Editor-OnlineBlueprintSupport.dll (API version 3944462).
LogModuleManager: Display: Found up-to-date module file ../../../Engine/Plugins/Runtime/AndroidDeviceProfileSelector/Binaries/Win64/UE4Editor-AndroidDeviceProfileSelector.dll (API version 3944462).
LogModuleManager: Display: Found up-to-date module file ../../../Engine/Plugins/Runtime/AppleARKit/Binaries/Win64/UE4Editor-AppleARKit.dll (API version 3944462).
LogModuleManager: Display: Found up-to-date module file ../../../Engine/Plugins/Runtime/ProceduralMeshComponent/Binaries/Win64/UE4Editor-ProceduralMeshComponent.dll (API version 3944462).
LogModuleManager: Display: Found up-to-date module file ../../../Engine/Plugins/Runtime/ProceduralMeshComponent/Binaries/Win64/UE4Editor-ProceduralMeshComponentEditor.dll (API version 3944462).
LogModuleManager: Display: Found up-to-date module file ../../../Engine/Plugins/Animation/LiveLink/Binaries/Win64/UE4Editor-LiveLink.dll (API version 3944462).
LogModuleManager: Display: Found up-to-date module file ../../../Engine/Plugins/Animation/LiveLink/Binaries/Win64/UE4Editor-LiveLinkEditor.dll (API version 3944462).
LogModuleManager: Display: Found up-to-date module file ../../../Engine/Plugins/Runtime/ArchVisCharacter/Binaries/Win64/UE4Editor-ArchVisCharacter.dll (API version 3944462).
LogModuleManager: Display: Found up-to-date module file ../../../Engine/Plugins/Runtime/AudioCapture/Binaries/Win64/UE4Editor-AudioCapture.dll (API version 3944462).
LogModuleManager: Display: Found up-to-date module file ../../../Engine/Plugins/Runtime/AudioCapture/Binaries/Win64/UE4Editor-AudioCaptureEditor.dll (API version 3944462).
LogModuleManager: Display: Found up-to-date module file ../../../Engine/Plugins/Runtime/CableComponent/Binaries/Win64/UE4Editor-CableComponent.dll (API version 3944462).
LogModuleManager: Display: Found up-to-date module file ../../../Engine/Plugins/Runtime/CustomMeshComponent/Binaries/Win64/UE4Editor-CustomMeshComponent.dll (API version 3944462).
LogModuleManager: Display: Found up-to-date module file ../../../Engine/Plugins/Runtime/ExampleDeviceProfileSelector/Binaries/Win64/UE4Editor-ExampleDeviceProfileSelector.dll (API version 3944462).
LogModuleManager: Display: Found up-to-date module file ../../../Engine/Plugins/Runtime/ImmediatePhysics/Binaries/Win64/UE4Editor-ImmediatePhysics.dll (API version 3944462).
LogModuleManager: Display: Found up-to-date module file ../../../Engine/Plugins/Runtime/ImmediatePhysics/Binaries/Win64/UE4Editor-ImmediatePhysicsEditor.dll (API version 3944462).
LogModuleManager: Display: Found up-to-date module file ../../../Engine/Plugins/Runtime/LocationServicesBPLibrary/Binaries/Win64/UE4Editor-LocationServicesBPLibrary.dll (API version 3944462).
LogModuleManager: Display: Found up-to-date module file ../../../Engine/Plugins/Runtime/MobilePatchingUtils/Binaries/Win64/UE4Editor-MobilePatchingUtils.dll (API version 3944462).
LogModuleManager: Display: Found up-to-date module file ../../../Engine/Plugins/Runtime/Oculus/OculusVR/Binaries/Win64/UE4Editor-OculusHMD.dll (API version 3944462).
LogModuleManager: Display: Found up-to-date module file ../../../Engine/Plugins/Runtime/Oculus/OculusVR/Binaries/Win64/UE4Editor-OculusInput.dll (API version 3944462).
LogModuleManager: Display: Found up-to-date module file ../../../Engine/Plugins/Runtime/Oculus/OculusVR/Binaries/Win64/UE4Editor-OculusEditor.dll (API version 3944462).
LogModuleManager: Display: Found up-to-date module file ../../../Engine/Plugins/Runtime/PhysXVehicles/Binaries/Win64/UE4Editor-PhysXVehicles.dll (API version 3944462).
LogModuleManager: Display: Found up-to-date module file ../../../Engine/Plugins/Runtime/PhysXVehicles/Binaries/Win64/UE4Editor-PhysXVehiclesEditor.dll (API version 3944462).
LogModuleManager: Display: Found up-to-date module file ../../../Engine/Plugins/Runtime/RuntimePhysXCooking/Binaries/Win64/UE4Editor-RuntimePhysXCooking.dll (API version 3944462).
LogModuleManager: Display: Found up-to-date module file ../../../Engine/Plugins/Runtime/Steam/SteamVR/Binaries/Win64/UE4Editor-SteamVR.dll (API version 3944462).
LogModuleManager: Display: Found up-to-date module file ../../../Engine/Plugins/Runtime/Steam/SteamVR/Binaries/Win64/UE4Editor-SteamVRController.dll (API version 3944462).
LogModuleManager: Display: Found up-to-date module file ../../../Engine/Plugins/Runtime/WindowsMoviePlayer/Binaries/Win64/UE4Editor-WindowsMoviePlayer.dll (API version 3944462).
LogPluginManager: Mounting plugin Paper2D
LogPluginManager: Mounting plugin LiveLink
LogPluginManager: Mounting plugin LightPropagationVolume
LogPluginManager: Mounting plugin CLionSourceCodeAccess
LogPluginManager: Mounting plugin CodeLiteSourceCodeAccess
LogPluginManager: Mounting plugin GitSourceControl
LogPluginManager: Mounting plugin KDevelopSourceCodeAccess
LogPluginManager: Mounting plugin NullSourceCodeAccess
LogPluginManager: Mounting plugin PerforceSourceControl
LogPluginManager: Mounting plugin SubversionSourceControl
LogPluginManager: Mounting plugin UObjectPlugin
LogPluginManager: Mounting plugin VisualStudioCodeSourceCodeAccess
LogPluginManager: Mounting plugin VisualStudioSourceCodeAccess
LogPluginManager: Mounting plugin XCodeSourceCodeAccess
LogPluginManager: Mounting plugin AssetManagerEditor
LogPluginManager: Mounting plugin CryptoKeys
LogPluginManager: Mounting plugin DataValidation
LogPluginManager: Mounting plugin FacialAnimation
LogPluginManager: Mounting plugin GameplayTagsEditor
LogPluginManager: Mounting plugin MobileLauncherProfileWizard
LogPluginManager: Mounting plugin PluginBrowser
LogPluginManager: Mounting plugin SpeedTreeImporter
LogPluginManager: Mounting plugin DatasmithContent
LogPluginManager: Mounting plugin AlembicImporter
LogPluginManager: Mounting plugin CharacterAI
LogPluginManager: Mounting plugin HTML5Networking
LogPluginManager: Mounting plugin AndroidMedia
LogPluginManager: Mounting plugin AvfMedia
LogPluginManager: Mounting plugin ImgMedia
LogPluginManager: Mounting plugin LinearTimecode
LogPluginManager: Mounting plugin MediaCompositing
LogPluginManager: Mounting plugin MediaPlayerEditor
LogPluginManager: Mounting plugin WmfMedia
LogPluginManager: Mounting plugin TcpMessaging
LogPluginManager: Mounting plugin UdpMessaging
LogPluginManager: Mounting plugin ActorSequence
LogPluginManager: Mounting plugin LevelSequenceEditor
LogPluginManager: Mounting plugin MatineeToLevelSequence
LogPluginManager: Mounting plugin NetcodeUnitTest
LogPluginManager: Mounting plugin NUTUnrealEngine4
LogPluginManager: Mounting plugin OnlineSubsystemGooglePlay
LogPluginManager: Mounting plugin OnlineSubsystemIOS
LogPluginManager: Mounting plugin OnlineSubsystem
LogPluginManager: Mounting plugin OnlineSubsystemNull
LogPluginManager: Mounting plugin OnlineSubsystemUtils
LogPluginManager: Mounting plugin AndroidDeviceProfileSelector
LogPluginManager: Mounting plugin AndroidMoviePlayer
LogPluginManager: Mounting plugin AndroidPermission
LogPluginManager: Mounting plugin AppleARKit
LogPluginManager: Mounting plugin AppleMoviePlayer
LogPluginManager: Mounting plugin ArchVisCharacter
LogPluginManager: Mounting plugin AudioCapture
LogPluginManager: Mounting plugin CableComponent
LogPluginManager: Mounting plugin CustomMeshComponent
LogPluginManager: Mounting plugin ExampleDeviceProfileSelector
LogPluginManager: Mounting plugin GoogleCloudMessaging
LogPluginManager: Mounting plugin ImmediatePhysics
LogPluginManager: Mounting plugin IOSDeviceProfileSelector
LogPluginManager: Mounting plugin LinuxDeviceProfileSelector
LogPluginManager: Mounting plugin LocationServicesBPLibrary
LogPluginManager: Mounting plugin MobilePatchingUtils
LogPluginManager: Mounting plugin OculusVR
LogPluginManager: Plugin shader directory ../../../Engine/Plugins/Runtime/Oculus/OculusVR/Shaders found
LogPluginManager: Mapping shader source directory ../../../Engine/Plugins/Runtime/Oculus/OculusVR/Shaders to virtual directory /Plugin/OculusVR
LogPluginManager: Mounting plugin PhysXVehicles
LogPluginManager: Mounting plugin ProceduralMeshComponent
LogPluginManager: Mounting plugin RuntimePhysXCooking
LogPluginManager: Mounting plugin SteamVR
LogPluginManager: Mounting plugin WindowsMoviePlayer
LogStreaming: Display: Took  1.951s to configure plugins.
LogInit: Using libcurl 7.47.1
LogInit:  - built for x86_64-pc-win32
LogInit:  - supports SSL with OpenSSL/1.0.2g
LogInit:  - supports HTTP deflate (compression) using libz 1.2.8
LogInit:  - other features:
LogInit:      CURL_VERSION_SSL
LogInit:      CURL_VERSION_LIBZ
LogInit:      CURL_VERSION_IPV6
LogInit:      CURL_VERSION_ASYNCHDNS
LogInit:      CURL_VERSION_LARGEFILE
LogInit:      CURL_VERSION_IDN
LogInit:  CurlRequestOptions (configurable via config and command line):
LogInit:  - bVerifyPeer = false  - Libcurl will NOT verify peer certificate
LogInit:  - bUseHttpProxy = false  - Libcurl will NOT use HTTP proxy
LogInit:  - bDontReuseConnections = false  - Libcurl will reuse connections
LogInit:  - CertBundlePath = nullptr  - Libcurl will use whatever was configured at build time.
LogInit:  - MaxHostConnections = 16  - Libcurl will limit the number of connections to a host
LogInit:  - LocalHostAddr = Default
LogInit: WinSock: version 1.1 (2.2), MaxSocks=32767, MaxUdp=65467
LogInit: WinSock: I am LAPTOP-C1UGBE6K (192.168.0.251:0)
LogInit: Build: ++UE4+Release-4.19-CL-4033788
LogInit: Engine Version: 4.19.2-4033788+++UE4+Release-4.19
LogInit: Compatible Engine Version: 4.19.0-3944462+++UE4+Release-4.19
LogInit: Net CL: 3944462
LogDevObjectVersion: Number of dev versions registered: 18
LogDevObjectVersion:   Dev-Blueprints (B0D832E4-1F89-4F0D-ACCF-7EB736FD4AA2): 10
LogDevObjectVersion:   Dev-Build (E1C64328-A22C-4D53-A36C-8E866417BD8C): 0
LogDevObjectVersion:   Dev-Core (375EC13C-06E4-48FB-B500-84F0262A717E): 2
LogDevObjectVersion:   Dev-Editor (E4B068ED-F494-42E9-A231-DA0B2E46BB41): 23
LogDevObjectVersion:   Dev-Framework (CFFC743F-43B0-4480-9391-14DF171D2073): 33
LogDevObjectVersion:   Dev-Mobile (B02B49B5-BB20-44E9-A304-32B752E40360): 2
LogDevObjectVersion:   Dev-Networking (A4E4105C-59A1-49B5-A7C5-40C4547EDFEE): 0
LogDevObjectVersion:   Dev-Online (39C831C9-5AE6-47DC-9A44-9C173E1C8E7C): 0
LogDevObjectVersion:   Dev-Physics (78F01B33-EBEA-4F98-B9B4-84EACCB95AA2): 0
LogDevObjectVersion:   Dev-Platform (6631380F-2D4D-43E0-8009-CF276956A95A): 0
LogDevObjectVersion:   Dev-Rendering (12F88B9F-8875-4AFC-A67C-D90C383ABD29): 25
LogDevObjectVersion:   Dev-Sequencer (7B5AE74C-D270-4C10-A958-57980B212A5A): 6
LogDevObjectVersion:   Dev-VR (D7296918-1DD6-4BDD-9DE2-64A83CC13884): 1
LogDevObjectVersion:   Dev-LoadTimes (C2A15278-BFE7-4AFE-6C17-90FF531DF755): 1
LogDevObjectVersion:   Private-Geometry (6EACA3D4-40EC-4CC1-B786-8BED09428FC5): 2
LogDevObjectVersion:   Dev-AnimPhys (29E575DD-E0A3-4627-9D10-D276232CDCEA): 16
LogDevObjectVersion:   Dev-ReflectionCapture (6B266CEC-1EC7-4B8F-A30B-E4D90942FC07): 1
LogDevObjectVersion:   Dev-Automation (0DF73D61-A23F-47EA-B727-89E90C41499A): 1
LogInit: Compiled (64-bit): Apr 27 2018 02:06:57
LogInit: Compiled with Visual C++: 19.00.24215.01
LogInit: Build Configuration: Development
LogInit: Branch Name: ++UE4+Release-4.19
LogInit: Command Line: -EpicPortal 
LogInit: Base Directory: C:/Program Files/Epic Games/UE_4.19/Engine/Binaries/Win64/
LogInit: Installed Engine Build: 1
LogStreaming: Display: Took  0.001s to delete old logs.
LogInit: Presizing for max 8388607 objects, including 0 objects not considered by GC, pre-allocating 0 bytes for permanent pool.
LogInit: Object subsystem initialized
[2018.09.04-20.37.27:700][  0]LogInit: Selected Device Profile: [Windows]
[2018.09.04-20.37.27:700][  0]LogInit: Applying CVar settings loaded from the selected device profile: [Windows]
[2018.09.04-20.37.27:790][  0]LogInit: Computer: LAPTOP-C1UGBE6K
[2018.09.04-20.37.27:790][  0]LogInit: User: sully
[2018.09.04-20.37.27:790][  0]LogInit: CPU Page size=4096, Cores=2
[2018.09.04-20.37.27:790][  0]LogInit: High frequency timer resolution =2.648440 MHz
[2018.09.04-20.37.27:790][  0]LogMemory: Memory total: Physical=7.9GB (8GB approx)
[2018.09.04-20.37.27:790][  0]LogMemory: Platform Memory Stats for Windows
[2018.09.04-20.37.27:790][  0]LogMemory: Process Physical Memory: 273.74 MB used, 273.74 MB peak
[2018.09.04-20.37.27:790][  0]LogMemory: Process Virtual Memory: 266.07 MB used, 266.07 MB peak
[2018.09.04-20.37.27:790][  0]LogMemory: Physical Memory: 4957.44 MB used,  3150.47 MB free, 8107.91 MB total
[2018.09.04-20.37.27:790][  0]LogMemory: Virtual Memory: 4768.83 MB used,  3150.47 MB free, 134217728.00 MB total
[2018.09.04-20.37.27:819][  0]LogInit: Using OS detected language (en-US).
[2018.09.04-20.37.27:819][  0]LogInit: Using OS detected locale (en-CA).
[2018.09.04-20.37.27:824][  0]LogTextLocalizationManager: No specific localization for 'en-US' exists, so the 'en' localization will be used.
[2018.09.04-20.37.28:316][  0]LogStreaming: Display: Took  0.496s to EndInitTextLocalization.
[2018.09.04-20.37.28:316][  0]LogInit: Setting process to per monitor DPI aware
[2018.09.04-20.37.28:351][  0]LogSlate: New Slate User Created.  User Index 0, Is Virtual User: 0
[2018.09.04-20.37.28:351][  0]LogSlate: Slate User Registered.  User Index 0, Is Virtual User: 0
[2018.09.04-20.37.28:670][  0]LogD3D11RHI: D3D11 adapters:
[2018.09.04-20.37.28:680][  0]LogD3D11RHI:    0. 'Intel(R) HD Graphics 620' (Feature Level 11_0)
[2018.09.04-20.37.28:680][  0]LogD3D11RHI:       128/0/4053 MB DedicatedVideo/DedicatedSystem/SharedSystem, Outputs:1, VendorId:0x8086
[2018.09.04-20.37.28:683][  0]LogD3D11RHI:    1. 'Microsoft Basic Render Driver' (Feature Level 11_0)
[2018.09.04-20.37.28:683][  0]LogD3D11RHI:       0/0/4053 MB DedicatedVideo/DedicatedSystem/SharedSystem, Outputs:0, VendorId:0x1414
[2018.09.04-20.37.28:683][  0]LogD3D11RHI: Chosen D3D11 Adapter: 0
[2018.09.04-20.37.28:692][  0]LogD3D11RHI: Creating new Direct3DDevice
[2018.09.04-20.37.28:692][  0]LogD3D11RHI:     GPU DeviceId: 0x5916 (for the marketing name, search the web for "GPU Device Id")
[2018.09.04-20.37.28:692][  0]LogWindows: EnumDisplayDevices:
[2018.09.04-20.37.28:692][  0]LogWindows:    0. 'Intel(R) HD Graphics 620' (P:1 D:1)
[2018.09.04-20.37.28:692][  0]LogWindows:    1. 'Intel(R) HD Graphics 620' (P:0 D:0)
[2018.09.04-20.37.28:693][  0]LogWindows:    2. 'Intel(R) HD Graphics 620' (P:0 D:0)
[2018.09.04-20.37.28:693][  0]LogWindows: DebugString: GetVideoDriverDetailsInvalid PrimaryIsNotTheChoosenAdapter GetVideoDriverDetailsInvalid PrimaryIsNotTheChoosenAdapter GetVideoDriverDetailsInvalid PrimaryIsNotTheChoosenAdapter FoundDriverCount:0 
[2018.09.04-20.37.28:693][  0]LogD3D11RHI:     Adapter Name: Intel(R) HD Graphics 620
[2018.09.04-20.37.28:693][  0]LogD3D11RHI:   Driver Version: Unknown (internal:Unknown, unified:Unknown)
[2018.09.04-20.37.28:693][  0]LogD3D11RHI:      Driver Date: Unknown
[2018.09.04-20.37.28:693][  0]LogRHI: Texture pool is 1508 MB (70% of 2154 MB)
[2018.09.04-20.37.28:699][  0]LogD3D11RHI: Async texture creation enabled
[2018.09.04-20.37.28:706][  0]LogD3D11RHI: GPU Timing Frequency: 12.000000 (Debug: 2 0)
[2018.09.04-20.37.28:708][  0]LogShaderCompilers: Guid format shader working directory is -28 characters bigger than the processId version (../../../../../../Users/sully/Documents/Unreal Projects/WrittenInStone123/Intermediate/Shaders/WorkingDirectory/15056/).
[2018.09.04-20.37.28:708][  0]LogShaderCompilers: Cleaned the shader compiler working directory 'C:/Users/sully/AppData/Local/Temp/UnrealShaderWorkingDir/069EDCFC4615175C3E48C9AFD1FF31FB/'.
[2018.09.04-20.37.29:157][  0]LogTemp: Display: Loaded TP AllDesktopTargetPlatform
[2018.09.04-20.37.29:173][  0]LogTemp: Display: Loaded TP MacClientTargetPlatform
[2018.09.04-20.37.29:191][  0]LogTemp: Display: Loaded TP MacNoEditorTargetPlatform
[2018.09.04-20.37.29:207][  0]LogTemp: Display: Loaded TP MacServerTargetPlatform
[2018.09.04-20.37.29:225][  0]LogTemp: Display: Loaded TP MacTargetPlatform
[2018.09.04-20.37.29:243][  0]LogTemp: Display: Loaded TP WindowsClientTargetPlatform
[2018.09.04-20.37.29:265][  0]LogTemp: Display: Loaded TP WindowsNoEditorTargetPlatform
[2018.09.04-20.37.29:284][  0]LogTemp: Display: Loaded TP WindowsServerTargetPlatform
[2018.09.04-20.37.29:292][  0]LogTemp: Display: Loaded TP WindowsTargetPlatform
[2018.09.04-20.37.29:307][  0]LogTemp: Display: Loaded TP Android_ASTCTargetPlatform
[2018.09.04-20.37.29:324][  0]LogTemp: Display: Loaded TP Android_ATCTargetPlatform
[2018.09.04-20.37.29:338][  0]LogTemp: Display: Loaded TP Android_DXTTargetPlatform
[2018.09.04-20.37.29:355][  0]LogTemp: Display: Loaded TP Android_ETC1aTargetPlatform
[2018.09.04-20.37.29:372][  0]LogTemp: Display: Loaded TP Android_ETC1TargetPlatform
[2018.09.04-20.37.29:388][  0]LogTemp: Display: Loaded TP Android_ETC2TargetPlatform
[2018.09.04-20.37.29:417][  0]LogTemp: Display: Loaded TP Android_MultiTargetPlatform
[2018.09.04-20.37.29:417][  0]LogTemp: Display: Loaded TP Android_PVRTCTargetPlatform
[2018.09.04-20.37.29:431][  0]LogTemp: Display: Loaded TP AndroidTargetPlatform
[2018.09.04-20.37.29:433][  0]LogTemp: Display: Loaded TP HTML5TargetPlatform
[2018.09.04-20.37.29:476][  0]LogTemp: Display: Loaded TP IOSTargetPlatform
[2018.09.04-20.37.29:491][  0]LogTemp: Display: Loaded TP TVOSTargetPlatform
[2018.09.04-20.37.29:505][  0]LogTemp: Display: Loaded TP LinuxClientTargetPlatform
[2018.09.04-20.37.29:520][  0]LogTemp: Display: Loaded TP LinuxNoEditorTargetPlatform
[2018.09.04-20.37.29:534][  0]LogTemp: Display: Loaded TP LinuxServerTargetPlatform
[2018.09.04-20.37.29:549][  0]LogTemp: Display: Loaded TP LinuxTargetPlatform
[2018.09.04-20.37.29:549][  0]LogTargetPlatformManager: Display: Building Assets For Windows
[2018.09.04-20.37.29:723][  0]LogXGEController: Cannot use XGE Controller as Incredibuild is not installed on this machine.
[2018.09.04-20.37.29:723][  0]LogShaderCompilers: Cannot use XGE Shader Compiler as Incredibuild is not installed on this machine.
[2018.09.04-20.37.29:723][  0]LogShaderCompilers: Display: Using Local Shader Compiler.
[2018.09.04-20.37.30:512][  0]LogDerivedDataCache: Display: Max Cache Size: 512 MB
[2018.09.04-20.37.30:600][  0]LogDerivedDataCache: Loaded boot cache 0.09s 74MB C:/Users/sully/AppData/Local/UnrealEngine/4.19/DerivedDataCache/Boot.ddc.
[2018.09.04-20.37.30:600][  0]LogDerivedDataCache: Display: Loaded Boot cache: C:/Users/sully/AppData/Local/UnrealEngine/4.19/DerivedDataCache/Boot.ddc
[2018.09.04-20.37.30:601][  0]LogDerivedDataCache: FDerivedDataBackendGraph:  Pak pak cache file ../../../../../../Users/sully/Documents/Unreal Projects/WrittenInStone123/DerivedDataCache/DDC.ddp not found, will not use a pak cache.
[2018.09.04-20.37.30:601][  0]LogDerivedDataCache: Unable to find inner node Pak for hierarchical cache Hierarchy.
[2018.09.04-20.37.30:601][  0]LogDerivedDataCache: FDerivedDataBackendGraph:  CompressedPak pak cache file ../../../../../../Users/sully/Documents/Unreal Projects/WrittenInStone123/DerivedDataCache/Compressed.ddp not found, will not use a pak cache.
[2018.09.04-20.37.30:601][  0]LogDerivedDataCache: Unable to find inner node CompressedPak for hierarchical cache Hierarchy.
[2018.09.04-20.37.30:620][  0]LogDerivedDataCache: Display: Pak cache opened for reading ../../../Engine/DerivedDataCache/Compressed.ddp.
[2018.09.04-20.37.30:634][  0]LogDerivedDataCache: Using Local data cache path C:/Users/sully/AppData/Local/UnrealEngine/Common/DerivedDataCache: Writable
[2018.09.04-20.37.30:634][  0]LogDerivedDataCache: Shared data cache path not found in *engine.ini, will not use an Shared cache.
[2018.09.04-20.37.30:634][  0]LogDerivedDataCache: Unable to find inner node Shared for hierarchical cache Hierarchy.
[2018.09.04-20.37.30:649][  0]LogMaterial: Verifying Global Shaders for PCD3D_SM5
[2018.09.04-20.37.30:649][  0]LogSlate: Using Freetype 2.6.0
[2018.09.04-20.37.30:650][  0]LogSlate: SlateFontCache - WITH_FREETYPE: 1, WITH_HARFBUZZ: 1
[2018.09.04-20.37.30:650][  0]LogSlate: SlateFontCache - WITH_FREETYPE: 1, WITH_HARFBUZZ: 1
[2018.09.04-20.37.30:816][  0]LogAssetRegistry: FAssetRegistry took 0.0281 seconds to start up
[2018.09.04-20.37.31:213][  0]LogInit: Selected Device Profile: [Windows]
[2018.09.04-20.37.31:408][  0]LogSimplygon: Simplygon DLL not present - disabling.
[2018.09.04-20.37.31:412][  0]LogMeshReduction: Using SimplygonSwarm for distributed automatic mesh merging
[2018.09.04-20.37.31:412][  0]LogMeshReduction: Using QuadricMeshReduction for automatic static mesh reduction
[2018.09.04-20.37.31:412][  0]LogMeshReduction: No automatic skeletal mesh reduction module available
[2018.09.04-20.37.31:412][  0]LogMeshReduction: No automatic mesh merging module available
[2018.09.04-20.37.31:412][  0]LogMeshMerging: No automatic mesh merging module available
[2018.09.04-20.37.31:455][  0]LogNetVersion: WrittenInStone , NetCL: 3944462, EngineNetVer: 2, GameNetVer: 0 (Checksum: 3522758015)
[2018.09.04-20.37.32:050][  0]LogPackageLocalizationCache: Processed 9 localized package path(s) for 2 prioritized culture(s) in 0.126772 seconds
[2018.09.04-20.37.32:055][  0]LogUObjectArray: 36728 objects as part of root set at end of initial load.
[2018.09.04-20.37.32:056][  0]LogUObjectAllocator: 7314304 out of 0 bytes used by permanent object pool.
[2018.09.04-20.37.32:056][  0]LogUObjectArray: CloseDisregardForGC: 0/0 objects in disregard for GC pool
[2018.09.04-20.37.34:232][  0]LogTcpMessaging: Initializing TcpMessaging bridge
[2018.09.04-20.37.34:280][  0]LogUdpMessaging: Initializing bridge on interface 0.0.0.0:0 to multicast group 230.0.0.1:6666.
[2018.09.04-20.37.34:907][  0]SourceControl: Source control is disabled
[2018.09.04-20.37.36:815][  0]LogAndroidPermission: UAndroidPermissionCallbackProxy::GetInstance
[2018.09.04-20.37.37:033][  0]LogOcInput: OculusInput pre-init called
[2018.09.04-20.37.37:186][  0]LogEngine: Initializing Engine...
[2018.09.04-20.37.37:189][  0]LogHMD: Failed to initialize OpenVR with code 110
[2018.09.04-20.37.37:191][  0]LogStats: UGameplayTagsManager::ConstructGameplayTagTree: Construct from data asset -  0.000 s
[2018.09.04-20.37.37:191][  0]LogStats: UGameplayTagsManager::ConstructGameplayTagTree: GameplayTagTreeChangedEvent.Broadcast -  0.000 s
[2018.09.04-20.37.37:481][  0]LogAIModule: Creating AISystem for world Untitled
[2018.09.04-20.37.37:496][  0]LogInit: XAudio2 using 'Speaker/Headphone (Realtek High Definition Audio)' : 2 channels at 48 kHz using 32 bits per sample (channel mask 0x3)
[2018.09.04-20.37.37:708][  0]LogInit: FAudioDevice initialized.
[2018.09.04-20.37.37:916][  0]LogDerivedDataCache: Saved boot cache 0.21s 74MB C:/Users/sully/AppData/Local/UnrealEngine/4.19/DerivedDataCache/Boot.ddc.
[2018.09.04-20.37.37:926][  0]LogInit: Texture streaming: Enabled
[2018.09.04-20.37.37:955][  0]LogEngineSessionManager: EngineSessionManager initialized
[2018.09.04-20.37.37:977][  0]LogInit: Transaction tracking system initialized
[2018.09.04-20.37.38:018][  0]BlueprintLog: New page: Editor Load
[2018.09.04-20.37.38:141][  0]LocalizationService: Localization service is disabled
[2018.09.04-20.37.38:597][  0]LogConsoleResponse: Display: 
[2018.09.04-20.37.38:889][  0]LogCook: Display: Max memory allowance for cook 16384mb min free memory 0mb
[2018.09.04-20.37.38:889][  0]LogCook: Display: Mobile HDR setting 1
[2018.09.04-20.37.38:889][  0]LogGameplayTags: Display: UGameplayTagsManager::DoneAddingNativeTags. DelegateIsBound: 0
[2018.09.04-20.37.38:889][  0]LogStats: UGameplayTagsManager::ConstructGameplayTagTree: Construct from data asset -  0.000 s
[2018.09.04-20.37.38:889][  0]LogStats: UGameplayTagsManager::ConstructGameplayTagTree: GameplayTagTreeChangedEvent.Broadcast -  0.000 s
[2018.09.04-20.37.39:453][  0]LogFileCache: Scanning file cache for directory 'C:/Users/sully/Documents/Unreal Projects/WrittenInStone123/Content/' took 0.05s
[2018.09.04-20.37.39:554][  0]Cmd: MAP LOAD FILE="../../../../../../Users/sully/Documents/Unreal Projects/WrittenInStone123/Content/ThirdPersonBP/Maps/ThirdPersonExampleMap.umap" TEMPLATE=0 SHOWPROGRESS=1 FEATURELEVEL=3
[2018.09.04-20.37.39:554][  0]LightingResults: New page: Lighting Build
[2018.09.04-20.37.39:558][  0]MapCheck: New page: Map Check
[2018.09.04-20.37.39:558][  0]LightingResults: New page: Lighting Build
[2018.09.04-20.37.40:000][  0]LogUObjectGlobals: Created PersistentFrame Addr=0x000002337d41eb00, Size=1760, Default__HumanCharacter_C Function /Game/ThirdPersonBP/Blueprints/HumanCharacter.HumanCharacter_C:ExecuteUbergraph_HumanCharacter
[2018.09.04-20.37.40:075][  0]LogUObjectGlobals: Created PersistentFrame Addr=0x000002337ed9b3c0, Size=112, Default__ThirdPerson_AnimBP_C Function /Game/Mannequin/Animations/ThirdPerson_AnimBP.ThirdPerson_AnimBP_C:ExecuteUbergraph_ThirdPerson_AnimBP
[2018.09.04-20.37.40:151][  0]LogUObjectGlobals: Created PersistentFrame Addr=0x00000233031457e0, Size=88, Default__GenericABP_C Function /Game/characters/generic/animations/GenericABP.GenericABP_C:ExecuteUbergraph_GenericABP
[2018.09.04-20.37.40:152][  0]LogLinker: Warning: Can't find file '/Game/ThirdPersonBP/Blueprints/InventoryBlueprints/InventoryComponent'
[2018.09.04-20.37.40:153][  0]LogLinker: Warning: Can't find file for asset '/Game/ThirdPersonBP/Blueprints/InventoryBlueprints/InventoryComponent' while loading ../../../../../../Users/sully/Documents/Unreal Projects/WrittenInStone123/Content/ThirdPersonBP/Blueprints/EnemyAI/EnemyAI.uasset.
[2018.09.04-20.37.40:153][  0]LoadErrors: Error: /Game/ThirdPersonBP/Blueprints/EnemyAI/EnemyAI : Can't find file for asset. /Game/ThirdPersonBP/Blueprints/InventoryBlueprints/InventoryComponent
[2018.09.04-20.37.40:153][  0]LogLinker: Warning: Can't find file '/Game/ThirdPersonBP/Blueprints/InventoryBlueprints/InventoryComponent'
[2018.09.04-20.37.40:153][  0]LogLinker: Warning: Can't find file for asset '/Game/ThirdPersonBP/Blueprints/InventoryBlueprints/InventoryComponent' while loading ../../../../../../Users/sully/Documents/Unreal Projects/WrittenInStone123/Content/ThirdPersonBP/Blueprints/EnemyAI/EnemyAI.uasset.
[2018.09.04-20.37.40:153][  0]LoadErrors: Error: /Game/ThirdPersonBP/Blueprints/EnemyAI/EnemyAI : Can't find file for asset. /Game/ThirdPersonBP/Blueprints/InventoryBlueprints/InventoryComponent
[2018.09.04-20.37.41:054][  0]LogUObjectGlobals: Created PersistentFrame Addr=0x0000023303114560, Size=32, Default__sword_C Function /Game/ItemPickups/sword.sword_C:ExecuteUbergraph_sword
[2018.09.04-20.37.41:056][  0]LogUObjectGlobals: Created PersistentFrame Addr=0x0000023302969900, Size=368, Default__EnemyAI_C Function /Game/ThirdPersonBP/Blueprints/EnemyAI/EnemyAI.EnemyAI_C:ExecuteUbergraph_EnemyAI
[2018.09.04-20.37.41:381][  0]LogUObjectGlobals: Created PersistentFrame Addr=0x00000233707ee140, Size=64, Default__AirShip_C Function /Game/ThirdPerson/AI/AirShip.AirShip_C:ExecuteUbergraph_AirShip
[2018.09.04-20.37.41:686][  0]LogUObjectGlobals: Created PersistentFrame Addr=0x000002337edf48d8, Size=40, Default__Bike_ABP_C Function /Game/Mounts/GoguliBike/Bike_ABP.Bike_ABP_C:ExecuteUbergraph_Bike_ABP
[2018.09.04-20.37.42:051][  0]LogUObjectGlobals: Created PersistentFrame Addr=0x00000233064e9300, Size=536, Default__Bike_C Function /Game/ThirdPersonBP/Blueprints/Bike.Bike_C:ExecuteUbergraph_Bike
[2018.09.04-20.37.42:055][  0]LogLinker: Warning: Can't find file '/Game/ThirdPersonBP/Blueprints/InventoryBlueprints/Interact_Interface'
[2018.09.04-20.37.42:055][  0]LogLinker: Warning: Can't find file for asset '/Game/ThirdPersonBP/Blueprints/InventoryBlueprints/Interact_Interface' while loading ../../../../../../Users/sully/Documents/Unreal Projects/WrittenInStone123/Content/ThirdPersonBP/Blueprints/EnemyAI/EnemyAI.uasset.
[2018.09.04-20.37.42:055][  0]LoadErrors: Error: /Game/ThirdPersonBP/Blueprints/EnemyAI/EnemyAI : Can't find file for asset. /Game/ThirdPersonBP/Blueprints/InventoryBlueprints/Interact_Interface
[2018.09.04-20.37.42:055][  0]LogLinker: Warning: Can't find file '/Game/ThirdPersonBP/Blueprints/InventoryBlueprints/InventoryComponent'
[2018.09.04-20.37.42:055][  0]LogLinker: Warning: Can't find file for asset '/Game/ThirdPersonBP/Blueprints/InventoryBlueprints/InventoryComponent' while loading ../../../../../../Users/sully/Documents/Unreal Projects/WrittenInStone123/Content/ThirdPersonBP/Blueprints/EnemyAI/EnemyAI.uasset.
[2018.09.04-20.37.42:055][  0]LoadErrors: Error: /Game/ThirdPersonBP/Blueprints/EnemyAI/EnemyAI : Can't find file for asset. /Game/ThirdPersonBP/Blueprints/InventoryBlueprints/InventoryComponent
[2018.09.04-20.37.42:082][  0]LogUObjectGlobals: Created PersistentFrame Addr=0x0000023364db1018, Size=4, Default__Sedan_AnimBP_C Function /Game/Vehicle/Sedan/Sedan_AnimBP.Sedan_AnimBP_C:ExecuteUbergraph_Sedan_AnimBP
[2018.09.04-20.37.42:098][  0]LogUObjectGlobals: Created PersistentFrame Addr=0x00000233064cc700, Size=720, Default__Sedan_C Function /Game/VehicleBP/Sedan/Sedan.Sedan_C:ExecuteUbergraph_Sedan
[2018.09.04-20.37.42:101][  0]LogUObjectGlobals: Created PersistentFrame Addr=0x000002336ada3c40, Size=160, Default__VehicleHUD_C Function /Game/VehicleBP/Blueprints/VehicleHUD.VehicleHUD_C:ExecuteUbergraph_VehicleHUD
[2018.09.04-20.37.42:186][  0]LogUObjectGlobals: Created PersistentFrame Addr=0x0000023303d46f48, Size=40, Default__Compass_C Function /Game/HUDS/CompassUI/Compass.Compass_C:ExecuteUbergraph_Compass
[2018.09.04-20.37.42:242][  0]LogUObjectGlobals: Created PersistentFrame Addr=0x0000023303926380, Size=384, Default__PreferencesHUD_C Function /Game/HUDS/PreferencesHUD.PreferencesHUD_C:ExecuteUbergraph_PreferencesHUD
[2018.09.04-20.37.42:477][  0]LogLinker: Warning: Can't find file '/Game/ThirdPersonBP/Blueprints/InventoryBlueprints/Interact_Interface'
[2018.09.04-20.37.42:477][  0]LogLinker: Warning: Can't find file for asset '/Game/ThirdPersonBP/Blueprints/InventoryBlueprints/Interact_Interface' while loading ../../../../../../Users/sully/Documents/Unreal Projects/WrittenInStone123/Content/characters/generic/animations/GenericABP.uasset.
[2018.09.04-20.37.42:477][  0]LoadErrors: Error: /Game/characters/generic/animations/GenericABP : Can't find file for asset. /Game/ThirdPersonBP/Blueprints/InventoryBlueprints/Interact_Interface
[2018.09.04-20.37.42:477][  0]LogLinker: Warning: Can't find file '/Game/ThirdPersonBP/Blueprints/InventoryBlueprints/InventoryComponent'
[2018.09.04-20.37.42:477][  0]LogLinker: Warning: Can't find file for asset '/Game/ThirdPersonBP/Blueprints/InventoryBlueprints/InventoryComponent' while loading ../../../../../../Users/sully/Documents/Unreal Projects/WrittenInStone123/Content/characters/generic/animations/GenericABP.uasset.
[2018.09.04-20.37.42:477][  0]LoadErrors: Error: /Game/characters/generic/animations/GenericABP : Can't find file for asset. /Game/ThirdPersonBP/Blueprints/InventoryBlueprints/InventoryComponent
[2018.09.04-20.37.42:480][  0]LogLinker: Warning: Can't find file '/Game/ThirdPersonBP/Blueprints/InventoryBlueprints/Interact_Interface'
[2018.09.04-20.37.42:481][  0]LogLinker: Warning: Can't find file for asset '/Game/ThirdPersonBP/Blueprints/InventoryBlueprints/Interact_Interface' while loading ../../../../../../Users/sully/Documents/Unreal Projects/WrittenInStone123/Content/characters/generic/animations/GenericABP.uasset.
[2018.09.04-20.37.42:481][  0]LoadErrors: Error: /Game/characters/generic/animations/GenericABP : Can't find file for asset. /Game/ThirdPersonBP/Blueprints/InventoryBlueprints/Interact_Interface
[2018.09.04-20.37.42:481][  0]LogLinker: Warning: Can't find file '/Game/ThirdPersonBP/Blueprints/InventoryBlueprints/InventoryComponent'
[2018.09.04-20.37.42:481][  0]LogLinker: Warning: Can't find file for asset '/Game/ThirdPersonBP/Blueprints/InventoryBlueprints/InventoryComponent' while loading ../../../../../../Users/sully/Documents/Unreal Projects/WrittenInStone123/Content/characters/generic/animations/GenericABP.uasset.
[2018.09.04-20.37.42:481][  0]LoadErrors: Error: /Game/characters/generic/animations/GenericABP : Can't find file for asset. /Game/ThirdPersonBP/Blueprints/InventoryBlueprints/InventoryComponent
[2018.09.04-20.37.42:482][  0]LogLinker: Warning: Can't find file '/Game/ThirdPersonBP/Blueprints/InventoryBlueprints/InventoryComponent'
[2018.09.04-20.37.42:482][  0]LogLinker: Warning: Can't find file for asset '/Game/ThirdPersonBP/Blueprints/InventoryBlueprints/InventoryComponent' while loading ../../../../../../Users/sully/Documents/Unreal Projects/WrittenInStone123/Content/characters/generic/animations/GenericABP.uasset.
[2018.09.04-20.37.42:482][  0]LoadErrors: Error: /Game/characters/generic/animations/GenericABP : Can't find file for asset. /Game/ThirdPersonBP/Blueprints/InventoryBlueprints/InventoryComponent
[2018.09.04-20.37.42:482][  0]LogLinker: Warning: Can't find file '/Game/ThirdPersonBP/Blueprints/InventoryBlueprints/InventoryComponent'
[2018.09.04-20.37.42:482][  0]LogLinker: Warning: Can't find file for asset '/Game/ThirdPersonBP/Blueprints/InventoryBlueprints/InventoryComponent' while loading ../../../../../../Users/sully/Documents/Unreal Projects/WrittenInStone123/Content/characters/generic/animations/GenericABP.uasset.
[2018.09.04-20.37.42:482][  0]LoadErrors: Error: /Game/characters/generic/animations/GenericABP : Can't find file for asset. /Game/ThirdPersonBP/Blueprints/InventoryBlueprints/InventoryComponent
[2018.09.04-20.37.42:482][  0]LogLinker: Warning: Can't find file '/Game/ThirdPersonBP/Blueprints/InventoryBlueprints/InventoryComponent'
[2018.09.04-20.37.42:483][  0]LogLinker: Warning: Can't find file for asset '/Game/ThirdPersonBP/Blueprints/InventoryBlueprints/InventoryComponent' while loading ../../../../../../Users/sully/Documents/Unreal Projects/WrittenInStone123/Content/characters/generic/animations/GenericABP.uasset.
[2018.09.04-20.37.42:483][  0]LoadErrors: Error: /Game/characters/generic/animations/GenericABP : Can't find file for asset. /Game/ThirdPersonBP/Blueprints/InventoryBlueprints/InventoryComponent
[2018.09.04-20.37.42:483][  0]LogLinker: Warning: Can't find file '/Game/ThirdPersonBP/Blueprints/InventoryBlueprints/InventoryComponent'
[2018.09.04-20.37.42:483][  0]LogLinker: Warning: Can't find file for asset '/Game/ThirdPersonBP/Blueprints/InventoryBlueprints/InventoryComponent' while loading ../../../../../../Users/sully/Documents/Unreal Projects/WrittenInStone123/Content/characters/generic/animations/GenericABP.uasset.
[2018.09.04-20.37.42:483][  0]LoadErrors: Error: /Game/characters/generic/animations/GenericABP : Can't find file for asset. /Game/ThirdPersonBP/Blueprints/InventoryBlueprints/InventoryComponent
[2018.09.04-20.37.42:483][  0]LogLinker: Warning: Unable to load InventoryComponent_GEN_VARIABLE with outer BlueprintGeneratedClass /Game/ThirdPersonBP/Blueprints/HumanCharacter.HumanCharacter_C because its class does not exist
[2018.09.04-20.37.42:484][  0]LogLinker: Warning: Can't find file '/Game/ThirdPersonBP/Blueprints/InventoryBlueprints/InventoryComponent'
[2018.09.04-20.37.42:484][  0]LoadErrors: Failed to load /Game/ThirdPersonBP/Blueprints/InventoryBlueprints/InventoryComponent.InventoryComponent_C Referenced by SCS_Node_10
[2018.09.04-20.37.42:484][  0]LogLinker: Warning: Can't find file for asset '/Game/ThirdPersonBP/Blueprints/InventoryBlueprints/InventoryComponent' while loading ../../../../../../Users/sully/Documents/Unreal Projects/WrittenInStone123/Content/characters/generic/animations/GenericABP.uasset.
[2018.09.04-20.37.42:484][  0]LoadErrors: Failed to load /Game/ThirdPersonBP/Blueprints/InventoryBlueprints/InventoryComponent.InventoryComponent_C Referenced by SCS_Node_10
[2018.09.04-20.37.42:485][  0]LoadErrors: Error: /Game/characters/generic/animations/GenericABP : Can't find file for asset. /Game/ThirdPersonBP/Blueprints/InventoryBlueprints/InventoryComponent
[2018.09.04-20.37.42:490][  0]LogLinker: Warning: Can't find file '/Game/ThirdPersonBP/Blueprints/InventoryBlueprints/Interact_Interface'
[2018.09.04-20.37.42:490][  0]LoadErrors: Failed to load /Game/ThirdPersonBP/Blueprints/InventoryBlueprints/Interact_Interface.Interact_Interface_C Referenced by K2Node_CallFunction_502
[2018.09.04-20.37.42:491][  0]LogLinker: Warning: Can't find file for asset '/Game/ThirdPersonBP/Blueprints/InventoryBlueprints/Interact_Interface' while loading ../../../../../../Users/sully/Documents/Unreal Projects/WrittenInStone123/Content/characters/generic/animations/GenericABP.uasset.
[2018.09.04-20.37.42:491][  0]LoadErrors: Failed to load /Game/ThirdPersonBP/Blueprints/InventoryBlueprints/Interact_Interface.Interact_Interface_C Referenced by K2Node_CallFunction_502
[2018.09.04-20.37.42:491][  0]LoadErrors: Error: /Game/characters/generic/animations/GenericABP : Can't find file for asset. /Game/ThirdPersonBP/Blueprints/InventoryBlueprints/Interact_Interface
[2018.09.04-20.37.42:491][  0]LogLinker: Warning: Can't find file '/Game/ThirdPersonBP/Blueprints/InventoryBlueprints/Interact_Interface'
[2018.09.04-20.37.42:491][  0]LoadErrors: Failed to load /Game/ThirdPersonBP/Blueprints/InventoryBlueprints/Interact_Interface.Interact_Interface_C Referenced by K2Node_Message_0
[2018.09.04-20.37.42:491][  0]LogLinker: Warning: Can't find file for asset '/Game/ThirdPersonBP/Blueprints/InventoryBlueprints/Interact_Interface' while loading ../../../../../../Users/sully/Documents/Unreal Projects/WrittenInStone123/Content/characters/generic/animations/GenericABP.uasset.
[2018.09.04-20.37.42:491][  0]LoadErrors: Failed to load /Game/ThirdPersonBP/Blueprints/InventoryBlueprints/Interact_Interface.Interact_Interface_C Referenced by K2Node_Message_0
[2018.09.04-20.37.42:491][  0]LoadErrors: Error: /Game/characters/generic/animations/GenericABP : Can't find file for asset. /Game/ThirdPersonBP/Blueprints/InventoryBlueprints/Interact_Interface
[2018.09.04-20.37.42:492][  0]LogLinker: Warning: Can't find file '/Game/ThirdPersonBP/Blueprints/InventoryBlueprints/InventoryComponent'
[2018.09.04-20.37.42:492][  0]LoadErrors: Failed to load /Game/ThirdPersonBP/Blueprints/InventoryBlueprints/InventoryComponent.InventoryComponent_C Referenced by K2Node_CallFunction_359
[2018.09.04-20.37.42:492][  0]LogLinker: Warning: Can't find file for asset '/Game/ThirdPersonBP/Blueprints/InventoryBlueprints/InventoryComponent' while loading ../../../../../../Users/sully/Documents/Unreal Projects/WrittenInStone123/Content/characters/generic/animations/GenericABP.uasset.
[2018.09.04-20.37.42:492][  0]LoadErrors: Failed to load /Game/ThirdPersonBP/Blueprints/InventoryBlueprints/InventoryComponent.InventoryComponent_C Referenced by K2Node_CallFunction_359
[2018.09.04-20.37.42:492][  0]LoadErrors: Error: /Game/characters/generic/animations/GenericABP : Can't find file for asset. /Game/ThirdPersonBP/Blueprints/InventoryBlueprints/InventoryComponent
[2018.09.04-20.37.42:492][  0]LogLinker: Warning: Can't find file '/Game/ThirdPersonBP/Blueprints/InventoryBlueprints/InventoryComponent'
[2018.09.04-20.37.42:492][  0]LoadErrors: Failed to load /Game/ThirdPersonBP/Blueprints/InventoryBlueprints/InventoryComponent.InventoryComponent_C Referenced by K2Node_CallFunction_359
[2018.09.04-20.37.42:492][  0]LogLinker: Warning: Can't find file for asset '/Game/ThirdPersonBP/Blueprints/InventoryBlueprints/InventoryComponent' while loading ../../../../../../Users/sully/Documents/Unreal Projects/WrittenInStone123/Content/characters/generic/animations/GenericABP.uasset.
[2018.09.04-20.37.42:492][  0]LoadErrors: Failed to load /Game/ThirdPersonBP/Blueprints/InventoryBlueprints/InventoryComponent.InventoryComponent_C Referenced by K2Node_CallFunction_359
[2018.09.04-20.37.42:492][  0]LoadErrors: Error: /Game/characters/generic/animations/GenericABP : Can't find file for asset. /Game/ThirdPersonBP/Blueprints/InventoryBlueprints/InventoryComponent
[2018.09.04-20.37.42:501][  0]LogBlueprint: Warning: [Compiler HumanCharacter] Component class is not set for 'InventoryComponent' - this component will not be instanced, and additional warnings or errors may occur when compiling Blueprint 'HumanCharacter'.
[2018.09.04-20.37.42:534][  0]LogBlueprint: Warning: [Compiler EnemyAI] Set : 'NMesh' variable not found. Base class was probably changed. /Game/ThirdPersonBP/Blueprints/EnemyAI/EnemyAI.EnemyAI
[2018.09.04-20.37.42:535][  0]LogBlueprint: Warning: [Compiler EnemyAI] Set NMesh : 'NMesh' variable not found. Base class was probably changed. /Game/ThirdPersonBP/Blueprints/EnemyAI/EnemyAI.EnemyAI
[2018.09.04-20.37.42:553][  0]LogUObjectGlobals: Destroyed PersistentFrame Addr=0x000002337edf48d8, Size=40
[2018.09.04-20.37.42:553][  0]LogUObjectGlobals: Created PersistentFrame Addr=0x00000233068eefe8, Size=40, Default__Bike_ABP_C Function /Engine/Transient.REINST_Bike_ABP_C_0:ExecuteUbergraph_Bike_ABP
[2018.09.04-20.37.42:555][  0]LogUObjectGlobals: Destroyed PersistentFrame Addr=0x00000233031457e0, Size=88
[2018.09.04-20.37.42:555][  0]LogUObjectGlobals: Created PersistentFrame Addr=0x00000233067da320, Size=88, Default__GenericABP_C Function /Engine/Transient.REINST_GenericABP_C_1:ExecuteUbergraph_GenericABP
[2018.09.04-20.37.42:556][  0]LogUObjectGlobals: Destroyed PersistentFrame Addr=0x0000023303114560, Size=32
[2018.09.04-20.37.42:556][  0]LogUObjectGlobals: Created PersistentFrame Addr=0x0000023307439900, Size=32, Default__sword_C Function /Engine/Transient.REINST_sword_C_4:ExecuteUbergraph_sword
[2018.09.04-20.37.42:556][  0]LogUObjectGlobals: Destroyed PersistentFrame Addr=0x000002337ed9b3c0, Size=112
[2018.09.04-20.37.42:556][  0]LogUObjectGlobals: Created PersistentFrame Addr=0x00000233074d5e50, Size=112, Default__ThirdPerson_AnimBP_C Function /Engine/Transient.REINST_ThirdPerson_AnimBP_C_2:ExecuteUbergraph_ThirdPerson_AnimBP
[2018.09.04-20.37.42:556][  0]LogUObjectGlobals: Destroyed PersistentFrame Addr=0x0000023364db1018, Size=4
[2018.09.04-20.37.42:556][  0]LogUObjectGlobals: Created PersistentFrame Addr=0x0000023307437af0, Size=4, Default__Sedan_AnimBP_C Function /Engine/Transient.REINST_Sedan_AnimBP_C_3:ExecuteUbergraph_Sedan_AnimBP
[2018.09.04-20.37.42:557][  0]LogUObjectGlobals: Destroyed PersistentFrame Addr=0x000002336ada3c40, Size=160
[2018.09.04-20.37.42:557][  0]LogUObjectGlobals: Created PersistentFrame Addr=0x00000233073fa660, Size=160, Default__VehicleHUD_C Function /Engine/Transient.REINST_VehicleHUD_C_5:ExecuteUbergraph_VehicleHUD
[2018.09.04-20.37.42:557][  0]LogUObjectGlobals: Destroyed PersistentFrame Addr=0x00000233707ee140, Size=64
[2018.09.04-20.37.42:557][  0]LogUObjectGlobals: Created PersistentFrame Addr=0x00000233073f3900, Size=64, Default__AirShip_C Function /Engine/Transient.REINST_AirShip_C_6:ExecuteUbergraph_AirShip
[2018.09.04-20.37.42:558][  0]LogUObjectGlobals: Destroyed PersistentFrame Addr=0x00000233064e9300, Size=536
[2018.09.04-20.37.42:558][  0]LogUObjectGlobals: Created PersistentFrame Addr=0x000002330751b380, Size=536, Default__Bike_C Function /Engine/Transient.REINST_Bike_C_7:ExecuteUbergraph_Bike
[2018.09.04-20.37.42:558][  0]LogUObjectGlobals: Destroyed PersistentFrame Addr=0x0000023303d46f48, Size=40
[2018.09.04-20.37.42:558][  0]LogUObjectGlobals: Created PersistentFrame Addr=0x00000233068ef178, Size=40, Default__Compass_C Function /Engine/Transient.REINST_Compass_C_0:ExecuteUbergraph_Compass
[2018.09.04-20.37.42:558][  0]LogUObjectGlobals: Destroyed PersistentFrame Addr=0x0000023302969900, Size=368
[2018.09.04-20.37.42:558][  0]LogUObjectGlobals: Created PersistentFrame Addr=0x00000233073e9000, Size=368, Default__EnemyAI_C Function /Engine/Transient.REINST_EnemyAI_C_8:ExecuteUbergraph_EnemyAI
[2018.09.04-20.37.42:560][  0]LogUObjectGlobals: Destroyed PersistentFrame Addr=0x000002337d41eb00, Size=1760
[2018.09.04-20.37.42:560][  0]LogUObjectGlobals: Created PersistentFrame Addr=0x00000233073d8100, Size=1760, Default__HumanCharacter_C Function /Engine/Transient.REINST_HumanCharacter_C_9:ExecuteUbergraph_HumanCharacter
[2018.09.04-20.37.42:561][  0]LogUObjectGlobals: Destroyed PersistentFrame Addr=0x0000023303926380, Size=384
[2018.09.04-20.37.42:561][  0]LogUObjectGlobals: Created PersistentFrame Addr=0x00000233073d1780, Size=384, Default__PreferencesHUD_C Function /Engine/Transient.REINST_PreferencesHUD_C_1:ExecuteUbergraph_PreferencesHUD
[2018.09.04-20.37.42:561][  0]LogUObjectGlobals: Destroyed PersistentFrame Addr=0x00000233064cc700, Size=720
[2018.09.04-20.37.42:561][  0]LogUObjectGlobals: Created PersistentFrame Addr=0x00000233073d5f00, Size=720, Default__Sedan_C Function /Engine/Transient.REINST_Sedan_C_10:ExecuteUbergraph_Sedan
[2018.09.04-20.37.42:636][  0]LogBlueprint: Error: [Compiler HumanCharacter] Message node  Invalid Message Node  has an invalid interface.
[2018.09.04-20.37.42:657][  0]LogBlueprint: Error: [Compiler HumanCharacter] In use pin  <Unnamed>  no longer exists on node  Toggle Inventory . Please refresh node or break links to remove pin.
[2018.09.04-20.37.42:657][  0]LogBlueprint: Error: [Compiler HumanCharacter] Could not find a function named "ToggleInventory" in 'HumanCharacter'.
Make sure 'HumanCharacter' has been compiled for  Toggle Inventory
[2018.09.04-20.37.42:657][  0]LogBlueprint: Error: [Compiler HumanCharacter] In use pin  <Unnamed>  no longer exists on node  Invalid Message Node . Please refresh node or break links to remove pin.
[2018.09.04-20.37.42:657][  0]LogBlueprint: Error: [Compiler HumanCharacter] In use pin  <Unnamed>  no longer exists on node  Invalid Message Node . Please refresh node or break links to remove pin.
[2018.09.04-20.37.42:657][  0]LogBlueprint: Error: [Compiler HumanCharacter] In use pin  Target  no longer exists on node  Invalid Message Node . Please refresh node or break links to remove pin.
[2018.09.04-20.37.42:657][  0]LogBlueprint: Error: [Compiler HumanCharacter] Could not find a function named "Interact" in 'HumanCharacter'.
Make sure 'HumanCharacter' has been compiled for  Invalid Message Node
[2018.09.04-20.37.42:685][  0]LogUObjectGlobals: Created PersistentFrame Addr=0x000002330701f330, Size=40, Default__Bike_ABP_C Function /Game/Mounts/GoguliBike/Bike_ABP.Bike_ABP_C:ExecuteUbergraph_Bike_ABP
[2018.09.04-20.37.42:686][  0]LogUObjectGlobals: Created PersistentFrame Addr=0x0000023306fb8640, Size=88, Default__GenericABP_C Function /Game/characters/generic/animations/GenericABP.GenericABP_C:ExecuteUbergraph_GenericABP
[2018.09.04-20.37.42:687][  0]LogUObjectGlobals: Created PersistentFrame Addr=0x0000023306f01a80, Size=32, Default__sword_C Function /Game/ItemPickups/sword.sword_C:ExecuteUbergraph_sword
[2018.09.04-20.37.42:689][  0]LogUObjectGlobals: Created PersistentFrame Addr=0x0000023306e7f970, Size=112, Default__ThirdPerson_AnimBP_C Function /Game/Mannequin/Animations/ThirdPerson_AnimBP.ThirdPerson_AnimBP_C:ExecuteUbergraph_ThirdPerson_AnimBP
[2018.09.04-20.37.42:690][  0]LogUObjectGlobals: Created PersistentFrame Addr=0x0000023307434368, Size=4, Default__Sedan_AnimBP_C Function /Game/Vehicle/Sedan/Sedan_AnimBP.Sedan_AnimBP_C:ExecuteUbergraph_Sedan_AnimBP
[2018.09.04-20.37.42:691][  0]LogUObjectGlobals: Created PersistentFrame Addr=0x0000023306eb0ea0, Size=160, Default__VehicleHUD_C Function /Game/VehicleBP/Blueprints/VehicleHUD.VehicleHUD_C:ExecuteUbergraph_VehicleHUD
[2018.09.04-20.37.42:692][  0]LogUObjectGlobals: Created PersistentFrame Addr=0x0000023306e732c0, Size=64, Default__AirShip_C Function /Game/ThirdPerson/AI/AirShip.AirShip_C:ExecuteUbergraph_AirShip
[2018.09.04-20.37.42:694][  0]LogUObjectGlobals: Created PersistentFrame Addr=0x0000023306e43b00, Size=536, Default__Bike_C Function /Game/ThirdPersonBP/Blueprints/Bike.Bike_C:ExecuteUbergraph_Bike
[2018.09.04-20.37.42:696][  0]LogUObjectGlobals: Created PersistentFrame Addr=0x000002330701eef8, Size=40, Default__Compass_C Function /Game/HUDS/CompassUI/Compass.Compass_C:ExecuteUbergraph_Compass
[2018.09.04-20.37.42:697][  0]LogUObjectGlobals: Created PersistentFrame Addr=0x0000023306dfef80, Size=368, Default__EnemyAI_C Function /Game/ThirdPersonBP/Blueprints/EnemyAI/EnemyAI.EnemyAI_C:ExecuteUbergraph_EnemyAI
[2018.09.04-20.37.42:703][  0]LogUObjectGlobals: Created PersistentFrame Addr=0x0000023306da6b00, Size=1728, Default__HumanCharacter_C Function /Game/ThirdPersonBP/Blueprints/HumanCharacter.HumanCharacter_C:ExecuteUbergraph_HumanCharacter
[2018.09.04-20.37.42:711][  0]LogUObjectGlobals: Created PersistentFrame Addr=0x0000023306d67880, Size=384, Default__PreferencesHUD_C Function /Game/HUDS/PreferencesHUD.PreferencesHUD_C:ExecuteUbergraph_PreferencesHUD
[2018.09.04-20.37.42:715][  0]LogUObjectGlobals: Created PersistentFrame Addr=0x0000023306d1b100, Size=720, Default__Sedan_C Function /Game/VehicleBP/Sedan/Sedan.Sedan_C:ExecuteUbergraph_Sedan
[2018.09.04-20.37.42:785][  0]LogBlueprint: Warning: [Compiler EnemyAI] [0018.84] Compile of EnemyAI successful, but with 2 Warning(s) [in 286 ms] (/Game/ThirdPersonBP/Blueprints/EnemyAI/EnemyAI.EnemyAI)
[2018.09.04-20.37.42:785][  0]LogBlueprint: Warning: [Compiler HumanCharacter] [0018.84] Compile of HumanCharacter failed. 7 Fatal Issue(s) 1 Warning(s) [in 286 ms] (/Game/ThirdPersonBP/Blueprints/HumanCharacter.HumanCharacter)
[2018.09.04-20.37.42:789][  0]LogLinker: Warning: Can't find file '/Game/ThirdPersonBP/Blueprints/InventoryBlueprints/Interact_Interface'
[2018.09.04-20.37.42:789][  0]LogLinker: Warning: Can't find file for asset '/Game/ThirdPersonBP/Blueprints/InventoryBlueprints/Interact_Interface' while loading ../../../../../../Users/sully/Documents/Unreal Projects/WrittenInStone123/Content/ThirdPersonBP/Blueprints/HumanCharacter.uasset.
[2018.09.04-20.37.42:789][  0]LoadErrors: Error: /Game/ThirdPersonBP/Blueprints/HumanCharacter : Can't find file for asset. /Game/ThirdPersonBP/Blueprints/InventoryBlueprints/Interact_Interface
[2018.09.04-20.37.42:789][  0]LogLinker: Warning: Can't find file '/Game/ThirdPersonBP/Blueprints/InventoryBlueprints/InventoryComponent'
[2018.09.04-20.37.42:789][  0]LogLinker: Warning: Can't find file for asset '/Game/ThirdPersonBP/Blueprints/InventoryBlueprints/InventoryComponent' while loading ../../../../../../Users/sully/Documents/Unreal Projects/WrittenInStone123/Content/ThirdPersonBP/Blueprints/HumanCharacter.uasset.
[2018.09.04-20.37.42:789][  0]LoadErrors: Error: /Game/ThirdPersonBP/Blueprints/HumanCharacter : Can't find file for asset. /Game/ThirdPersonBP/Blueprints/InventoryBlueprints/InventoryComponent
[2018.09.04-20.37.42:797][  0]LogLinker: Warning: Can't find file '/Game/ThirdPersonBP/Blueprints/InventoryBlueprints/Interact_Interface'
[2018.09.04-20.37.42:797][  0]LogLinker: Warning: Can't find file for asset '/Game/ThirdPersonBP/Blueprints/InventoryBlueprints/Interact_Interface' while loading ../../../../../../Users/sully/Documents/Unreal Projects/WrittenInStone123/Content/ThirdPersonBP/Blueprints/HumanCharacter.uasset.
[2018.09.04-20.37.42:797][  0]LoadErrors: Error: /Game/ThirdPersonBP/Blueprints/HumanCharacter : Can't find file for asset. /Game/ThirdPersonBP/Blueprints/InventoryBlueprints/Interact_Interface
[2018.09.04-20.37.42:797][  0]LogLinker: Warning: Can't find file '/Game/ThirdPersonBP/Blueprints/InventoryBlueprints/InventoryComponent'
[2018.09.04-20.37.42:797][  0]LogLinker: Warning: Can't find file for asset '/Game/ThirdPersonBP/Blueprints/InventoryBlueprints/InventoryComponent' while loading ../../../../../../Users/sully/Documents/Unreal Projects/WrittenInStone123/Content/ThirdPersonBP/Blueprints/HumanCharacter.uasset.
[2018.09.04-20.37.42:797][  0]LoadErrors: Error: /Game/ThirdPersonBP/Blueprints/HumanCharacter : Can't find file for asset. /Game/ThirdPersonBP/Blueprints/InventoryBlueprints/InventoryComponent
[2018.09.04-20.37.42:911][  0]LogUObjectGlobals: Created PersistentFrame Addr=0x00000233076974a0, Size=216, Default__Coin_C Function /Game/ItemPickups/Coins/Coin.Coin_C:ExecuteUbergraph_Coin
[2018.09.04-20.37.42:915][  0]LogUObjectGlobals: Destroyed PersistentFrame Addr=0x00000233076974a0, Size=216
[2018.09.04-20.37.42:915][  0]LogUObjectGlobals: Created PersistentFrame Addr=0x00000233076974a0, Size=216, Default__Coin_C Function /Engine/Transient.REINST_Coin_C_27:ExecuteUbergraph_Coin
[2018.09.04-20.37.42:917][  0]LogUObjectGlobals: Created PersistentFrame Addr=0x0000023307695ec0, Size=216, Default__Coin_C Function /Game/ItemPickups/Coins/Coin.Coin_C:ExecuteUbergraph_Coin
[2018.09.04-20.37.42:925][  0]LogUObjectGlobals: Created PersistentFrame Addr=0x0000023306f01240, Size=32, Default__EnemyAiCOntroller_C Function /Game/ThirdPerson/AI/EnemyAiCOntroller.EnemyAiCOntroller_C:ExecuteUbergraph_EnemyAiCOntroller
[2018.09.04-20.37.42:927][  0]LogUObjectGlobals: Destroyed PersistentFrame Addr=0x0000023306f01240, Size=32
[2018.09.04-20.37.42:927][  0]LogUObjectGlobals: Created PersistentFrame Addr=0x0000023306f01240, Size=32, Default__EnemyAiCOntroller_C Function /Engine/Transient.REINST_EnemyAiCOntroller_C_29:ExecuteUbergraph_EnemyAiCOntroller
[2018.09.04-20.37.42:928][  0]LogUObjectGlobals: Created PersistentFrame Addr=0x0000023306f02060, Size=32, Default__EnemyAiCOntroller_C Function /Game/ThirdPerson/AI/EnemyAiCOntroller.EnemyAiCOntroller_C:ExecuteUbergraph_EnemyAiCOntroller
[2018.09.04-20.37.42:933][  0]LogUObjectGlobals: Created PersistentFrame Addr=0x000002330769bc40, Size=296, Default__DocumentationActor1_Blueprint_C Function /Game/ThirdPersonBP/Blueprints/DocumentationActor1_Blueprint.DocumentationActor1_Blueprint_C:ExecuteUbergraph_DocumentationActor1_Blueprint
[2018.09.04-20.37.42:937][  0]LogUObjectGlobals: Destroyed PersistentFrame Addr=0x000002330769bc40, Size=296
[2018.09.04-20.37.42:937][  0]LogUObjectGlobals: Created PersistentFrame Addr=0x000002330769bc40, Size=296, Default__DocumentationActor1_Blueprint_C Function /Engine/Transient.REINST_DocumentationActor1_Blueprint_C_31:ExecuteUbergraph_DocumentationActor1_Blueprint
[2018.09.04-20.37.42:939][  0]LogUObjectGlobals: Created PersistentFrame Addr=0x000002330769b740, Size=296, Default__DocumentationActor1_Blueprint_C Function /Game/ThirdPersonBP/Blueprints/DocumentationActor1_Blueprint.DocumentationActor1_Blueprint_C:ExecuteUbergraph_DocumentationActor1_Blueprint
[2018.09.04-20.37.42:942][  0]LogLinker: Warning: Can't find file '/Game/ThirdPersonBP/Blueprints/InventoryBlueprints/InventoryComponent'
[2018.09.04-20.37.42:942][  0]LogLinker: Warning: Can't find file for asset '/Game/ThirdPersonBP/Blueprints/InventoryBlueprints/InventoryComponent' while loading ../../../../../../Users/sully/Documents/Unreal Projects/WrittenInStone123/Content/ThirdPersonBP/Maps/ThirdPersonExampleMap.umap.
[2018.09.04-20.37.42:942][  0]LoadErrors: Error: /Game/ThirdPersonBP/Maps/ThirdPersonExampleMap : Can't find file for asset. /Game/ThirdPersonBP/Blueprints/InventoryBlueprints/InventoryComponent
[2018.09.04-20.37.42:982][  0]LogUObjectGlobals: Created PersistentFrame Addr=0x000002330393ed58, Size=4, Default__Computer2_Cube_2_2_Blueprint_C Function /Game/Weapons/LegendaryWeapons/Computer/Computer2_Cube_2_2_Blueprint.Computer2_Cube_2_2_Blueprint_C:ExecuteUbergraph_Computer2_Cube_2_2_Blueprint
[2018.09.04-20.37.42:984][  0]LogUObjectGlobals: Destroyed PersistentFrame Addr=0x000002330393ed58, Size=4
[2018.09.04-20.37.42:984][  0]LogUObjectGlobals: Created PersistentFrame Addr=0x000002330393ed58, Size=4, Default__Computer2_Cube_2_2_Blueprint_C Function /Engine/Transient.REINST_Computer2_Cube_2_2_Blueprint_C_35:ExecuteUbergraph_Computer2_Cube_2_2_Blueprint
[2018.09.04-20.37.42:985][  0]LogUObjectGlobals: Created PersistentFrame Addr=0x000002330393e7e0, Size=4, Default__Computer2_Cube_2_2_Blueprint_C Function /Game/Weapons/LegendaryWeapons/Computer/Computer2_Cube_2_2_Blueprint.Computer2_Cube_2_2_Blueprint_C:ExecuteUbergraph_Computer2_Cube_2_2_Blueprint
[2018.09.04-20.37.44:258][  0]LogUObjectGlobals: Created PersistentFrame Addr=0x00000233068c4880, Size=32, Default__Start_Menu_C Function /Game/HUDS/Start_Menu.Start_Menu_C:ExecuteUbergraph_Start_Menu
[2018.09.04-20.37.44:263][  0]LogUObjectGlobals: Destroyed PersistentFrame Addr=0x00000233068c4880, Size=32
[2018.09.04-20.37.44:263][  0]LogUObjectGlobals: Created PersistentFrame Addr=0x00000233068c4880, Size=32, Default__Start_Menu_C Function /Engine/Transient.REINST_Start_Menu_C_3:ExecuteUbergraph_Start_Menu
[2018.09.04-20.37.44:265][  0]LogUObjectGlobals: Created PersistentFrame Addr=0x00000233068c6920, Size=32, Default__Start_Menu_C Function /Game/HUDS/Start_Menu.Start_Menu_C:ExecuteUbergraph_Start_Menu
[2018.09.04-20.37.44:605][  0]LogLinker: Warning: Can't find file '/Game/ThirdPersonBP/Blueprints/InventoryBlueprints/InventoryComponent'
[2018.09.04-20.37.44:605][  0]LogLinker: Warning: Can't find file for asset '/Game/ThirdPersonBP/Blueprints/InventoryBlueprints/InventoryComponent' while loading ../../../../../../Users/sully/Documents/Unreal Projects/WrittenInStone123/Content/ThirdPersonBP/Maps/ThirdPersonExampleMap.umap.
[2018.09.04-20.37.44:605][  0]LoadErrors: Error: /Game/ThirdPersonBP/Maps/ThirdPersonExampleMap : Can't find file for asset. /Game/ThirdPersonBP/Blueprints/InventoryBlueprints/InventoryComponent
[2018.09.04-20.37.44:614][  0]LogUObjectGlobals: Created PersistentFrame Addr=0x0000023307807f28, Size=24, Default__ThirdPersonExampleMap_C Function /Game/ThirdPersonBP/Maps/ThirdPersonExampleMap.ThirdPersonExampleMap_C:ExecuteUbergraph_ThirdPersonExampleMap
[2018.09.04-20.37.44:614][  0]LogLinker: Warning: Can't find file '/Game/ThirdPersonBP/Blueprints/InventoryBlueprints/InventoryComponent'
[2018.09.04-20.37.44:615][  0]LogLinker: Warning: Can't find file for asset '/Game/ThirdPersonBP/Blueprints/InventoryBlueprints/InventoryComponent' while loading NULL.
[2018.09.04-20.37.44:615][  0]LogLinker: Warning: Can't find file '/Game/ThirdPersonBP/Blueprints/InventoryBlueprints/InventoryComponent'
[2018.09.04-20.37.44:615][  0]LogLinker: Warning: Can't find file for asset '/Game/ThirdPersonBP/Blueprints/InventoryBlueprints/InventoryComponent' while loading NULL.
[2018.09.04-20.37.44:616][  0]LogUObjectGlobals: Destroyed PersistentFrame Addr=0x0000023307807f28, Size=24
[2018.09.04-20.37.44:616][  0]LogUObjectGlobals: Created PersistentFrame Addr=0x0000023307807f28, Size=24, Default__ThirdPersonExampleMap_C Function /Engine/Transient.REINST_ThirdPersonExampleMap_C_39:ExecuteUbergraph_ThirdPersonExampleMap
[2018.09.04-20.37.44:617][  0]LogUObjectGlobals: Created PersistentFrame Addr=0x0000023307805d98, Size=24, Default__ThirdPersonExampleMap_C Function /Game/ThirdPersonBP/Maps/ThirdPersonExampleMap.ThirdPersonExampleMap_C:ExecuteUbergraph_ThirdPersonExampleMap
[2018.09.04-20.37.44:630][  0]LogLinker: Warning: Can't find file '/Game/ThirdPersonBP/Blueprints/InventoryBlueprints/InventoryComponent'
[2018.09.04-20.37.44:631][  0]LogLinker: Warning: Can't find file for asset '/Game/ThirdPersonBP/Blueprints/InventoryBlueprints/InventoryComponent' while loading NULL.
[2018.09.04-20.37.44:631][  0]LogLinker: Warning: Can't find file '/Game/ThirdPersonBP/Blueprints/InventoryBlueprints/InventoryComponent'
[2018.09.04-20.37.44:631][  0]LogLinker: Warning: Can't find file for asset '/Game/ThirdPersonBP/Blueprints/InventoryBlueprints/InventoryComponent' while loading NULL.
[2018.09.04-20.37.49:710][  0]LogSkeletalMesh: Skeletal Mesh found in DDC [257.664520ms] /Game/characters/Bowser/BowserPC3DModel.BowserPC3DModel
[2018.09.04-20.37.50:801][  0]LogSkeletalMesh: Skeletal Mesh found in DDC [491.396057ms] /Game/characters/generic/mainmesh/WiSMain.WiSMain
[2018.09.04-20.37.51:132][  0]LogSkeletalMesh: Skeletal Mesh found in DDC [47.091496ms] /Game/Weapons/InfinityBladeWeapons/Weapons/Blade/Swords/Blade_SwordA/SK_Blade_SwordA.SK_Blade_SwordA
[2018.09.04-20.37.52:216][  0]LogSkeletalMesh: Skeletal Mesh found in DDC [8.873148ms] /Game/Vehicle/Sedan/Sedan_SkelMesh.Sedan_SkelMesh
[2018.09.04-20.37.52:630][  0]LogSkeletalMesh: Skeletal Mesh found in DDC [54.988598ms] /Game/Mounts/GoguliBike/JetBike.JetBike
[2018.09.04-20.37.54:532][  0]LogSkeletalMesh: Skeletal Mesh found in DDC [49.447224ms] /Game/Mannequin/Character/Mesh/SK_Mannequin.SK_Mannequin
[2018.09.04-20.37.54:718][  0]LogSkeletalMesh: Skeletal Mesh found in DDC [15.667714ms] /Game/Weapons/InfinityBladeWeapons/Weapons/Blade/Swords/Blade_HeroSword22/SK_Blade_HeroSword22.SK_Blade_HeroSword22
[2018.09.04-20.37.55:151][  0]LogAIModule: Creating AISystem for world ThirdPersonExampleMap
[2018.09.04-20.37.55:156][  0]LogMaterial: Warning: Material /Game/Landscapes/Basic1/Foliage/keyakiPark1Shader.keyakiPark1Shader needed to have new flag set bUsedWithInstancedStaticMeshes !
[2018.09.04-20.37.55:161][  0]LogMaterial: Missing cached shader map for material keyakiPark1Shader, compiling. 
[2018.09.04-20.37.55:252][  0]MapCheck: Warning: keyakiPark1Shader Material /Game/Landscapes/Basic1/Foliage/keyakiPark1Shader.keyakiPark1Shader was missing the usage flag bUsedWithInstancedStaticMeshes. If the material asset is not re-saved, it may not render correctly when run outside the editor. Fix
[2018.09.04-20.37.57:250][  0]LogShaderCompilers: Display: Shaders left to compile 43
[2018.09.04-20.37.57:250][  0]LogShaderCompilers: Display: Shaders left to compile 33
[2018.09.04-20.37.57:250][  0]LogShaderCompilers: Display: Shaders left to compile 23
[2018.09.04-20.37.57:268][  0]LogEditorServer: Finished looking for orphan Actors (0.000 secs)
[2018.09.04-20.37.57:364][  0]LogUObjectGlobals: Destroyed PersistentFrame Addr=0x00000233073d8100, Size=1760
[2018.09.04-20.37.57:364][  0]LogUObjectGlobals: Destroyed PersistentFrame Addr=0x00000233074d5e50, Size=112
[2018.09.04-20.37.57:364][  0]LogUObjectGlobals: Destroyed PersistentFrame Addr=0x00000233067da320, Size=88
[2018.09.04-20.37.57:364][  0]LogUObjectGlobals: Destroyed PersistentFrame Addr=0x0000023307439900, Size=32
[2018.09.04-20.37.57:364][  0]LogUObjectGlobals: Destroyed PersistentFrame Addr=0x00000233073e9000, Size=368
[2018.09.04-20.37.57:364][  0]LogUObjectGlobals: Destroyed PersistentFrame Addr=0x00000233073f3900, Size=64
[2018.09.04-20.37.57:364][  0]LogUObjectGlobals: Destroyed PersistentFrame Addr=0x00000233068eefe8, Size=40
[2018.09.04-20.37.57:364][  0]LogUObjectGlobals: Destroyed PersistentFrame Addr=0x000002330751b380, Size=536
[2018.09.04-20.37.57:364][  0]LogUObjectGlobals: Destroyed PersistentFrame Addr=0x0000023307437af0, Size=4
[2018.09.04-20.37.57:364][  0]LogUObjectGlobals: Destroyed PersistentFrame Addr=0x00000233073d5f00, Size=720
[2018.09.04-20.37.57:364][  0]LogUObjectGlobals: Destroyed PersistentFrame Addr=0x00000233073fa660, Size=160
[2018.09.04-20.37.57:364][  0]LogUObjectGlobals: Destroyed PersistentFrame Addr=0x00000233068ef178, Size=40
[2018.09.04-20.37.57:364][  0]LogUObjectGlobals: Destroyed PersistentFrame Addr=0x00000233073d1780, Size=384
[2018.09.04-20.37.57:365][  0]LogUObjectGlobals: Destroyed PersistentFrame Addr=0x00000233076974a0, Size=216
[2018.09.04-20.37.57:365][  0]LogUObjectGlobals: Destroyed PersistentFrame Addr=0x0000023306f01240, Size=32
[2018.09.04-20.37.57:365][  0]LogUObjectGlobals: Destroyed PersistentFrame Addr=0x000002330769bc40, Size=296
[2018.09.04-20.37.57:365][  0]LogUObjectGlobals: Destroyed PersistentFrame Addr=0x000002330393ed58, Size=4
[2018.09.04-20.37.57:365][  0]LogUObjectGlobals: Destroyed PersistentFrame Addr=0x00000233068c4880, Size=32
[2018.09.04-20.37.57:365][  0]LogUObjectGlobals: Destroyed PersistentFrame Addr=0x0000023307807f28, Size=24
[2018.09.04-20.37.57:403][  0]Cmd: MAP CHECKDEP NOCLEARLOG
[2018.09.04-20.37.57:678][  0]MapCheck: Map check complete: 0 Error(s), 1 Warning(s), took 274.134ms to complete.
[2018.09.04-20.37.57:685][  0]LogFileHelpers: Loading map 'ThirdPersonExampleMap' took 18.131
[2018.09.04-20.37.58:523][  0]LogCollectionManager: Loaded 0 collections in 0.004330 seconds
[2018.09.04-20.37.58:731][  0]LogFileCache: Scanning file cache for directory 'C:/Users/sully/Documents/Unreal Projects/WrittenInStone123/Saved/Collections/' took 0.01s
[2018.09.04-20.37.58:731][  0]LogFileCache: Scanning file cache for directory 'C:/Users/sully/Documents/Unreal Projects/WrittenInStone123/Content/Developers/sully/Collections/' took 0.01s
[2018.09.04-20.37.58:731][  0]LogFileCache: Scanning file cache for directory 'C:/Users/sully/Documents/Unreal Projects/WrittenInStone123/Content/Collections/' took 0.01s
[2018.09.04-20.37.58:731][  0]LogCollectionManager: Rebuilt the GUID cache for 0 collections in 0.000001 seconds
[2018.09.04-20.37.58:757][  0]LogContentBrowser: Native class hierarchy populated in 0.0257 seconds. Added 2452 classes and 558 folders.
[2018.09.04-20.37.58:866][  0]LogContentBrowser: Native class hierarchy updated for 'WidgetCarousel' in 0.0004 seconds. Added 0 classes and 0 folders.
[2018.09.04-20.38.00:177][  0]LogContentBrowser: Native class hierarchy updated for 'AddContentDialog' in 0.0004 seconds. Added 0 classes and 0 folders.
[2018.09.04-20.38.00:203][  0]LogContentBrowser: Native class hierarchy updated for 'SceneOutliner' in 0.0004 seconds. Added 1 classes and 2 folders.
[2018.09.04-20.38.00:589][  0]LogSlate: Took 0.000300 seconds to synchronously load lazily loaded font '../../../Engine/Content/Slate/Fonts/Roboto-Regular.ttf' (155K)
[2018.09.04-20.38.00:592][  0]LogSlate: Took 0.000356 seconds to synchronously load lazily loaded font '../../../Engine/Content/Slate/Fonts/Roboto-Bold.ttf' (160K)
[2018.09.04-20.38.00:628][  0]LogSlate: Took 0.027723 seconds to synchronously load lazily loaded font '../../../Engine/Content/Editor/Slate/Fonts/FontAwesome.ttf' (139K)
[2018.09.04-20.38.00:927][  0]LogShaderCompilers: Display: Shaders left to compile 13
[2018.09.04-20.38.00:928][  0]LogRenderer: Reallocating scene render targets to support 256x256 Format 10 NumSamples 1 (Frame:1).
[2018.09.04-20.38.01:428][  0]LogShaderCompilers: Display: Shaders left to compile 3
[2018.09.04-20.38.01:428][  0]LogRenderer: Reallocating scene render targets to support 780x396 Format 9 NumSamples 1 (Frame:1).
[2018.09.04-20.38.02:352][  0]LogContentBrowser: Native class hierarchy updated for 'HierarchicalLODOutliner' in 0.0003 seconds. Added 0 classes and 0 folders.
[2018.09.04-20.38.02:353][  0]LogLoad: (Engine Initialization) Total time: 38.40 seconds
[2018.09.04-20.38.02:353][  0]LogLoad: (Engine Initialization) Total Blueprint compile time: 0.00 seconds
[2018.09.04-20.38.02:373][  0]LogWindowsTextInputMethodSystem: Display: IME system now deactivated.
[2018.09.04-20.38.02:406][  0]LogContentStreaming: Texture pool size now 600 MB
[2018.09.04-20.38.02:412][  0]LogSlate: FSceneViewport::OnFocusLost() reason 2
[2018.09.04-20.38.02:609][  0]LogSlate: Took 0.016759 seconds to synchronously load lazily loaded font '../../../Engine/Content/Slate/Fonts/Roboto-Light.ttf' (167K)
[2018.09.04-20.38.03:304][  4]LogAssetRegistry: Asset discovery search completed in 32.5126 seconds
[2018.09.04-20.38.03:311][  4]LogCollectionManager: Rebuilt the object cache for 0 collections in 0.000029 seconds (found 0 objects)
[2018.09.04-20.38.03:311][  4]LogCollectionManager: Fixed up redirectors for 0 collections in 0.000958 seconds (updated 0 objects)
[2018.09.04-20.38.07:109][122]LogSlate: Window 'Message Log' being destroyed
[2018.09.04-20.38.07:121][122]LogSlate: Window 'Message Log' being destroyed
[2018.09.04-20.38.11:172][214]LogSlate: FSceneViewport::OnFocusLost() reason 0
[2018.09.04-20.38.44:154][304]SourceControl: fatal: C:/Program Files/Epic Games/UE_4.19/Engine/Content: 'C:/Program Files/Epic Games/UE_4.19/Engine/Content' is outside repository
[2018.09.04-20.38.55:854][304]LogSlate: Window 'Submit Files' being destroyed
[2018.09.04-20.38.59:793][304]LogSourceControl: commit successful: [master 465fa4e] e iiiiiiiii
[2018.09.04-20.39.00:656][304]SourceControl: [master 465fa4e] e iiiiiiiii
[2018.09.04-20.39.00:656][304]SourceControl:  28 files changed, 0 insertions(+), 0 deletions(-)
[2018.09.04-20.39.00:656][304]SourceControl:  delete mode 100644 Content/HUDS/InventoryUI/BagBG.uasset
[2018.09.04-20.39.00:656][304]SourceControl:  delete mode 100644 Content/HUDS/InventoryUI/BagIcon.uasset
[2018.09.04-20.39.00:656][304]SourceControl:  delete mode 100644 Content/HUDS/InventoryUI/Close_Normal.uasset
[2018.09.04-20.39.00:656][304]SourceControl:  delete mode 100644 Content/HUDS/InventoryUI/Close_Rollover.uasset
[2018.09.04-20.39.00:656][304]SourceControl:  delete mode 100644 Content/HUDS/InventoryUI/DoorKey.uasset
[2018.09.04-20.39.00:656][304]SourceControl:  delete mode 100644 Content/HUDS/InventoryUI/LootBox.uasset
[2018.09.04-20.39.00:656][304]SourceControl:  delete mode 100644 Content/HUDS/InventoryUI/WoodLogs.uasset
[2018.09.04-20.39.00:656][304]SourceControl:  create mode 100644 Content/HUDS/InvetorySystem/Inventory.uasset
[2018.09.04-20.39.00:656][304]SourceControl:  create mode 100644 Content/HUDS/InvetorySystem/InventoryComponent.uasset
[2018.09.04-20.39.00:656][304]SourceControl:  create mode 100644 Content/HUDS/InvetorySystem/ItemStructure.uasset
[2018.09.04-20.39.00:656][304]SourceControl:  create mode 100644 Content/HUDS/InvetorySystem/Items/Item.uasset
[2018.09.04-20.39.00:656][304]SourceControl:  create mode 100644 Content/HUDS/InvetorySystem/SlotStructure.uasset
[2018.09.04-20.39.00:656][304]SourceControl:  rewrite Content/ThirdPersonBP/Blueprints/ElvenCharacter.uasset (76%)
[2018.09.04-20.39.00:656][304]SourceControl:  delete mode 100644 Content/ThirdPersonBP/Blueprints/InventoryBlueprints/Interact_Interface.uasset
[2018.09.04-20.39.00:656][304]SourceControl:  delete mode 100644 Content/ThirdPersonBP/Blueprints/InventoryBlueprints/InventoryComponent.uasset
[2018.09.04-20.39.00:656][304]SourceControl:  delete mode 100644 Content/ThirdPersonBP/Blueprints/InventoryBlueprints/InventoryUI/InventoryHUD.uasset
[2018.09.04-20.39.00:656][304]SourceControl:  delete mode 100644 Content/ThirdPersonBP/Blueprints/InventoryBlueprints/InventoryUI/InventorySlot.uasset
[2018.09.04-20.39.00:656][304]SourceControl:  delete mode 100644 Content/ThirdPersonBP/Blueprints/InventoryBlueprints/InventoryUI/InventoryWindow.uasset
[2018.09.04-20.39.00:656][304]SourceControl:  delete mode 100644 Content/ThirdPersonBP/Blueprints/InventoryBlueprints/Item/Item.uasset
[2018.09.04-20.39.00:656][304]SourceControl:  rewrite Content/ThirdPersonBP/Blueprints/InventoryBlueprints/Item/Item_Log.uasset (78%)
[2018.09.04-20.39.00:656][304]SourceControl:  rewrite Content/ThirdPersonBP/Blueprints/InventoryBlueprints/ItemStructure.uasset (90%)
[2018.09.04-20.39.00:656][304]SourceControl:  delete mode 100644 Content/ThirdPersonBP/Blueprints/InventoryBlueprints/SlotStructure.uasset
[2018.09.04-20.39.00:656][304]SourceControl:  delete mode 100644 Content/ThirdPersonBP/Blueprints/MyPlayerController.uasset
[2018.09.04-20.39.00:656][304]SourceControl:  rewrite Content/ThirdPersonBP/Blueprints/OrcCharacter.uasset (76%)
[2018.09.04-20.39.00:656][304]SourceControl:  rewrite Content/ThirdPersonBP/Blueprints/ThirdPersonGameMode.uasset (66%)
[2018.09.04-20.39.00:662][304]SourceControl: Commited [master 465fa4e] e iiiiiiiii.
