Log file open, 09/26/18 14:37:54
LogWindows: Failed to load 'aqProf.dll' (GetLastError=126)
LogWindows: File 'aqProf.dll' does not exist
LogWindows: Failed to load 'VtuneApi.dll' (GetLastError=126)
LogWindows: File 'VtuneApi.dll' does not exist
LogWindows: Failed to load 'VtuneApi32e.dll' (GetLastError=126)
LogWindows: File 'VtuneApi32e.dll' does not exist
LogInit: Display: Running engine for game: WrittenInStone
LogPlatformFile: Not using cached read wrapper
LogInit: Display: RandInit(-481209076) SRandInit(-481209076).
LogInit: Read version file with build ID '3944462'
LogInit: Overriding engine version to CL 4033788, compatible CL 3944462
LogInit: Registered custom module enumerator with build ID '3944462'
LogTaskGraph: Started task graph with 5 named threads and 23 total threads with 3 sets of task threads.
LogStats: Stats thread started at 0.275544
LogD3D11RHI: Aftermath initialized
LogICUInternationalization: Display: ICU TimeZone Detection - Raw Offset: -8:00, Platform Override: ''
LogModuleManager: Display: Found up-to-date module file ../../../Engine/Plugins/2D/Paper2D/Binaries/Win64/UE4Editor-Paper2D.dll (API version 3944462).
LogModuleManager: Display: Found up-to-date module file ../../../Engine/Plugins/2D/Paper2D/Binaries/Win64/UE4Editor-Paper2DEditor.dll (API version 3944462).
LogModuleManager: Display: Found up-to-date module file ../../../Engine/Plugins/2D/Paper2D/Binaries/Win64/UE4Editor-PaperSpriteSheetImporter.dll (API version 3944462).
LogModuleManager: Display: Found up-to-date module file ../../../Engine/Plugins/2D/Paper2D/Binaries/Win64/UE4Editor-PaperTiledImporter.dll (API version 3944462).
LogModuleManager: Display: Found up-to-date module file ../../../Engine/Plugins/2D/Paper2D/Binaries/Win64/UE4Editor-SmartSnapping.dll (API version 3944462).
LogModuleManager: Display: Found up-to-date module file ../../../Engine/Plugins/Blendables/LightPropagationVolume/Binaries/Win64/UE4Editor-LightPropagationVolumeRuntime.dll (API version 3944462).
LogModuleManager: Display: Found up-to-date module file ../../../Engine/Plugins/Blendables/LightPropagationVolume/Binaries/Win64/UE4Editor-LightPropagationVolumeEditor.dll (API version 3944462).
LogModuleManager: Display: Found up-to-date module file ../../../Engine/Plugins/Developer/CLionSourceCodeAccess/Binaries/Win64/UE4Editor-CLionSourceCodeAccess.dll (API version 3944462).
LogModuleManager: Display: Found up-to-date module file ../../../Engine/Plugins/Developer/GitSourceControl/Binaries/Win64/UE4Editor-GitSourceControl.dll (API version 3944462).
LogModuleManager: Display: Found up-to-date module file ../../../Engine/Plugins/Developer/PerforceSourceControl/Binaries/Win64/UE4Editor-PerforceSourceControl.dll (API version 3944462).
LogModuleManager: Display: Found up-to-date module file ../../../Engine/Plugins/Developer/SubversionSourceControl/Binaries/Win64/UE4Editor-SubversionSourceControl.dll (API version 3944462).
LogModuleManager: Display: Found up-to-date module file ../../../Engine/Plugins/Developer/UObjectPlugin/Binaries/Win64/UE4Editor-UObjectPlugin.dll (API version 3944462).
LogModuleManager: Display: Found up-to-date module file ../../../Engine/Plugins/Developer/VisualStudioCodeSourceCodeAccess/Binaries/Win64/UE4Editor-VisualStudioCodeSourceCodeAccess.dll (API version 3944462).
LogModuleManager: Display: Found up-to-date module file ../../../Engine/Plugins/Developer/VisualStudioSourceCodeAccess/Binaries/Win64/UE4Editor-VisualStudioSourceCodeAccess.dll (API version 3944462).
LogModuleManager: Display: Found up-to-date module file ../../../Engine/Plugins/Editor/AssetManagerEditor/Binaries/Win64/UE4Editor-AssetManagerEditor.dll (API version 3944462).
LogModuleManager: Display: Found up-to-date module file ../../../Engine/Plugins/Editor/CryptoKeys/Binaries/Win64/UE4Editor-CryptoKeys.dll (API version 3944462).
LogModuleManager: Display: Found up-to-date module file ../../../Engine/Plugins/Editor/CryptoKeys/Binaries/Win64/UE4Editor-CryptoKeysOpenSSL.dll (API version 3944462).
LogModuleManager: Display: Found up-to-date module file ../../../Engine/Plugins/Editor/DataValidation/Binaries/Win64/UE4Editor-DataValidation.dll (API version 3944462).
LogModuleManager: Display: Found up-to-date module file ../../../Engine/Plugins/Editor/FacialAnimation/Binaries/Win64/UE4Editor-FacialAnimation.dll (API version 3944462).
LogModuleManager: Display: Found up-to-date module file ../../../Engine/Plugins/Editor/FacialAnimation/Binaries/Win64/UE4Editor-FacialAnimationEditor.dll (API version 3944462).
LogModuleManager: Display: Found up-to-date module file ../../../Engine/Plugins/Editor/GameplayTagsEditor/Binaries/Win64/UE4Editor-GameplayTagsEditor.dll (API version 3944462).
LogModuleManager: Display: Found up-to-date module file ../../../Engine/Plugins/Editor/MobileLauncherProfileWizard/Binaries/Win64/UE4Editor-MobileLauncherProfileWizard.dll (API version 3944462).
LogModuleManager: Display: Found up-to-date module file ../../../Engine/Plugins/Editor/PluginBrowser/Binaries/Win64/UE4Editor-PluginBrowser.dll (API version 3944462).
LogModuleManager: Display: Found up-to-date module file ../../../Engine/Plugins/Editor/SpeedTreeImporter/Binaries/Win64/UE4Editor-SpeedTreeImporter.dll (API version 3944462).
LogModuleManager: Display: Found up-to-date module file ../../../Engine/Plugins/Enterprise/DatasmithContent/Binaries/Win64/UE4Editor-DatasmithContent.dll (API version 3944462).
LogModuleManager: Display: Found up-to-date module file ../../../Engine/Plugins/Experimental/AlembicImporter/Binaries/Win64/UE4Editor-AlembicImporter.dll (API version 3944462).
LogModuleManager: Display: Found up-to-date module file ../../../Engine/Plugins/Experimental/AlembicImporter/Binaries/Win64/UE4Editor-AlembicLibrary.dll (API version 3944462).
LogModuleManager: Display: Found up-to-date module file ../../../Engine/Plugins/Experimental/CharacterAI/Binaries/Win64/UE4Editor-CharacterAI.dll (API version 3944462).
LogModuleManager: Display: Found up-to-date module file ../../../Engine/Plugins/Experimental/HTML5Networking/Binaries/Win64/UE4Editor-HTML5Networking.dll (API version 3944462).
LogModuleManager: Display: Found up-to-date module file ../../../Engine/Plugins/Media/AndroidMedia/Binaries/Win64/UE4Editor-AndroidMediaEditor.dll (API version 3944462).
LogModuleManager: Display: Found up-to-date module file ../../../Engine/Plugins/Media/AndroidMedia/Binaries/Win64/UE4Editor-AndroidMediaFactory.dll (API version 3944462).
LogModuleManager: Display: Found up-to-date module file ../../../Engine/Plugins/Media/AvfMedia/Binaries/Win64/UE4Editor-AvfMediaEditor.dll (API version 3944462).
LogModuleManager: Display: Found up-to-date module file ../../../Engine/Plugins/Media/AvfMedia/Binaries/Win64/UE4Editor-AvfMediaFactory.dll (API version 3944462).
LogModuleManager: Display: Found up-to-date module file ../../../Engine/Plugins/Media/AvfMedia/Binaries/Win64/UE4Editor-AvfMediaFactory.dll (API version 3944462).
LogModuleManager: Display: Found up-to-date module file ../../../Engine/Plugins/Media/ImgMedia/Binaries/Win64/UE4Editor-ImgMedia.dll (API version 3944462).
LogModuleManager: Display: Found up-to-date module file ../../../Engine/Plugins/Media/ImgMedia/Binaries/Win64/UE4Editor-ImgMediaEditor.dll (API version 3944462).
LogModuleManager: Display: Found up-to-date module file ../../../Engine/Plugins/Media/ImgMedia/Binaries/Win64/UE4Editor-ImgMediaFactory.dll (API version 3944462).
LogModuleManager: Display: Found up-to-date module file ../../../Engine/Plugins/Media/ImgMedia/Binaries/Win64/UE4Editor-ImgMediaFactory.dll (API version 3944462).
LogModuleManager: Display: Found up-to-date module file ../../../Engine/Plugins/Media/ImgMedia/Binaries/Win64/UE4Editor-OpenExrWrapper.dll (API version 3944462).
LogModuleManager: Display: Found up-to-date module file ../../../Engine/Plugins/Media/LinearTimecode/Binaries/Win64/UE4Editor-LinearTimecode.dll (API version 3944462).
LogModuleManager: Display: Found up-to-date module file ../../../Engine/Plugins/Media/MediaCompositing/Binaries/Win64/UE4Editor-MediaCompositing.dll (API version 3944462).
LogModuleManager: Display: Found up-to-date module file ../../../Engine/Plugins/Media/MediaCompositing/Binaries/Win64/UE4Editor-MediaCompositingEditor.dll (API version 3944462).
LogModuleManager: Display: Found up-to-date module file ../../../Engine/Plugins/Media/MediaPlayerEditor/Binaries/Win64/UE4Editor-MediaPlayerEditor.dll (API version 3944462).
LogModuleManager: Display: Found up-to-date module file ../../../Engine/Plugins/Media/WmfMedia/Binaries/Win64/UE4Editor-WmfMedia.dll (API version 3944462).
LogModuleManager: Display: Found up-to-date module file ../../../Engine/Plugins/Media/WmfMedia/Binaries/Win64/UE4Editor-WmfMediaEditor.dll (API version 3944462).
LogModuleManager: Display: Found up-to-date module file ../../../Engine/Plugins/Media/WmfMedia/Binaries/Win64/UE4Editor-WmfMediaFactory.dll (API version 3944462).
LogModuleManager: Display: Found up-to-date module file ../../../Engine/Plugins/Media/WmfMedia/Binaries/Win64/UE4Editor-WmfMediaFactory.dll (API version 3944462).
LogModuleManager: Display: Found up-to-date module file ../../../Engine/Plugins/Messaging/TcpMessaging/Binaries/Win64/UE4Editor-TcpMessaging.dll (API version 3944462).
LogModuleManager: Display: Found up-to-date module file ../../../Engine/Plugins/Messaging/UdpMessaging/Binaries/Win64/UE4Editor-UdpMessaging.dll (API version 3944462).
LogModuleManager: Display: Found up-to-date module file ../../../Engine/Plugins/MovieScene/ActorSequence/Binaries/Win64/UE4Editor-ActorSequence.dll (API version 3944462).
LogModuleManager: Display: Found up-to-date module file ../../../Engine/Plugins/MovieScene/LevelSequenceEditor/Binaries/Win64/UE4Editor-LevelSequenceEditor.dll (API version 3944462).
LogModuleManager: Display: Found up-to-date module file ../../../Engine/Plugins/MovieScene/MatineeToLevelSequence/Binaries/Win64/UE4Editor-MatineeToLevelSequence.dll (API version 3944462).
LogModuleManager: Display: Found up-to-date module file ../../../Engine/Plugins/NetcodeUnitTest/NetcodeUnitTest/Binaries/Win64/UE4Editor-NetcodeUnitTest.dll (API version 3944462).
LogModuleManager: Display: Found up-to-date module file ../../../Engine/Plugins/NetcodeUnitTest/NUTUnrealEngine4/Binaries/Win64/UE4Editor-NUTUnrealEngine4.dll (API version 3944462).
LogModuleManager: Display: Found up-to-date module file ../../../Engine/Plugins/Online/OnlineSubsystem/Binaries/Win64/UE4Editor-OnlineSubsystem.dll (API version 3944462).
LogModuleManager: Display: Found up-to-date module file ../../../Engine/Plugins/Runtime/AndroidPermission/Binaries/Win64/UE4Editor-AndroidPermission.dll (API version 3944462).
LogModuleManager: Display: Found up-to-date module file ../../../Engine/Plugins/Online/OnlineSubsystemNull/Binaries/Win64/UE4Editor-OnlineSubsystemNull.dll (API version 3944462).
LogModuleManager: Display: Found up-to-date module file ../../../Engine/Plugins/Online/OnlineSubsystemUtils/Binaries/Win64/UE4Editor-OnlineSubsystemUtils.dll (API version 3944462).
LogModuleManager: Display: Found up-to-date module file ../../../Engine/Plugins/Online/OnlineSubsystemUtils/Binaries/Win64/UE4Editor-OnlineBlueprintSupport.dll (API version 3944462).
LogModuleManager: Display: Found up-to-date module file ../../../Engine/Plugins/Runtime/AndroidDeviceProfileSelector/Binaries/Win64/UE4Editor-AndroidDeviceProfileSelector.dll (API version 3944462).
LogModuleManager: Display: Found up-to-date module file ../../../Engine/Plugins/Runtime/AppleARKit/Binaries/Win64/UE4Editor-AppleARKit.dll (API version 3944462).
LogModuleManager: Display: Found up-to-date module file ../../../Engine/Plugins/Runtime/ProceduralMeshComponent/Binaries/Win64/UE4Editor-ProceduralMeshComponent.dll (API version 3944462).
LogModuleManager: Display: Found up-to-date module file ../../../Engine/Plugins/Runtime/ProceduralMeshComponent/Binaries/Win64/UE4Editor-ProceduralMeshComponentEditor.dll (API version 3944462).
LogModuleManager: Display: Found up-to-date module file ../../../Engine/Plugins/Animation/LiveLink/Binaries/Win64/UE4Editor-LiveLink.dll (API version 3944462).
LogModuleManager: Display: Found up-to-date module file ../../../Engine/Plugins/Animation/LiveLink/Binaries/Win64/UE4Editor-LiveLinkEditor.dll (API version 3944462).
LogModuleManager: Display: Found up-to-date module file ../../../Engine/Plugins/Runtime/ArchVisCharacter/Binaries/Win64/UE4Editor-ArchVisCharacter.dll (API version 3944462).
LogModuleManager: Display: Found up-to-date module file ../../../Engine/Plugins/Runtime/AudioCapture/Binaries/Win64/UE4Editor-AudioCapture.dll (API version 3944462).
LogModuleManager: Display: Found up-to-date module file ../../../Engine/Plugins/Runtime/AudioCapture/Binaries/Win64/UE4Editor-AudioCaptureEditor.dll (API version 3944462).
LogModuleManager: Display: Found up-to-date module file ../../../Engine/Plugins/Runtime/CableComponent/Binaries/Win64/UE4Editor-CableComponent.dll (API version 3944462).
LogModuleManager: Display: Found up-to-date module file ../../../Engine/Plugins/Runtime/CustomMeshComponent/Binaries/Win64/UE4Editor-CustomMeshComponent.dll (API version 3944462).
LogModuleManager: Display: Found up-to-date module file ../../../Engine/Plugins/Runtime/ExampleDeviceProfileSelector/Binaries/Win64/UE4Editor-ExampleDeviceProfileSelector.dll (API version 3944462).
LogModuleManager: Display: Found up-to-date module file ../../../Engine/Plugins/Runtime/ImmediatePhysics/Binaries/Win64/UE4Editor-ImmediatePhysics.dll (API version 3944462).
LogModuleManager: Display: Found up-to-date module file ../../../Engine/Plugins/Runtime/ImmediatePhysics/Binaries/Win64/UE4Editor-ImmediatePhysicsEditor.dll (API version 3944462).
LogModuleManager: Display: Found up-to-date module file ../../../Engine/Plugins/Runtime/LocationServicesBPLibrary/Binaries/Win64/UE4Editor-LocationServicesBPLibrary.dll (API version 3944462).
LogModuleManager: Display: Found up-to-date module file ../../../Engine/Plugins/Runtime/MobilePatchingUtils/Binaries/Win64/UE4Editor-MobilePatchingUtils.dll (API version 3944462).
LogModuleManager: Display: Found up-to-date module file ../../../Engine/Plugins/Runtime/Oculus/OculusVR/Binaries/Win64/UE4Editor-OculusHMD.dll (API version 3944462).
LogModuleManager: Display: Found up-to-date module file ../../../Engine/Plugins/Runtime/Oculus/OculusVR/Binaries/Win64/UE4Editor-OculusInput.dll (API version 3944462).
LogModuleManager: Display: Found up-to-date module file ../../../Engine/Plugins/Runtime/Oculus/OculusVR/Binaries/Win64/UE4Editor-OculusEditor.dll (API version 3944462).
LogModuleManager: Display: Found up-to-date module file ../../../Engine/Plugins/Runtime/PhysXVehicles/Binaries/Win64/UE4Editor-PhysXVehicles.dll (API version 3944462).
LogModuleManager: Display: Found up-to-date module file ../../../Engine/Plugins/Runtime/PhysXVehicles/Binaries/Win64/UE4Editor-PhysXVehiclesEditor.dll (API version 3944462).
LogModuleManager: Display: Found up-to-date module file ../../../Engine/Plugins/Runtime/RuntimePhysXCooking/Binaries/Win64/UE4Editor-RuntimePhysXCooking.dll (API version 3944462).
LogModuleManager: Display: Found up-to-date module file ../../../Engine/Plugins/Runtime/Steam/SteamVR/Binaries/Win64/UE4Editor-SteamVR.dll (API version 3944462).
LogModuleManager: Display: Found up-to-date module file ../../../Engine/Plugins/Runtime/Steam/SteamVR/Binaries/Win64/UE4Editor-SteamVRController.dll (API version 3944462).
LogModuleManager: Display: Found up-to-date module file ../../../Engine/Plugins/Runtime/WindowsMoviePlayer/Binaries/Win64/UE4Editor-WindowsMoviePlayer.dll (API version 3944462).
LogPluginManager: Mounting plugin Paper2D
LogPluginManager: Mounting plugin LiveLink
LogPluginManager: Mounting plugin LightPropagationVolume
LogPluginManager: Mounting plugin CLionSourceCodeAccess
LogPluginManager: Mounting plugin CodeLiteSourceCodeAccess
LogPluginManager: Mounting plugin GitSourceControl
LogPluginManager: Mounting plugin KDevelopSourceCodeAccess
LogPluginManager: Mounting plugin NullSourceCodeAccess
LogPluginManager: Mounting plugin PerforceSourceControl
LogPluginManager: Mounting plugin SubversionSourceControl
LogPluginManager: Mounting plugin UObjectPlugin
LogPluginManager: Mounting plugin VisualStudioCodeSourceCodeAccess
LogPluginManager: Mounting plugin VisualStudioSourceCodeAccess
LogPluginManager: Mounting plugin XCodeSourceCodeAccess
LogPluginManager: Mounting plugin AssetManagerEditor
LogPluginManager: Mounting plugin CryptoKeys
LogPluginManager: Mounting plugin DataValidation
LogPluginManager: Mounting plugin FacialAnimation
LogPluginManager: Mounting plugin GameplayTagsEditor
LogPluginManager: Mounting plugin MobileLauncherProfileWizard
LogPluginManager: Mounting plugin PluginBrowser
LogPluginManager: Mounting plugin SpeedTreeImporter
LogPluginManager: Mounting plugin DatasmithContent
LogPluginManager: Mounting plugin AlembicImporter
LogPluginManager: Mounting plugin CharacterAI
LogPluginManager: Mounting plugin HTML5Networking
LogPluginManager: Mounting plugin AndroidMedia
LogPluginManager: Mounting plugin AvfMedia
LogPluginManager: Mounting plugin ImgMedia
LogPluginManager: Mounting plugin LinearTimecode
LogPluginManager: Mounting plugin MediaCompositing
LogPluginManager: Mounting plugin MediaPlayerEditor
LogPluginManager: Mounting plugin WmfMedia
LogPluginManager: Mounting plugin TcpMessaging
LogPluginManager: Mounting plugin UdpMessaging
LogPluginManager: Mounting plugin ActorSequence
LogPluginManager: Mounting plugin LevelSequenceEditor
LogPluginManager: Mounting plugin MatineeToLevelSequence
LogPluginManager: Mounting plugin NetcodeUnitTest
LogPluginManager: Mounting plugin NUTUnrealEngine4
LogPluginManager: Mounting plugin OnlineSubsystemGooglePlay
LogPluginManager: Mounting plugin OnlineSubsystemIOS
LogPluginManager: Mounting plugin OnlineSubsystem
LogPluginManager: Mounting plugin OnlineSubsystemNull
LogPluginManager: Mounting plugin OnlineSubsystemUtils
LogPluginManager: Mounting plugin AndroidDeviceProfileSelector
LogPluginManager: Mounting plugin AndroidMoviePlayer
LogPluginManager: Mounting plugin AndroidPermission
LogPluginManager: Mounting plugin AppleARKit
LogPluginManager: Mounting plugin AppleMoviePlayer
LogPluginManager: Mounting plugin ArchVisCharacter
LogPluginManager: Mounting plugin AudioCapture
LogPluginManager: Mounting plugin CableComponent
LogPluginManager: Mounting plugin CustomMeshComponent
LogPluginManager: Mounting plugin ExampleDeviceProfileSelector
LogPluginManager: Mounting plugin GoogleCloudMessaging
LogPluginManager: Mounting plugin ImmediatePhysics
LogPluginManager: Mounting plugin IOSDeviceProfileSelector
LogPluginManager: Mounting plugin LinuxDeviceProfileSelector
LogPluginManager: Mounting plugin LocationServicesBPLibrary
LogPluginManager: Mounting plugin MobilePatchingUtils
LogPluginManager: Mounting plugin OculusVR
LogPluginManager: Plugin shader directory ../../../Engine/Plugins/Runtime/Oculus/OculusVR/Shaders found
LogPluginManager: Mapping shader source directory ../../../Engine/Plugins/Runtime/Oculus/OculusVR/Shaders to virtual directory /Plugin/OculusVR
LogPluginManager: Mounting plugin PhysXVehicles
LogPluginManager: Mounting plugin ProceduralMeshComponent
LogPluginManager: Mounting plugin RuntimePhysXCooking
LogPluginManager: Mounting plugin SteamVR
LogPluginManager: Mounting plugin WindowsMoviePlayer
LogStreaming: Display: Took  1.715s to configure plugins.
LogInit: Using libcurl 7.47.1
LogInit:  - built for x86_64-pc-win32
LogInit:  - supports SSL with OpenSSL/1.0.2g
LogInit:  - supports HTTP deflate (compression) using libz 1.2.8
LogInit:  - other features:
LogInit:      CURL_VERSION_SSL
LogInit:      CURL_VERSION_LIBZ
LogInit:      CURL_VERSION_IPV6
LogInit:      CURL_VERSION_ASYNCHDNS
LogInit:      CURL_VERSION_LARGEFILE
LogInit:      CURL_VERSION_IDN
LogInit:  CurlRequestOptions (configurable via config and command line):
LogInit:  - bVerifyPeer = false  - Libcurl will NOT verify peer certificate
LogInit:  - bUseHttpProxy = false  - Libcurl will NOT use HTTP proxy
LogInit:  - bDontReuseConnections = false  - Libcurl will reuse connections
LogInit:  - CertBundlePath = nullptr  - Libcurl will use whatever was configured at build time.
LogInit:  - MaxHostConnections = 16  - Libcurl will limit the number of connections to a host
LogInit:  - LocalHostAddr = Default
LogInit: WinSock: version 1.1 (2.2), MaxSocks=32767, MaxUdp=65467
LogInit: WinSock: I am LAPTOP-QPTR8KIA (10.0.49.65:0)
LogInit: Build: ++UE4+Release-4.19-CL-4033788
LogInit: Engine Version: 4.19.2-4033788+++UE4+Release-4.19
LogInit: Compatible Engine Version: 4.19.0-3944462+++UE4+Release-4.19
LogInit: Net CL: 3944462
LogDevObjectVersion: Number of dev versions registered: 18
LogDevObjectVersion:   Dev-Blueprints (B0D832E4-1F89-4F0D-ACCF-7EB736FD4AA2): 10
LogDevObjectVersion:   Dev-Build (E1C64328-A22C-4D53-A36C-8E866417BD8C): 0
LogDevObjectVersion:   Dev-Core (375EC13C-06E4-48FB-B500-84F0262A717E): 2
LogDevObjectVersion:   Dev-Editor (E4B068ED-F494-42E9-A231-DA0B2E46BB41): 23
LogDevObjectVersion:   Dev-Framework (CFFC743F-43B0-4480-9391-14DF171D2073): 33
LogDevObjectVersion:   Dev-Mobile (B02B49B5-BB20-44E9-A304-32B752E40360): 2
LogDevObjectVersion:   Dev-Networking (A4E4105C-59A1-49B5-A7C5-40C4547EDFEE): 0
LogDevObjectVersion:   Dev-Online (39C831C9-5AE6-47DC-9A44-9C173E1C8E7C): 0
LogDevObjectVersion:   Dev-Physics (78F01B33-EBEA-4F98-B9B4-84EACCB95AA2): 0
LogDevObjectVersion:   Dev-Platform (6631380F-2D4D-43E0-8009-CF276956A95A): 0
LogDevObjectVersion:   Dev-Rendering (12F88B9F-8875-4AFC-A67C-D90C383ABD29): 25
LogDevObjectVersion:   Dev-Sequencer (7B5AE74C-D270-4C10-A958-57980B212A5A): 6
LogDevObjectVersion:   Dev-VR (D7296918-1DD6-4BDD-9DE2-64A83CC13884): 1
LogDevObjectVersion:   Dev-LoadTimes (C2A15278-BFE7-4AFE-6C17-90FF531DF755): 1
LogDevObjectVersion:   Private-Geometry (6EACA3D4-40EC-4CC1-B786-8BED09428FC5): 2
LogDevObjectVersion:   Dev-AnimPhys (29E575DD-E0A3-4627-9D10-D276232CDCEA): 16
LogDevObjectVersion:   Dev-ReflectionCapture (6B266CEC-1EC7-4B8F-A30B-E4D90942FC07): 1
LogDevObjectVersion:   Dev-Automation (0DF73D61-A23F-47EA-B727-89E90C41499A): 1
LogInit: Compiled (64-bit): Apr 27 2018 02:06:57
LogInit: Compiled with Visual C++: 19.00.24215.01
LogInit: Build Configuration: Development
LogInit: Branch Name: ++UE4+Release-4.19
LogInit: Command Line: 
LogInit: Base Directory: C:/Users/Max/Documents/UE_4.19/Engine/Binaries/Win64/
LogInit: Installed Engine Build: 1
LogStreaming: Display: Took  0.016s to delete old logs.
LogInit: Presizing for max 8388607 objects, including 0 objects not considered by GC, pre-allocating 0 bytes for permanent pool.
LogInit: Object subsystem initialized
[2018.09.26-21.37.56:486][  0]LogInit: Selected Device Profile: [Windows]
[2018.09.26-21.37.56:486][  0]LogInit: Applying CVar settings loaded from the selected device profile: [Windows]
[2018.09.26-21.37.56:500][  0]LogInit: Computer: LAPTOP-QPTR8KIA
[2018.09.26-21.37.56:500][  0]LogInit: User: MaxMosawi
[2018.09.26-21.37.56:500][  0]LogInit: CPU Page size=4096, Cores=4
[2018.09.26-21.37.56:500][  0]LogInit: High frequency timer resolution =2.250005 MHz
[2018.09.26-21.37.56:500][  0]LogMemory: Memory total: Physical=7.7GB (8GB approx)
[2018.09.26-21.37.56:500][  0]LogMemory: Platform Memory Stats for Windows
[2018.09.26-21.37.56:500][  0]LogMemory: Process Physical Memory: 274.52 MB used, 274.52 MB peak
[2018.09.26-21.37.56:500][  0]LogMemory: Process Virtual Memory: 264.75 MB used, 264.75 MB peak
[2018.09.26-21.37.56:500][  0]LogMemory: Physical Memory: 4806.05 MB used,  3123.77 MB free, 7929.82 MB total
[2018.09.26-21.37.56:500][  0]LogMemory: Virtual Memory: 4795.34 MB used,  3123.77 MB free, 134217728.00 MB total
[2018.09.26-21.37.56:535][  0]LogInit: Using OS detected language (en-US).
[2018.09.26-21.37.56:535][  0]LogInit: Using OS detected locale (en-US).
[2018.09.26-21.37.56:540][  0]LogTextLocalizationManager: No specific localization for 'en-US' exists, so the 'en' localization will be used.
[2018.09.26-21.37.56:897][  0]LogStreaming: Display: Took  0.363s to EndInitTextLocalization.
[2018.09.26-21.37.56:898][  0]LogInit: Setting process to per monitor DPI aware
[2018.09.26-21.37.56:939][  0]LogSlate: New Slate User Created.  User Index 0, Is Virtual User: 0
[2018.09.26-21.37.56:939][  0]LogSlate: Slate User Registered.  User Index 0, Is Virtual User: 0
[2018.09.26-21.37.57:293][  0]LogD3D11RHI: D3D11 adapters:
[2018.09.26-21.37.57:352][  0]LogD3D11RHI:    0. 'NVIDIA GeForce GTX 1050' (Feature Level 11_0)
[2018.09.26-21.37.57:352][  0]LogD3D11RHI:       4031/0/3964 MB DedicatedVideo/DedicatedSystem/SharedSystem, Outputs:1, VendorId:0x10de
[2018.09.26-21.37.57:400][  0]LogD3D11RHI:    1. 'Intel(R) UHD Graphics 630' (Feature Level 11_0)
[2018.09.26-21.37.57:401][  0]LogD3D11RHI:       128/0/3964 MB DedicatedVideo/DedicatedSystem/SharedSystem, Outputs:0, VendorId:0x8086
[2018.09.26-21.37.57:403][  0]LogD3D11RHI:    2. 'Microsoft Basic Render Driver' (Feature Level 11_0)
[2018.09.26-21.37.57:403][  0]LogD3D11RHI:       0/0/3964 MB DedicatedVideo/DedicatedSystem/SharedSystem, Outputs:0, VendorId:0x1414
[2018.09.26-21.37.57:403][  0]LogD3D11RHI: Chosen D3D11 Adapter: 0
[2018.09.26-21.37.57:425][  0]LogD3D11RHI: Creating new Direct3DDevice
[2018.09.26-21.37.57:425][  0]LogD3D11RHI:     GPU DeviceId: 0x1c8d (for the marketing name, search the web for "GPU Device Id")
[2018.09.26-21.37.57:425][  0]LogWindows: EnumDisplayDevices:
[2018.09.26-21.37.57:425][  0]LogWindows:    0. 'Intel(R) UHD Graphics 630' (P:1 D:1)
[2018.09.26-21.37.57:426][  0]LogWindows:    1. 'Intel(R) UHD Graphics 630' (P:0 D:0)
[2018.09.26-21.37.57:427][  0]LogWindows:    2. 'Intel(R) UHD Graphics 630' (P:0 D:0)
[2018.09.26-21.37.57:428][  0]LogWindows: DebugString: GetVideoDriverDetailsInvalid PrimaryIsNotTheChoosenAdapter GetVideoDriverDetailsInvalid PrimaryIsNotTheChoosenAdapter GetVideoDriverDetailsInvalid PrimaryIsNotTheChoosenAdapter FoundDriverCount:0 
[2018.09.26-21.37.57:428][  0]LogD3D11RHI:     Adapter Name: NVIDIA GeForce GTX 1050
[2018.09.26-21.37.57:428][  0]LogD3D11RHI:   Driver Version: Unknown (internal:Unknown, unified:Unknown)
[2018.09.26-21.37.57:428][  0]LogD3D11RHI:      Driver Date: Unknown
[2018.09.26-21.37.57:428][  0]LogRHI: Texture pool is 2821 MB (70% of 4031 MB)
[2018.09.26-21.37.57:459][  0]LogD3D11RHI: [Aftermath] Aftermath enabled and primed
[2018.09.26-21.37.57:459][  0]LogD3D11RHI: [Aftermath] Aftermath enabled and primed
[2018.09.26-21.37.57:459][  0]LogD3D11RHI: Async texture creation enabled
[2018.09.26-21.37.57:470][  0]LogD3D11RHI: GPU Timing Frequency: 1000.000000 (Debug: 2 1)
[2018.09.26-21.37.57:472][  0]LogShaderCompilers: Guid format shader working directory is 2 characters bigger than the processId version (../../../../GitHub/New3/WrittenInStone123/Intermediate/Shaders/WorkingDirectory/30288/).
[2018.09.26-21.37.57:472][  0]LogShaderCompilers: Cleaned the shader compiler working directory 'C:/Users/Max/AppData/Local/Temp/UnrealShaderWorkingDir/5F456EB0418E8FD98A27249927A7B04E/'.
[2018.09.26-21.37.57:704][  0]LogTemp: Display: Loaded TP AllDesktopTargetPlatform
[2018.09.26-21.37.57:717][  0]LogTemp: Display: Loaded TP MacClientTargetPlatform
[2018.09.26-21.37.57:730][  0]LogTemp: Display: Loaded TP MacNoEditorTargetPlatform
[2018.09.26-21.37.57:743][  0]LogTemp: Display: Loaded TP MacServerTargetPlatform
[2018.09.26-21.37.57:757][  0]LogTemp: Display: Loaded TP MacTargetPlatform
[2018.09.26-21.37.57:770][  0]LogTemp: Display: Loaded TP WindowsClientTargetPlatform
[2018.09.26-21.37.57:784][  0]LogTemp: Display: Loaded TP WindowsNoEditorTargetPlatform
[2018.09.26-21.37.57:798][  0]LogTemp: Display: Loaded TP WindowsServerTargetPlatform
[2018.09.26-21.37.57:805][  0]LogTemp: Display: Loaded TP WindowsTargetPlatform
[2018.09.26-21.37.57:817][  0]LogTemp: Display: Loaded TP Android_ASTCTargetPlatform
[2018.09.26-21.37.57:830][  0]LogTemp: Display: Loaded TP Android_ATCTargetPlatform
[2018.09.26-21.37.57:842][  0]LogTemp: Display: Loaded TP Android_DXTTargetPlatform
[2018.09.26-21.37.57:855][  0]LogTemp: Display: Loaded TP Android_ETC1aTargetPlatform
[2018.09.26-21.37.57:868][  0]LogTemp: Display: Loaded TP Android_ETC1TargetPlatform
[2018.09.26-21.37.57:881][  0]LogTemp: Display: Loaded TP Android_ETC2TargetPlatform
[2018.09.26-21.37.57:906][  0]LogTemp: Display: Loaded TP Android_MultiTargetPlatform
[2018.09.26-21.37.57:906][  0]LogTemp: Display: Loaded TP Android_PVRTCTargetPlatform
[2018.09.26-21.37.57:920][  0]LogTemp: Display: Loaded TP AndroidTargetPlatform
[2018.09.26-21.37.57:923][  0]LogTemp: Display: Loaded TP HTML5TargetPlatform
[2018.09.26-21.37.57:961][  0]LogTemp: Display: Loaded TP IOSTargetPlatform
[2018.09.26-21.37.57:973][  0]LogTemp: Display: Loaded TP TVOSTargetPlatform
[2018.09.26-21.37.57:985][  0]LogTemp: Display: Loaded TP LinuxClientTargetPlatform
[2018.09.26-21.37.57:997][  0]LogTemp: Display: Loaded TP LinuxNoEditorTargetPlatform
[2018.09.26-21.37.58:009][  0]LogTemp: Display: Loaded TP LinuxServerTargetPlatform
[2018.09.26-21.37.58:023][  0]LogTemp: Display: Loaded TP LinuxTargetPlatform
[2018.09.26-21.37.58:023][  0]LogTargetPlatformManager: Display: Building Assets For Windows
[2018.09.26-21.37.58:197][  0]LogXGEController: Cannot use XGE Controller as Incredibuild is not installed on this machine.
[2018.09.26-21.37.58:197][  0]LogShaderCompilers: Cannot use XGE Shader Compiler as Incredibuild is not installed on this machine.
[2018.09.26-21.37.58:197][  0]LogShaderCompilers: Display: Using Local Shader Compiler.
[2018.09.26-21.37.59:022][  0]LogDerivedDataCache: Display: Max Cache Size: 512 MB
[2018.09.26-21.37.59:078][  0]LogDerivedDataCache: Loaded boot cache 0.06s 74MB C:/Users/Max/AppData/Local/UnrealEngine/4.19/DerivedDataCache/Boot.ddc.
[2018.09.26-21.37.59:078][  0]LogDerivedDataCache: Display: Loaded Boot cache: C:/Users/Max/AppData/Local/UnrealEngine/4.19/DerivedDataCache/Boot.ddc
[2018.09.26-21.37.59:079][  0]LogDerivedDataCache: FDerivedDataBackendGraph:  Pak pak cache file ../../../../GitHub/New3/WrittenInStone123/DerivedDataCache/DDC.ddp not found, will not use a pak cache.
[2018.09.26-21.37.59:079][  0]LogDerivedDataCache: Unable to find inner node Pak for hierarchical cache Hierarchy.
[2018.09.26-21.37.59:079][  0]LogDerivedDataCache: FDerivedDataBackendGraph:  CompressedPak pak cache file ../../../../GitHub/New3/WrittenInStone123/DerivedDataCache/Compressed.ddp not found, will not use a pak cache.
[2018.09.26-21.37.59:079][  0]LogDerivedDataCache: Unable to find inner node CompressedPak for hierarchical cache Hierarchy.
[2018.09.26-21.37.59:092][  0]LogDerivedDataCache: Display: Pak cache opened for reading ../../../Engine/DerivedDataCache/Compressed.ddp.
[2018.09.26-21.37.59:105][  0]LogDerivedDataCache: Using Local data cache path C:/Users/Max/AppData/Local/UnrealEngine/Common/DerivedDataCache: Writable
[2018.09.26-21.37.59:105][  0]LogDerivedDataCache: Shared data cache path not found in *engine.ini, will not use an Shared cache.
[2018.09.26-21.37.59:105][  0]LogDerivedDataCache: Unable to find inner node Shared for hierarchical cache Hierarchy.
[2018.09.26-21.37.59:123][  0]LogMaterial: Verifying Global Shaders for PCD3D_SM5
[2018.09.26-21.37.59:123][  0]LogSlate: Using Freetype 2.6.0
[2018.09.26-21.37.59:125][  0]LogSlate: SlateFontCache - WITH_FREETYPE: 1, WITH_HARFBUZZ: 1
[2018.09.26-21.37.59:125][  0]LogSlate: SlateFontCache - WITH_FREETYPE: 1, WITH_HARFBUZZ: 1
[2018.09.26-21.37.59:316][  0]LogAssetRegistry: FAssetRegistry took 0.0261 seconds to start up
[2018.09.26-21.37.59:661][  0]LogInit: Selected Device Profile: [Windows]
[2018.09.26-21.37.59:833][  0]LogSimplygon: Simplygon DLL not present - disabling.
[2018.09.26-21.37.59:837][  0]LogMeshReduction: Using SimplygonSwarm for distributed automatic mesh merging
[2018.09.26-21.37.59:837][  0]LogMeshReduction: Using QuadricMeshReduction for automatic static mesh reduction
[2018.09.26-21.37.59:837][  0]LogMeshReduction: No automatic skeletal mesh reduction module available
[2018.09.26-21.37.59:837][  0]LogMeshReduction: No automatic mesh merging module available
[2018.09.26-21.37.59:837][  0]LogMeshMerging: No automatic mesh merging module available
[2018.09.26-21.37.59:884][  0]LogNetVersion: WrittenInStone , NetCL: 3944462, EngineNetVer: 2, GameNetVer: 0 (Checksum: 3522758015)
[2018.09.26-21.38.00:419][  0]LogPackageLocalizationCache: Processed 9 localized package path(s) for 2 prioritized culture(s) in 0.100539 seconds
[2018.09.26-21.38.00:425][  0]LogUObjectArray: 36728 objects as part of root set at end of initial load.
[2018.09.26-21.38.00:425][  0]LogUObjectAllocator: 7314304 out of 0 bytes used by permanent object pool.
[2018.09.26-21.38.00:425][  0]LogUObjectArray: CloseDisregardForGC: 0/0 objects in disregard for GC pool
[2018.09.26-21.38.02:361][  0]LogTcpMessaging: Initializing TcpMessaging bridge
[2018.09.26-21.38.02:407][  0]LogUdpMessaging: Initializing bridge on interface 0.0.0.0:0 to multicast group 230.0.0.1:6666.
[2018.09.26-21.38.03:004][  0]SourceControl: Source control is disabled
[2018.09.26-21.38.04:362][  0]LogAndroidPermission: UAndroidPermissionCallbackProxy::GetInstance
[2018.09.26-21.38.04:622][  0]LogOcInput: OculusInput pre-init called
[2018.09.26-21.38.04:775][  0]LogEngine: Initializing Engine...
[2018.09.26-21.38.04:777][  0]LogHMD: Failed to initialize OpenVR with code 110
[2018.09.26-21.38.04:778][  0]LogStats: UGameplayTagsManager::ConstructGameplayTagTree: Construct from data asset -  0.000 s
[2018.09.26-21.38.04:778][  0]LogStats: UGameplayTagsManager::ConstructGameplayTagTree: GameplayTagTreeChangedEvent.Broadcast -  0.000 s
[2018.09.26-21.38.05:002][  0]LogAIModule: Creating AISystem for world Untitled
[2018.09.26-21.38.05:034][  0]LogInit: XAudio2 using 'Speakers/Headphones (Realtek Audio)' : 2 channels at 48 kHz using 32 bits per sample (channel mask 0x3)
[2018.09.26-21.38.05:426][  0]LogInit: FAudioDevice initialized.
[2018.09.26-21.38.05:518][  0]LogDerivedDataCache: Saved boot cache 0.09s 74MB C:/Users/Max/AppData/Local/UnrealEngine/4.19/DerivedDataCache/Boot.ddc.
[2018.09.26-21.38.05:528][  0]LogInit: Texture streaming: Enabled
[2018.09.26-21.38.05:546][  0]LogEngineSessionManager: EngineSessionManager initialized
[2018.09.26-21.38.05:566][  0]LogInit: Transaction tracking system initialized
[2018.09.26-21.38.05:593][  0]BlueprintLog: New page: Editor Load
[2018.09.26-21.38.05:683][  0]LocalizationService: Localization service is disabled
[2018.09.26-21.38.05:815][  0]LogConsoleResponse: Display: 
[2018.09.26-21.38.06:000][  0]LogCook: Display: Max memory allowance for cook 16384mb min free memory 0mb
[2018.09.26-21.38.06:000][  0]LogCook: Display: Mobile HDR setting 1
[2018.09.26-21.38.06:000][  0]LogGameplayTags: Display: UGameplayTagsManager::DoneAddingNativeTags. DelegateIsBound: 0
[2018.09.26-21.38.06:000][  0]LogStats: UGameplayTagsManager::ConstructGameplayTagTree: Construct from data asset -  0.000 s
[2018.09.26-21.38.06:000][  0]LogStats: UGameplayTagsManager::ConstructGameplayTagTree: GameplayTagTreeChangedEvent.Broadcast -  0.000 s
[2018.09.26-21.38.06:653][  0]LogFileCache: Scanning file cache for directory 'C:/Users/Max/Documents/GitHub/New3/WrittenInStone123/Content/' took 0.06s
[2018.09.26-21.38.06:653][  0]Cmd: MAP LOAD FILE="../../../../GitHub/New3/WrittenInStone123/Content/ThirdPersonBP/Maps/ThirdPersonExampleMap.umap" TEMPLATE=0 SHOWPROGRESS=1 FEATURELEVEL=3
[2018.09.26-21.38.06:659][  0]LightingResults: New page: Lighting Build
[2018.09.26-21.38.06:662][  0]MapCheck: New page: Map Check
[2018.09.26-21.38.06:662][  0]LightingResults: New page: Lighting Build
[2018.09.26-21.38.06:784][  0]LogUObjectGlobals: Created PersistentFrame Addr=0x000001afe418f3d0, Size=40, Default__Bike_ABP_C Function /Game/Mounts/GoguliBike/Bike_ABP.Bike_ABP_C:ExecuteUbergraph_Bike_ABP
[2018.09.26-21.38.06:791][  0]LogUObjectGlobals: Destroyed PersistentFrame Addr=0x000001afe418f3d0, Size=40
[2018.09.26-21.38.06:791][  0]LogUObjectGlobals: Created PersistentFrame Addr=0x000001afe418f3d0, Size=40, Default__Bike_ABP_C Function /Engine/Transient.REINST_Bike_ABP_C_0:ExecuteUbergraph_Bike_ABP
[2018.09.26-21.38.06:795][  0]LogUObjectGlobals: Created PersistentFrame Addr=0x000001afe418efc0, Size=40, Default__Bike_ABP_C Function /Game/Mounts/GoguliBike/Bike_ABP.Bike_ABP_C:ExecuteUbergraph_Bike_ABP
[2018.09.26-21.38.06:912][  0]LogUObjectGlobals: Created PersistentFrame Addr=0x000001afccdaab00, Size=2112, Default__FemaleCharacter_C Function /Game/ThirdPersonBP/Blueprints/FemaleCharacter.FemaleCharacter_C:ExecuteUbergraph_FemaleCharacter
[2018.09.26-21.38.06:981][  0]LogUObjectGlobals: Created PersistentFrame Addr=0x000001afe419eb00, Size=112, Default__ThirdPerson_AnimBP_C Function /Game/Mannequin/Animations/ThirdPerson_AnimBP.ThirdPerson_AnimBP_C:ExecuteUbergraph_ThirdPerson_AnimBP
[2018.09.26-21.38.07:093][  0]LogUObjectGlobals: Created PersistentFrame Addr=0x000001afcd2feaa0, Size=88, Default__GenericABP_C Function /Game/characters/GenFemale/animations/GenericABP.GenericABP_C:ExecuteUbergraph_GenericABP
[2018.09.26-21.38.07:222][  0]LogUObjectGlobals: Created PersistentFrame Addr=0x000001afccda44a0, Size=136, Default__GenericMaleABP_C Function /Game/characters/GenMale/Animations/GenericMaleABP.GenericMaleABP_C:ExecuteUbergraph_GenericMaleABP
[2018.09.26-21.38.07:397][  0]LogUObjectGlobals: Created PersistentFrame Addr=0x000001afe6bb5bc0, Size=64, Default__AirShip_C Function /Game/ThirdPerson/AI/AirShip.AirShip_C:ExecuteUbergraph_AirShip
[2018.09.26-21.38.07:481][  0]LogUObjectGlobals: Created PersistentFrame Addr=0x000001afce678180, Size=536, Default__Bike_C Function /Game/ThirdPersonBP/Blueprints/Bike.Bike_C:ExecuteUbergraph_Bike
[2018.09.26-21.38.07:634][  0]LogUObjectGlobals: Created PersistentFrame Addr=0x000001afc7978ef8, Size=4, Default__Sedan_AnimBP_C Function /Game/Vehicle/Sedan/Sedan_AnimBP.Sedan_AnimBP_C:ExecuteUbergraph_Sedan_AnimBP
[2018.09.26-21.38.07:646][  0]LogUObjectGlobals: Created PersistentFrame Addr=0x000001afe6f64a00, Size=720, Default__Sedan_C Function /Game/VehicleBP/Sedan/Sedan.Sedan_C:ExecuteUbergraph_Sedan
[2018.09.26-21.38.07:650][  0]LogUObjectGlobals: Created PersistentFrame Addr=0x000001afcc3bde40, Size=160, Default__VehicleHUD_C Function /Game/VehicleBP/Blueprints/VehicleHUD.VehicleHUD_C:ExecuteUbergraph_VehicleHUD
[2018.09.26-21.38.07:752][  0]LogUObjectGlobals: Created PersistentFrame Addr=0x000001afce6aa1d8, Size=40, Default__Compass_C Function /Game/HUDS/CompassUI/Compass.Compass_C:ExecuteUbergraph_Compass
[2018.09.26-21.38.07:769][  0]LogUObjectGlobals: Created PersistentFrame Addr=0x000001afc76f6a00, Size=128, Default__Inventory_Main_C Function /Game/HUDS/Inventory2/Inventory_Main.Inventory_Main_C:ExecuteUbergraph_Inventory_Main
[2018.09.26-21.38.07:788][  0]LogUObjectGlobals: Created PersistentFrame Addr=0x000001afce1ddd80, Size=384, Default__PreferencesHUD_C Function /Game/HUDS/PreferencesHUD.PreferencesHUD_C:ExecuteUbergraph_PreferencesHUD
[2018.09.26-21.38.07:821][  0]LogUObjectGlobals: Created PersistentFrame Addr=0x000001afce6a9c38, Size=40, Default__STATSMenu_C Function /Game/HUDS/STATSMenu.STATSMenu_C:ExecuteUbergraph_STATSMenu
[2018.09.26-21.38.08:114][  0]LogUObjectGlobals: Created PersistentFrame Addr=0x000001afe77e9c00, Size=176, Default__EnemyAI_C Function /Game/ThirdPersonBP/Blueprints/EnemyAI/EnemyAI.EnemyAI_C:ExecuteUbergraph_EnemyAI
[2018.09.26-21.38.08:172][  0]LogUObjectGlobals: Created PersistentFrame Addr=0x000001afe7fde860, Size=208, Default__PGreatsword1_C Function /Game/ItemPickups/WeaponPickups/PGreatsword1.PGreatsword1_C:ExecuteUbergraph_PGreatsword1
[2018.09.26-21.38.08:239][  0]LogUObjectGlobals: Destroyed PersistentFrame Addr=0x000001afcd2feaa0, Size=88
[2018.09.26-21.38.08:239][  0]LogUObjectGlobals: Created PersistentFrame Addr=0x000001afe7e01ea0, Size=88, Default__GenericABP_C Function /Engine/Transient.REINST_GenericABP_C_1:ExecuteUbergraph_GenericABP
[2018.09.26-21.38.08:241][  0]LogUObjectGlobals: Destroyed PersistentFrame Addr=0x000001afccda44a0, Size=136
[2018.09.26-21.38.08:241][  0]LogUObjectGlobals: Created PersistentFrame Addr=0x000001afeab98d60, Size=136, Default__GenericMaleABP_C Function /Engine/Transient.REINST_GenericMaleABP_C_2:ExecuteUbergraph_GenericMaleABP
[2018.09.26-21.38.08:241][  0]LogUObjectGlobals: Destroyed PersistentFrame Addr=0x000001afe7fde860, Size=208
[2018.09.26-21.38.08:241][  0]LogUObjectGlobals: Created PersistentFrame Addr=0x000001afeab96da0, Size=208, Default__PGreatsword1_C Function /Engine/Transient.REINST_PGreatsword1_C_5:ExecuteUbergraph_PGreatsword1
[2018.09.26-21.38.08:242][  0]LogUObjectGlobals: Destroyed PersistentFrame Addr=0x000001afe419eb00, Size=112
[2018.09.26-21.38.08:242][  0]LogUObjectGlobals: Created PersistentFrame Addr=0x000001afeabd3820, Size=112, Default__ThirdPerson_AnimBP_C Function /Engine/Transient.REINST_ThirdPerson_AnimBP_C_3:ExecuteUbergraph_ThirdPerson_AnimBP
[2018.09.26-21.38.08:242][  0]LogUObjectGlobals: Destroyed PersistentFrame Addr=0x000001afc7978ef8, Size=4
[2018.09.26-21.38.08:242][  0]LogUObjectGlobals: Created PersistentFrame Addr=0x000001afe7e79430, Size=4, Default__Sedan_AnimBP_C Function /Engine/Transient.REINST_Sedan_AnimBP_C_4:ExecuteUbergraph_Sedan_AnimBP
[2018.09.26-21.38.08:242][  0]LogUObjectGlobals: Destroyed PersistentFrame Addr=0x000001afcc3bde40, Size=160
[2018.09.26-21.38.08:242][  0]LogUObjectGlobals: Created PersistentFrame Addr=0x000001afeab6fb00, Size=160, Default__VehicleHUD_C Function /Engine/Transient.REINST_VehicleHUD_C_7:ExecuteUbergraph_VehicleHUD
[2018.09.26-21.38.08:242][  0]LogUObjectGlobals: Destroyed PersistentFrame Addr=0x000001afe6bb5bc0, Size=64
[2018.09.26-21.38.08:242][  0]LogUObjectGlobals: Created PersistentFrame Addr=0x000001afeab83640, Size=64, Default__AirShip_C Function /Engine/Transient.REINST_AirShip_C_8:ExecuteUbergraph_AirShip
[2018.09.26-21.38.08:243][  0]LogUObjectGlobals: Destroyed PersistentFrame Addr=0x000001afce678180, Size=536
[2018.09.26-21.38.08:243][  0]LogUObjectGlobals: Created PersistentFrame Addr=0x000001afe7e70e00, Size=536, Default__Bike_C Function /Engine/Transient.REINST_Bike_C_9:ExecuteUbergraph_Bike
[2018.09.26-21.38.08:243][  0]LogUObjectGlobals: Destroyed PersistentFrame Addr=0x000001afce6aa1d8, Size=40
[2018.09.26-21.38.08:243][  0]LogUObjectGlobals: Created PersistentFrame Addr=0x000001afe7d6fd30, Size=40, Default__Compass_C Function /Engine/Transient.REINST_Compass_C_0:ExecuteUbergraph_Compass
[2018.09.26-21.38.08:243][  0]LogUObjectGlobals: Destroyed PersistentFrame Addr=0x000001afe77e9c00, Size=176
[2018.09.26-21.38.08:243][  0]LogUObjectGlobals: Created PersistentFrame Addr=0x000001afeabb7700, Size=176, Default__EnemyAI_C Function /Engine/Transient.REINST_EnemyAI_C_10:ExecuteUbergraph_EnemyAI
[2018.09.26-21.38.08:246][  0]LogUObjectGlobals: Destroyed PersistentFrame Addr=0x000001afccdaab00, Size=2112
[2018.09.26-21.38.08:246][  0]LogUObjectGlobals: Created PersistentFrame Addr=0x000001afeab4b580, Size=2112, Default__FemaleCharacter_C Function /Engine/Transient.REINST_FemaleCharacter_C_11:ExecuteUbergraph_FemaleCharacter
[2018.09.26-21.38.08:246][  0]LogUObjectGlobals: Destroyed PersistentFrame Addr=0x000001afc76f6a00, Size=128
[2018.09.26-21.38.08:246][  0]LogUObjectGlobals: Created PersistentFrame Addr=0x000001afeab92d00, Size=128, Default__Inventory_Main_C Function /Engine/Transient.REINST_Inventory_Main_C_2:ExecuteUbergraph_Inventory_Main
[2018.09.26-21.38.08:247][  0]LogUObjectGlobals: Destroyed PersistentFrame Addr=0x000001afce1ddd80, Size=384
[2018.09.26-21.38.08:247][  0]LogUObjectGlobals: Created PersistentFrame Addr=0x000001afeab3e080, Size=384, Default__PreferencesHUD_C Function /Engine/Transient.REINST_PreferencesHUD_C_4:ExecuteUbergraph_PreferencesHUD
[2018.09.26-21.38.08:248][  0]LogUObjectGlobals: Destroyed PersistentFrame Addr=0x000001afe6f64a00, Size=720
[2018.09.26-21.38.08:248][  0]LogUObjectGlobals: Created PersistentFrame Addr=0x000001afeab69000, Size=720, Default__Sedan_C Function /Engine/Transient.REINST_Sedan_C_12:ExecuteUbergraph_Sedan
[2018.09.26-21.38.08:248][  0]LogUObjectGlobals: Destroyed PersistentFrame Addr=0x000001afce6a9c38, Size=40
[2018.09.26-21.38.08:248][  0]LogUObjectGlobals: Created PersistentFrame Addr=0x000001afe7d6fc40, Size=40, Default__STATSMenu_C Function /Engine/Transient.REINST_STATSMenu_C_5:ExecuteUbergraph_STATSMenu
[2018.09.26-21.38.08:338][  0]LogUObjectGlobals: Created PersistentFrame Addr=0x000001afe84e3fa0, Size=88, Default__GenericABP_C Function /Game/characters/GenFemale/animations/GenericABP.GenericABP_C:ExecuteUbergraph_GenericABP
[2018.09.26-21.38.08:340][  0]LogUObjectGlobals: Created PersistentFrame Addr=0x000001afe8514680, Size=136, Default__GenericMaleABP_C Function /Game/characters/GenMale/Animations/GenericMaleABP.GenericMaleABP_C:ExecuteUbergraph_GenericMaleABP
[2018.09.26-21.38.08:341][  0]LogUObjectGlobals: Created PersistentFrame Addr=0x000001afe8554c60, Size=208, Default__PGreatsword1_C Function /Game/ItemPickups/WeaponPickups/PGreatsword1.PGreatsword1_C:ExecuteUbergraph_PGreatsword1
[2018.09.26-21.38.08:342][  0]LogUObjectGlobals: Created PersistentFrame Addr=0x000001afe83a5c20, Size=112, Default__ThirdPerson_AnimBP_C Function /Game/Mannequin/Animations/ThirdPerson_AnimBP.ThirdPerson_AnimBP_C:ExecuteUbergraph_ThirdPerson_AnimBP
[2018.09.26-21.38.08:343][  0]LogUObjectGlobals: Created PersistentFrame Addr=0x000001afea96cd88, Size=4, Default__Sedan_AnimBP_C Function /Game/Vehicle/Sedan/Sedan_AnimBP.Sedan_AnimBP_C:ExecuteUbergraph_Sedan_AnimBP
[2018.09.26-21.38.08:344][  0]LogUObjectGlobals: Created PersistentFrame Addr=0x000001afe8393ec0, Size=160, Default__VehicleHUD_C Function /Game/VehicleBP/Blueprints/VehicleHUD.VehicleHUD_C:ExecuteUbergraph_VehicleHUD
[2018.09.26-21.38.08:344][  0]LogUObjectGlobals: Created PersistentFrame Addr=0x000001afe84e8540, Size=64, Default__AirShip_C Function /Game/ThirdPerson/AI/AirShip.AirShip_C:ExecuteUbergraph_AirShip
[2018.09.26-21.38.08:346][  0]LogUObjectGlobals: Created PersistentFrame Addr=0x000001afe8505300, Size=536, Default__Bike_C Function /Game/ThirdPersonBP/Blueprints/Bike.Bike_C:ExecuteUbergraph_Bike
[2018.09.26-21.38.08:347][  0]LogUObjectGlobals: Created PersistentFrame Addr=0x000001afe8567718, Size=40, Default__Compass_C Function /Game/HUDS/CompassUI/Compass.Compass_C:ExecuteUbergraph_Compass
[2018.09.26-21.38.08:348][  0]LogUObjectGlobals: Created PersistentFrame Addr=0x000001afe83613c0, Size=176, Default__EnemyAI_C Function /Game/ThirdPersonBP/Blueprints/EnemyAI/EnemyAI.EnemyAI_C:ExecuteUbergraph_EnemyAI
[2018.09.26-21.38.08:358][  0]LogUObjectGlobals: Created PersistentFrame Addr=0x000001afe82a8100, Size=2112, Default__FemaleCharacter_C Function /Game/ThirdPersonBP/Blueprints/FemaleCharacter.FemaleCharacter_C:ExecuteUbergraph_FemaleCharacter
[2018.09.26-21.38.08:363][  0]LogUObjectGlobals: Created PersistentFrame Addr=0x000001afe82cd180, Size=128, Default__Inventory_Main_C Function /Game/HUDS/Inventory2/Inventory_Main.Inventory_Main_C:ExecuteUbergraph_Inventory_Main
[2018.09.26-21.38.08:367][  0]LogUObjectGlobals: Created PersistentFrame Addr=0x000001afe8221000, Size=384, Default__PreferencesHUD_C Function /Game/HUDS/PreferencesHUD.PreferencesHUD_C:ExecuteUbergraph_PreferencesHUD
[2018.09.26-21.38.08:370][  0]LogUObjectGlobals: Created PersistentFrame Addr=0x000001afe813fa00, Size=720, Default__Sedan_C Function /Game/VehicleBP/Sedan/Sedan.Sedan_C:ExecuteUbergraph_Sedan
[2018.09.26-21.38.08:373][  0]LogUObjectGlobals: Created PersistentFrame Addr=0x000001afe8566b88, Size=40, Default__STATSMenu_C Function /Game/HUDS/STATSMenu.STATSMenu_C:ExecuteUbergraph_STATSMenu
[2018.09.26-21.38.08:473][  0]LogUObjectGlobals: Created PersistentFrame Addr=0x000001afe8149e10, Size=48, Default__HorseABP_C Function /Game/Mounts/Horse/HorseABP.HorseABP_C:ExecuteUbergraph_HorseABP
[2018.09.26-21.38.08:475][  0]LogUObjectGlobals: Destroyed PersistentFrame Addr=0x000001afe8149e10, Size=48
[2018.09.26-21.38.08:476][  0]LogUObjectGlobals: Created PersistentFrame Addr=0x000001afe8149e10, Size=48, Default__HorseABP_C Function /Engine/Transient.REINST_HorseABP_C_5:ExecuteUbergraph_HorseABP
[2018.09.26-21.38.08:478][  0]LogUObjectGlobals: Created PersistentFrame Addr=0x000001afe814a6b0, Size=48, Default__HorseABP_C Function /Game/Mounts/Horse/HorseABP.HorseABP_C:ExecuteUbergraph_HorseABP
[2018.09.26-21.38.08:555][  0]LogUObjectGlobals: Created PersistentFrame Addr=0x000001afe7ed8b80, Size=264, Default__Horse_C Function /Game/ThirdPersonBP/Blueprints/Horse.Horse_C:ExecuteUbergraph_Horse
[2018.09.26-21.38.08:555][  0]LogUObjectGlobals: Created PersistentFrame Addr=0x000001afe85bf880, Size=536, Default__Horse_C Function /Game/ThirdPersonBP/Blueprints/Bike.Bike_C:ExecuteUbergraph_Bike
[2018.09.26-21.38.08:560][  0]LogUObjectGlobals: Destroyed PersistentFrame Addr=0x000001afe7ed8b80, Size=264
[2018.09.26-21.38.08:561][  0]LogUObjectGlobals: Destroyed PersistentFrame Addr=0x000001afe85bf880, Size=536
[2018.09.26-21.38.08:561][  0]LogUObjectGlobals: Created PersistentFrame Addr=0x000001afe7ed8b80, Size=264, Default__Horse_C Function /Engine/Transient.REINST_Horse_C_33:ExecuteUbergraph_Horse
[2018.09.26-21.38.08:561][  0]LogUObjectGlobals: Created PersistentFrame Addr=0x000001afe8168e00, Size=536, Default__Horse_C Function /Game/ThirdPersonBP/Blueprints/Bike.Bike_C:ExecuteUbergraph_Bike
[2018.09.26-21.38.08:565][  0]LogUObjectGlobals: Created PersistentFrame Addr=0x000001afe814fd80, Size=264, Default__Horse_C Function /Game/ThirdPersonBP/Blueprints/Horse.Horse_C:ExecuteUbergraph_Horse
[2018.09.26-21.38.08:565][  0]LogUObjectGlobals: Created PersistentFrame Addr=0x000001afe8661f80, Size=536, Default__Horse_C Function /Game/ThirdPersonBP/Blueprints/Bike.Bike_C:ExecuteUbergraph_Bike
[2018.09.26-21.38.08:666][  0]LogUObjectGlobals: Created PersistentFrame Addr=0x000001afe8565378, Size=40, Default__ThirdPersonGameMode_C Function /Game/ThirdPersonBP/Blueprints/ThirdPersonGameMode.ThirdPersonGameMode_C:ExecuteUbergraph_ThirdPersonGameMode
[2018.09.26-21.38.08:666][  0]LogUObjectGlobals: Destroyed PersistentFrame Addr=0x000001afe8565378, Size=40
[2018.09.26-21.38.08:666][  0]LogUObjectGlobals: Created PersistentFrame Addr=0x000001afe8565378, Size=40, Default__ThirdPersonGameMode_C Function /Engine/Transient.REINST_ThirdPersonGameMode_C_41:ExecuteUbergraph_ThirdPersonGameMode
[2018.09.26-21.38.08:668][  0]LogUObjectGlobals: Created PersistentFrame Addr=0x000001afe8564c48, Size=40, Default__ThirdPersonGameMode_C Function /Game/ThirdPersonBP/Blueprints/ThirdPersonGameMode.ThirdPersonGameMode_C:ExecuteUbergraph_ThirdPersonGameMode
[2018.09.26-21.38.08:787][  0]LogUObjectGlobals: Created PersistentFrame Addr=0x000001afe7b519c0, Size=32, Default__Start_Menu_C Function /Game/HUDS/Start_Menu.Start_Menu_C:ExecuteUbergraph_Start_Menu
[2018.09.26-21.38.08:790][  0]LogUObjectGlobals: Destroyed PersistentFrame Addr=0x000001afe7b519c0, Size=32
[2018.09.26-21.38.08:790][  0]LogUObjectGlobals: Created PersistentFrame Addr=0x000001afe7b519c0, Size=32, Default__Start_Menu_C Function /Engine/Transient.REINST_Start_Menu_C_7:ExecuteUbergraph_Start_Menu
[2018.09.26-21.38.08:792][  0]LogUObjectGlobals: Created PersistentFrame Addr=0x000001afe7b509c0, Size=32, Default__Start_Menu_C Function /Game/HUDS/Start_Menu.Start_Menu_C:ExecuteUbergraph_Start_Menu
[2018.09.26-21.38.08:879][  0]LogUObjectGlobals: Created PersistentFrame Addr=0x000001afe83b4200, Size=128, Default__ThirdPersonExampleMap_C Function /Game/ThirdPersonBP/Maps/ThirdPersonExampleMap.ThirdPersonExampleMap_C:ExecuteUbergraph_ThirdPersonExampleMap
[2018.09.26-21.38.08:882][  0]LogUObjectGlobals: Destroyed PersistentFrame Addr=0x000001afe83b4200, Size=128
[2018.09.26-21.38.08:882][  0]LogUObjectGlobals: Created PersistentFrame Addr=0x000001afe83b4200, Size=128, Default__ThirdPersonExampleMap_C Function /Engine/Transient.REINST_ThirdPersonExampleMap_C_45:ExecuteUbergraph_ThirdPersonExampleMap
[2018.09.26-21.38.08:884][  0]LogUObjectGlobals: Created PersistentFrame Addr=0x000001afe83b6f80, Size=128, Default__ThirdPersonExampleMap_C Function /Game/ThirdPersonBP/Maps/ThirdPersonExampleMap.ThirdPersonExampleMap_C:ExecuteUbergraph_ThirdPersonExampleMap
[2018.09.26-21.38.09:197][  0]LogSkeletalMesh: Skeletal Mesh found in DDC [11.567085ms] /Game/Vehicle/Sedan/Sedan_SkelMesh.Sedan_SkelMesh
[2018.09.26-21.38.09:340][  0]LogSkeletalMesh: Skeletal Mesh found in DDC [3.622214ms] /Game/Weapons/InfinityBladeWeapons/Weapons/Blade/Swords/Blade_SwordA/SK_Blade_SwordA.SK_Blade_SwordA
[2018.09.26-21.38.09:476][  0]LogSkeletalMesh: Skeletal Mesh found in DDC [4.285324ms] /Game/Mounts/GoguliBike/JetBike.JetBike
[2018.09.26-21.38.09:677][  0]LogSkeletalMesh: Skeletal Mesh found in DDC [10.349310ms] /Game/characters/GenFemale/mainmesh/WiSMain.WiSMain
[2018.09.26-21.38.09:947][  0]LogSkeletalMesh: Skeletal Mesh found in DDC [9.747534ms] /Game/characters/GenMale/Mesh/WiSGenericMale.WiSGenericMale
[2018.09.26-21.38.10:056][  0]LogSkeletalMesh: Skeletal Mesh found in DDC [16.506186ms] /Game/Mannequin/Character/Mesh/SK_Mannequin.SK_Mannequin
[2018.09.26-21.38.10:175][  0]LogSkeletalMesh: Skeletal Mesh found in DDC [11.394641ms] /Game/Mounts/Horse/Horse_Animations_.Horse_Animations_
[2018.09.26-21.38.10:208][  0]LogSkeletalMesh: Skeletal Mesh found in DDC [4.282213ms] /Game/Mounts/Horse/TailSimPhy.TailSimPhy
[2018.09.26-21.38.10:315][  0]LogSkeletalMesh: Skeletal Mesh found in DDC [9.884422ms] /Game/characters/Orc/Male/Anims/Male_Action_Pose__2_.Male_Action_Pose__2_
[2018.09.26-21.38.10:352][  0]LogAIModule: Creating AISystem for world ThirdPersonExampleMap
[2018.09.26-21.38.10:367][  0]LogMaterial: Warning: Material /Game/StarterContent/Materials/M_Wood_Floor_Walnut_Polished.M_Wood_Floor_Walnut_Polished needed to have new flag set bUsedWithSkeletalMesh !
[2018.09.26-21.38.10:369][  0]LogMaterial: Missing cached shader map for material M_Wood_Floor_Walnut_Polished, compiling. 
[2018.09.26-21.38.10:416][  0]MapCheck: Warning: M_Wood_Floor_Walnut_Polished Material /Game/StarterContent/Materials/M_Wood_Floor_Walnut_Polished.M_Wood_Floor_Walnut_Polished was missing the usage flag bUsedWithSkeletalMesh. If the material asset is not re-saved, it may not render correctly when run outside the editor. Fix
[2018.09.26-21.38.10:417][  0]LogMaterial: Warning: Material /Game/StarterContent/Materials/M_Wood_Walnut.M_Wood_Walnut needed to have new flag set bUsedWithSkeletalMesh !
[2018.09.26-21.38.10:420][  0]LogShaderCompilers: Display: Shaders left to compile 69
[2018.09.26-21.38.10:420][  0]LogShaderCompilers: Display: Shaders left to compile 59
[2018.09.26-21.38.10:420][  0]LogShaderCompilers: Display: Shaders left to compile 49
[2018.09.26-21.38.10:420][  0]LogShaderCompilers: Display: Shaders left to compile 39
[2018.09.26-21.38.10:420][  0]LogShaderCompilers: Display: Shaders left to compile 29
[2018.09.26-21.38.10:420][  0]LogMaterial: Missing cached shader map for material M_Wood_Walnut, compiling. 
[2018.09.26-21.38.10:436][  0]MapCheck: Warning: M_Wood_Walnut Material /Game/StarterContent/Materials/M_Wood_Walnut.M_Wood_Walnut was missing the usage flag bUsedWithSkeletalMesh. If the material asset is not re-saved, it may not render correctly when run outside the editor. Fix
[2018.09.26-21.38.10:454][  0]LogEditorServer: Finished looking for orphan Actors (0.000 secs)
[2018.09.26-21.38.10:469][  0]LogUObjectGlobals: Destroyed PersistentFrame Addr=0x000001afe418f3d0, Size=40
[2018.09.26-21.38.10:469][  0]LogUObjectGlobals: Destroyed PersistentFrame Addr=0x000001afeab4b580, Size=2112
[2018.09.26-21.38.10:469][  0]LogUObjectGlobals: Destroyed PersistentFrame Addr=0x000001afeabd3820, Size=112
[2018.09.26-21.38.10:469][  0]LogUObjectGlobals: Destroyed PersistentFrame Addr=0x000001afe7e01ea0, Size=88
[2018.09.26-21.38.10:469][  0]LogUObjectGlobals: Destroyed PersistentFrame Addr=0x000001afeab98d60, Size=136
[2018.09.26-21.38.10:469][  0]LogUObjectGlobals: Destroyed PersistentFrame Addr=0x000001afeab83640, Size=64
[2018.09.26-21.38.10:469][  0]LogUObjectGlobals: Destroyed PersistentFrame Addr=0x000001afe7e70e00, Size=536
[2018.09.26-21.38.10:469][  0]LogUObjectGlobals: Destroyed PersistentFrame Addr=0x000001afe7e79430, Size=4
[2018.09.26-21.38.10:469][  0]LogUObjectGlobals: Destroyed PersistentFrame Addr=0x000001afeab69000, Size=720
[2018.09.26-21.38.10:469][  0]LogUObjectGlobals: Destroyed PersistentFrame Addr=0x000001afeab6fb00, Size=160
[2018.09.26-21.38.10:469][  0]LogUObjectGlobals: Destroyed PersistentFrame Addr=0x000001afe7d6fd30, Size=40
[2018.09.26-21.38.10:469][  0]LogUObjectGlobals: Destroyed PersistentFrame Addr=0x000001afeab92d00, Size=128
[2018.09.26-21.38.10:469][  0]LogUObjectGlobals: Destroyed PersistentFrame Addr=0x000001afeab3e080, Size=384
[2018.09.26-21.38.10:469][  0]LogUObjectGlobals: Destroyed PersistentFrame Addr=0x000001afe7d6fc40, Size=40
[2018.09.26-21.38.10:469][  0]LogUObjectGlobals: Destroyed PersistentFrame Addr=0x000001afeabb7700, Size=176
[2018.09.26-21.38.10:469][  0]LogUObjectGlobals: Destroyed PersistentFrame Addr=0x000001afeab96da0, Size=208
[2018.09.26-21.38.10:470][  0]LogUObjectGlobals: Destroyed PersistentFrame Addr=0x000001afe8149e10, Size=48
[2018.09.26-21.38.10:470][  0]LogUObjectGlobals: Destroyed PersistentFrame Addr=0x000001afe7ed8b80, Size=264
[2018.09.26-21.38.10:470][  0]LogUObjectGlobals: Destroyed PersistentFrame Addr=0x000001afe8168e00, Size=536
[2018.09.26-21.38.10:470][  0]LogUObjectGlobals: Destroyed PersistentFrame Addr=0x000001afe8565378, Size=40
[2018.09.26-21.38.10:470][  0]LogUObjectGlobals: Destroyed PersistentFrame Addr=0x000001afe7b519c0, Size=32
[2018.09.26-21.38.10:470][  0]LogUObjectGlobals: Destroyed PersistentFrame Addr=0x000001afe83b4200, Size=128
[2018.09.26-21.38.10:472][  0]Cmd: MAP CHECKDEP NOCLEARLOG
[2018.09.26-21.38.10:780][  0]MapCheck: Map check complete: 0 Error(s), 2 Warning(s), took 307.837ms to complete.
[2018.09.26-21.38.10:793][  0]LogFileHelpers: Loading map 'ThirdPersonExampleMap' took 4.141
[2018.09.26-21.38.10:935][  0]LogCollectionManager: Loaded 0 collections in 0.003284 seconds
[2018.09.26-21.38.10:995][  0]LogFileCache: Scanning file cache for directory 'C:/Users/Max/Documents/GitHub/New3/WrittenInStone123/Saved/Collections/' took 0.01s
[2018.09.26-21.38.10:995][  0]LogFileCache: Scanning file cache for directory 'C:/Users/Max/Documents/GitHub/New3/WrittenInStone123/Content/Developers/MaxMosawi/Collections/' took 0.01s
[2018.09.26-21.38.10:995][  0]LogFileCache: Scanning file cache for directory 'C:/Users/Max/Documents/GitHub/New3/WrittenInStone123/Content/Collections/' took 0.01s
[2018.09.26-21.38.10:995][  0]LogCollectionManager: Rebuilt the GUID cache for 0 collections in 0.000000 seconds
[2018.09.26-21.38.11:007][  0]LogContentBrowser: Native class hierarchy populated in 0.0106 seconds. Added 2452 classes and 558 folders.
[2018.09.26-21.38.11:021][  0]LogContentBrowser: Native class hierarchy updated for 'WidgetCarousel' in 0.0002 seconds. Added 0 classes and 0 folders.
[2018.09.26-21.38.11:638][  0]LogContentBrowser: Native class hierarchy updated for 'AddContentDialog' in 0.0005 seconds. Added 0 classes and 0 folders.
[2018.09.26-21.38.11:762][  0]LogContentBrowser: Native class hierarchy updated for 'SceneOutliner' in 0.0005 seconds. Added 1 classes and 2 folders.
[2018.09.26-21.38.12:059][  0]LogSlate: Took 0.000379 seconds to synchronously load lazily loaded font '../../../Engine/Content/Slate/Fonts/Roboto-Regular.ttf' (155K)
[2018.09.26-21.38.12:070][  0]LogSlate: Took 0.007597 seconds to synchronously load lazily loaded font '../../../Engine/Content/Editor/Slate/Fonts/FontAwesome.ttf' (139K)
[2018.09.26-21.38.12:071][  0]LogSlate: Took 0.000348 seconds to synchronously load lazily loaded font '../../../Engine/Content/Slate/Fonts/Roboto-Bold.ttf' (160K)
[2018.09.26-21.38.12:268][  0]LogRenderer: Reallocating scene render targets to support 256x256 Format 10 NumSamples 1 (Frame:1).
[2018.09.26-21.38.12:326][  0]LogRenderer: Reallocating scene render targets to support 988x708 Format 9 NumSamples 1 (Frame:1).
[2018.09.26-21.38.12:891][  0]LogContentBrowser: Native class hierarchy updated for 'HierarchicalLODOutliner' in 0.0005 seconds. Added 0 classes and 0 folders.
[2018.09.26-21.38.12:891][  0]LogLoad: (Engine Initialization) Total time: 20.19 seconds
[2018.09.26-21.38.12:891][  0]LogLoad: (Engine Initialization) Total Blueprint compile time: 0.00 seconds
[2018.09.26-21.38.12:902][  0]LogWindowsTextInputMethodSystem: Display: IME system now deactivated.
[2018.09.26-21.38.12:937][  0]LogContentStreaming: Texture pool size now 800 MB
[2018.09.26-21.38.13:231][  4]LogAssetRegistry: Asset discovery search completed in 13.9371 seconds
[2018.09.26-21.38.13:241][  4]LogCollectionManager: Rebuilt the object cache for 0 collections in 0.000001 seconds (found 0 objects)
[2018.09.26-21.38.13:241][  4]LogCollectionManager: Fixed up redirectors for 0 collections in 0.000107 seconds (updated 0 objects)
[2018.09.26-21.38.14:882][ 32]LogD3D11RHI: Error: Result failed 
 at D:\Build\++UE4+Release-4.19+Compile\Sync\Engine\Source\Runtime\Windows\D3D11RHI\Private\D3D11Query.cpp:140 
 with error DXGI_ERROR_DEVICE_REMOVED DXGI_ERROR_DEVICE_HUNG
[2018.09.26-21.38.14:882][ 32]LogRHI: Error: [Aftermath] Status: PageFault
[2018.09.26-21.38.14:882][ 32]LogRHI: Error: [Aftermath] GPU Stack Dump
[2018.09.26-21.38.14:882][ 32]LogRHI: Error: [Aftermath] 0: FRAME
[2018.09.26-21.38.14:882][ 32]LogRHI: Error: [Aftermath] 1: SlateUI
[2018.09.26-21.38.14:882][ 32]LogRHI: Error: [Aftermath] GPU Stack Dump
[2018.09.26-21.38.14:882][ 32]LogWindows: Windows GetLastError: The operation completed successfully. (0)
[2018.09.26-21.38.14:882][ 32]LogShaderCompilers: Display: Shaders left to compile 88
[2018.09.26-21.38.18:120][ 32]LogShaderCompilers: Display: Shaders left to compile 78
[2018.09.26-21.38.18:120][ 32]LogShaderCompilers: Display: Shaders left to compile 68
[2018.09.26-21.38.18:120][ 32]LogShaderCompilers: Display: Shaders left to compile 58
[2018.09.26-21.38.18:120][ 32]LogShaderCompilers: Display: Shaders left to compile 48
[2018.09.26-21.38.18:120][ 32]LogWindows: Windows GetLastError: The operation completed successfully. (0)
[2018.09.26-21.38.18:121][ 32]LogWindows: Error: === Critical error: ===
[2018.09.26-21.38.18:121][ 32]LogWindows: Error: 
[2018.09.26-21.38.18:121][ 32]LogWindows: Error: Fatal error: [File:D:\Build\++UE4+Release-4.19+Compile\Sync\Engine\Source\Runtime\RenderCore\Private\RenderingThread.cpp] [Line: 819] 
[2018.09.26-21.38.18:121][ 32]LogWindows: Error: Rendering thread exception:
[2018.09.26-21.38.18:122][ 32]LogWindows: Error: Fatal error: [File:D:\Build\++UE4+Release-4.19+Compile\Sync\Engine\Source\Runtime\Windows\D3D11RHI\Private\D3D11Util.cpp] [Line: 182] 
[2018.09.26-21.38.18:122][ 32]LogWindows: Error: Unreal Engine is exiting due to D3D device being lost. (Error: 0x887A0006 - 'HUNG')
[2018.09.26-21.38.18:122][ 32]LogWindows: Error: 
[2018.09.26-21.38.18:122][ 32]LogWindows: Error: 
[2018.09.26-21.38.18:122][ 32]LogWindows: Error: [Callstack] 0x000000003C5AA388 KERNELBASE.dll!UnknownFunction []
[2018.09.26-21.38.18:122][ 32]LogWindows: Error: [Callstack] 0x00000000186B7884 UE4Editor-ApplicationCore.dll!UnknownFunction []
[2018.09.26-21.38.18:122][ 32]LogWindows: Error: [Callstack] 0x00000000F6B76D9B UE4Editor-Core.dll!UnknownFunction []
[2018.09.26-21.38.18:122][ 32]LogWindows: Error: [Callstack] 0x00000000F6AB1949 UE4Editor-Core.dll!UnknownFunction []
[2018.09.26-21.38.18:122][ 32]LogWindows: Error: [Callstack] 0x00000000FBC0A0CF UE4Editor-D3D11RHI.dll!UnknownFunction []
[2018.09.26-21.38.18:122][ 32]LogWindows: Error: [Callstack] 0x00000000FBC0E5E0 UE4Editor-D3D11RHI.dll!UnknownFunction []
[2018.09.26-21.38.18:122][ 32]LogWindows: Error: [Callstack] 0x00000000FBBE593D UE4Editor-D3D11RHI.dll!UnknownFunction []
[2018.09.26-21.38.18:122][ 32]LogWindows: Error: [Callstack] 0x00000000FBBFAC98 UE4Editor-D3D11RHI.dll!UnknownFunction []
[2018.09.26-21.38.18:122][ 32]LogWindows: Error: [Callstack] 0x0000000017A1F0B6 UE4Editor-RHI.dll!UnknownFunction []
[2018.09.26-21.38.18:122][ 32]LogWindows: Error: [Callstack] 0x00000000F8251FF8 UE4Editor-SlateRHIRenderer.dll!UnknownFunction []
[2018.09.26-21.38.18:122][ 32]LogWindows: Error: [Callstack] 0x00000000F8257C4C UE4Editor-SlateRHIRenderer.dll!UnknownFunction []
[2018.09.26-21.38.18:122][ 32]LogWindows: Error: [Callstack] 0x00000000F698B713 UE4Editor-Core.dll!UnknownFunction []
[2018.09.26-21.38.18:122][ 32]LogWindows: Error: [Callstack] 0x00000000F698BD3A UE4Editor-Core.dll!UnknownFunction []
[2018.09.26-21.38.18:122][ 32]LogWindows: Error: [Callstack] 0x0000000018963CC9 UE4Editor-RenderCore.dll!UnknownFunction []
[2018.09.26-21.38.18:122][ 32]LogWindows: Error: [Callstack] 0x0000000018964CF6 UE4Editor-RenderCore.dll!UnknownFunction []
[2018.09.26-21.38.18:122][ 32]LogWindows: Error: [Callstack] 0x00000000F6D59FFC UE4Editor-Core.dll!UnknownFunction []
[2018.09.26-21.38.18:122][ 32]LogWindows: Error: [Callstack] 0x00000000F6D4ED63 UE4Editor-Core.dll!UnknownFunction []
[2018.09.26-21.38.18:122][ 32]LogWindows: Error: [Callstack] 0x000000003E923034 KERNEL32.DLL!UnknownFunction []
[2018.09.26-21.38.18:122][ 32]LogWindows: Error: [Callstack] 0x000000003F3D1461 ntdll.dll!UnknownFunction []
[2018.09.26-21.38.18:122][ 32]LogWindows: Error: [Callstack] 0x000000003F3D1461 ntdll.dll!UnknownFunction []
[2018.09.26-21.38.18:122][ 32]LogWindows: Error: 
[2018.09.26-21.38.18:122][ 32]LogWindows: Error: 
[2018.09.26-21.38.18:122][ 32]LogWindows: Error: 
[2018.09.26-21.38.18:122][ 32]LogWindows: Error: 
[2018.09.26-21.38.18:140][ 32]LogExit: Executing StaticShutdownAfterError
[2018.09.26-21.38.18:147][ 32]LogWindows: FPlatformMisc::RequestExit(1)
[2018.09.26-21.38.18:148][ 32]Log file closed, 09/26/18 14:38:18
